{"/Users/jigneshdhamecha/work/PROD_APPS/devtools_hub/src/App.tsx": {"path":"/Users/jigneshdhamecha/work/PROD_APPS/devtools_hub/src/App.tsx","statementMap":{"0":{"start":{"line":19,"column":2},"end":{"line":25,"column":null}},"1":{"start":{"line":30,"column":8},"end":{"line":30,"column":null}},"2":{"start":{"line":32,"column":2},"end":{"line":57,"column":null}},"3":{"start":{"line":41,"column":30},"end":{"line":41,"column":null}},"4":{"start":{"line":42,"column":12},"end":{"line":42,"column":null}},"5":{"start":{"line":62,"column":24},"end":{"line":62,"column":null}},"6":{"start":{"line":64,"column":2},"end":{"line":77,"column":null}},"7":{"start":{"line":82,"column":2},"end":{"line":85,"column":null}}},"fnMap":{"0":{"name":"LoadingFallback","decl":{"start":{"line":18,"column":9},"end":{"line":18,"column":27}},"loc":{"start":{"line":18,"column":27},"end":{"line":27,"column":null}},"line":18},"1":{"name":"AppRoutes","decl":{"start":{"line":29,"column":9},"end":{"line":29,"column":21}},"loc":{"start":{"line":29,"column":21},"end":{"line":59,"column":null}},"line":29},"2":{"name":"(anonymous_2)","decl":{"start":{"line":40,"column":21},"end":{"line":40,"column":22}},"loc":{"start":{"line":40,"column":31},"end":{"line":43,"column":11}},"line":40},"3":{"name":"AppContent","decl":{"start":{"line":61,"column":9},"end":{"line":61,"column":22}},"loc":{"start":{"line":61,"column":22},"end":{"line":79,"column":null}},"line":61},"4":{"name":"App","decl":{"start":{"line":81,"column":9},"end":{"line":81,"column":15}},"loc":{"start":{"line":81,"column":15},"end":{"line":87,"column":null}},"line":81}},"branchMap":{},"s":{"0":0,"1":0,"2":0,"3":0,"4":0,"5":0,"6":0,"7":0},"f":{"0":0,"1":0,"2":0,"3":0,"4":0},"b":{},"meta":{"lastBranch":0,"lastFunction":5,"lastStatement":8,"seen":{"f:18:9:18:27":0,"s:19:2:25:Infinity":0,"f:29:9:29:21":1,"s:30:8:30:Infinity":1,"s:32:2:57:Infinity":2,"f:40:21:40:22":2,"s:41:30:41:Infinity":3,"s:42:12:42:Infinity":4,"f:61:9:61:22":3,"s:62:24:62:Infinity":5,"s:64:2:77:Infinity":6,"f:81:9:81:15":4,"s:82:2:85:Infinity":7}}}
,"/Users/jigneshdhamecha/work/PROD_APPS/devtools_hub/src/components/layout/Footer.tsx": {"path":"/Users/jigneshdhamecha/work/PROD_APPS/devtools_hub/src/components/layout/Footer.tsx","statementMap":{"0":{"start":{"line":4,"column":2},"end":{"line":28,"column":null}}},"fnMap":{"0":{"name":"Footer","decl":{"start":{"line":3,"column":16},"end":{"line":3,"column":25}},"loc":{"start":{"line":3,"column":25},"end":{"line":30,"column":null}},"line":3}},"branchMap":{},"s":{"0":0},"f":{"0":0},"b":{},"meta":{"lastBranch":0,"lastFunction":1,"lastStatement":1,"seen":{"f:3:16:3:25":0,"s:4:2:28:Infinity":0}}}
,"/Users/jigneshdhamecha/work/PROD_APPS/devtools_hub/src/components/layout/Header.tsx": {"path":"/Users/jigneshdhamecha/work/PROD_APPS/devtools_hub/src/components/layout/Header.tsx","statementMap":{"0":{"start":{"line":15,"column":52},"end":{"line":15,"column":null}},"1":{"start":{"line":16,"column":26},"end":{"line":16,"column":null}},"2":{"start":{"line":17,"column":40},"end":{"line":17,"column":null}},"3":{"start":{"line":18,"column":8},"end":{"line":18,"column":null}},"4":{"start":{"line":19,"column":17},"end":{"line":19,"column":null}},"5":{"start":{"line":22,"column":2},"end":{"line":25,"column":null}},"6":{"start":{"line":24,"column":10},"end":{"line":24,"column":null}},"7":{"start":{"line":27,"column":21},"end":{"line":31,"column":null}},"8":{"start":{"line":28,"column":4},"end":{"line":30,"column":null}},"9":{"start":{"line":28,"column":27},"end":{"line":28,"column":null}},"10":{"start":{"line":28,"column":42},"end":{"line":30,"column":null}},"11":{"start":{"line":29,"column":31},"end":{"line":29,"column":null}},"12":{"start":{"line":30,"column":9},"end":{"line":30,"column":null}},"13":{"start":{"line":33,"column":20},"end":{"line":33,"column":null}},"14":{"start":{"line":35,"column":2},"end":{"line":120,"column":null}},"15":{"start":{"line":60,"column":29},"end":{"line":60,"column":null}},"16":{"start":{"line":111,"column":29},"end":{"line":111,"column":null}},"17":{"start":{"line":119,"column":60},"end":{"line":119,"column":85}}},"fnMap":{"0":{"name":"Header","decl":{"start":{"line":14,"column":16},"end":{"line":14,"column":25}},"loc":{"start":{"line":14,"column":25},"end":{"line":122,"column":null}},"line":14},"1":{"name":"(anonymous_1)","decl":{"start":{"line":24,"column":4},"end":{"line":24,"column":10}},"loc":{"start":{"line":24,"column":10},"end":{"line":24,"column":null}},"line":24},"2":{"name":"(anonymous_2)","decl":{"start":{"line":27,"column":21},"end":{"line":27,"column":27}},"loc":{"start":{"line":27,"column":27},"end":{"line":31,"column":null}},"line":27},"3":{"name":"(anonymous_3)","decl":{"start":{"line":60,"column":23},"end":{"line":60,"column":29}},"loc":{"start":{"line":60,"column":29},"end":{"line":60,"column":null}},"line":60},"4":{"name":"(anonymous_4)","decl":{"start":{"line":111,"column":23},"end":{"line":111,"column":29}},"loc":{"start":{"line":111,"column":29},"end":{"line":111,"column":null}},"line":111},"5":{"name":"(anonymous_5)","decl":{"start":{"line":119,"column":54},"end":{"line":119,"column":60}},"loc":{"start":{"line":119,"column":60},"end":{"line":119,"column":85}},"line":119}},"branchMap":{"0":{"loc":{"start":{"line":28,"column":4},"end":{"line":30,"column":null}},"type":"if","locations":[{"start":{"line":28,"column":4},"end":{"line":30,"column":null}},{"start":{"line":28,"column":42},"end":{"line":30,"column":null}}],"line":28},"1":{"loc":{"start":{"line":28,"column":42},"end":{"line":30,"column":null}},"type":"if","locations":[{"start":{"line":28,"column":42},"end":{"line":30,"column":null}},{"start":{"line":30,"column":9},"end":{"line":30,"column":null}}],"line":28},"2":{"loc":{"start":{"line":33,"column":20},"end":{"line":33,"column":null}},"type":"cond-expr","locations":[{"start":{"line":33,"column":40},"end":{"line":33,"column":46}},{"start":{"line":33,"column":46},"end":{"line":33,"column":null}}],"line":33},"3":{"loc":{"start":{"line":33,"column":46},"end":{"line":33,"column":null}},"type":"cond-expr","locations":[{"start":{"line":33,"column":65},"end":{"line":33,"column":72}},{"start":{"line":33,"column":72},"end":{"line":33,"column":null}}],"line":33},"4":{"loc":{"start":{"line":73,"column":13},"end":{"line":78,"column":null}},"type":"binary-expr","locations":[{"start":{"line":73,"column":13},"end":{"line":73,"column":null}},{"start":{"line":74,"column":14},"end":{"line":78,"column":null}}],"line":73},"5":{"loc":{"start":{"line":81,"column":13},"end":{"line":91,"column":null}},"type":"binary-expr","locations":[{"start":{"line":81,"column":13},"end":{"line":81,"column":null}},{"start":{"line":82,"column":14},"end":{"line":91,"column":null}}],"line":81},"6":{"loc":{"start":{"line":85,"column":19},"end":{"line":88,"column":null}},"type":"binary-expr","locations":[{"start":{"line":85,"column":19},"end":{"line":85,"column":null}},{"start":{"line":86,"column":20},"end":{"line":88,"column":null}}],"line":85},"7":{"loc":{"start":{"line":94,"column":13},"end":{"line":99,"column":null}},"type":"binary-expr","locations":[{"start":{"line":94,"column":13},"end":{"line":94,"column":null}},{"start":{"line":95,"column":14},"end":{"line":99,"column":null}}],"line":94}},"s":{"0":0,"1":0,"2":0,"3":0,"4":0,"5":0,"6":0,"7":0,"8":0,"9":0,"10":0,"11":0,"12":0,"13":0,"14":0,"15":0,"16":0,"17":0},"f":{"0":0,"1":0,"2":0,"3":0,"4":0,"5":0},"b":{"0":[0,0],"1":[0,0],"2":[0,0],"3":[0,0],"4":[0,0],"5":[0,0],"6":[0,0],"7":[0,0]},"meta":{"lastBranch":8,"lastFunction":6,"lastStatement":18,"seen":{"f:14:16:14:25":0,"s:15:52:15:Infinity":0,"s:16:26:16:Infinity":1,"s:17:40:17:Infinity":2,"s:18:8:18:Infinity":3,"s:19:17:19:Infinity":4,"s:22:2:25:Infinity":5,"f:24:4:24:10":1,"s:24:10:24:Infinity":6,"s:27:21:31:Infinity":7,"f:27:21:27:27":2,"b:28:4:30:Infinity:28:42:30:Infinity":0,"s:28:4:30:Infinity":8,"s:28:27:28:Infinity":9,"b:28:42:30:Infinity:30:9:30:Infinity":1,"s:28:42:30:Infinity":10,"s:29:31:29:Infinity":11,"s:30:9:30:Infinity":12,"s:33:20:33:Infinity":13,"b:33:40:33:46:33:46:33:Infinity":2,"b:33:65:33:72:33:72:33:Infinity":3,"s:35:2:120:Infinity":14,"f:60:23:60:29":3,"s:60:29:60:Infinity":15,"b:73:13:73:Infinity:74:14:78:Infinity":4,"b:81:13:81:Infinity:82:14:91:Infinity":5,"b:85:19:85:Infinity:86:20:88:Infinity":6,"b:94:13:94:Infinity:95:14:99:Infinity":7,"f:111:23:111:29":4,"s:111:29:111:Infinity":16,"f:119:54:119:60":5,"s:119:60:119:85":17}}}
,"/Users/jigneshdhamecha/work/PROD_APPS/devtools_hub/src/components/layout/Layout.tsx": {"path":"/Users/jigneshdhamecha/work/PROD_APPS/devtools_hub/src/components/layout/Layout.tsx","statementMap":{"0":{"start":{"line":12,"column":2},"end":{"line":24,"column":null}}},"fnMap":{"0":{"name":"Layout","decl":{"start":{"line":10,"column":16},"end":{"line":10,"column":23}},"loc":{"start":{"line":10,"column":50},"end":{"line":26,"column":null}},"line":10}},"branchMap":{},"s":{"0":0},"f":{"0":0},"b":{},"meta":{"lastBranch":0,"lastFunction":1,"lastStatement":1,"seen":{"f:10:16:10:23":0,"s:12:2:24:Infinity":0}}}
,"/Users/jigneshdhamecha/work/PROD_APPS/devtools_hub/src/components/layout/Sidebar.tsx": {"path":"/Users/jigneshdhamecha/work/PROD_APPS/devtools_hub/src/components/layout/Sidebar.tsx","statementMap":{"0":{"start":{"line":11,"column":8},"end":{"line":11,"column":null}},"1":{"start":{"line":12,"column":65},"end":{"line":12,"column":null}},"2":{"start":{"line":13,"column":50},"end":{"line":15,"column":null}},"3":{"start":{"line":16,"column":38},"end":{"line":16,"column":null}},"4":{"start":{"line":17,"column":34},"end":{"line":17,"column":null}},"5":{"start":{"line":18,"column":36},"end":{"line":18,"column":null}},"6":{"start":{"line":19,"column":8},"end":{"line":19,"column":null}},"7":{"start":{"line":21,"column":31},"end":{"line":25,"column":null}},"8":{"start":{"line":22,"column":4},"end":{"line":24,"column":null}},"9":{"start":{"line":23,"column":6},"end":{"line":23,"column":null}},"10":{"start":{"line":27,"column":26},"end":{"line":27,"column":null}},"11":{"start":{"line":27,"column":49},"end":{"line":27,"column":78}},"12":{"start":{"line":28,"column":28},"end":{"line":28,"column":null}},"13":{"start":{"line":28,"column":51},"end":{"line":28,"column":82}},"14":{"start":{"line":30,"column":25},"end":{"line":40,"column":null}},"15":{"start":{"line":31,"column":4},"end":{"line":39,"column":null}},"16":{"start":{"line":32,"column":19},"end":{"line":32,"column":null}},"17":{"start":{"line":33,"column":6},"end":{"line":37,"column":null}},"18":{"start":{"line":34,"column":8},"end":{"line":34,"column":null}},"19":{"start":{"line":36,"column":8},"end":{"line":36,"column":null}},"20":{"start":{"line":38,"column":6},"end":{"line":38,"column":null}},"21":{"start":{"line":42,"column":27},"end":{"line":44,"column":null}},"22":{"start":{"line":43,"column":4},"end":{"line":43,"column":null}},"23":{"start":{"line":43,"column":34},"end":{"line":43,"column":62}},"24":{"start":{"line":46,"column":26},"end":{"line":49,"column":null}},"25":{"start":{"line":47,"column":4},"end":{"line":47,"column":null}},"26":{"start":{"line":48,"column":4},"end":{"line":48,"column":null}},"27":{"start":{"line":51,"column":2},"end":{"line":77,"column":null}},"28":{"start":{"line":52,"column":28},"end":{"line":58,"column":null}},"29":{"start":{"line":53,"column":6},"end":{"line":53,"column":null}},"30":{"start":{"line":53,"column":23},"end":{"line":53,"column":null}},"31":{"start":{"line":54,"column":23},"end":{"line":54,"column":null}},"32":{"start":{"line":55,"column":6},"end":{"line":57,"column":null}},"33":{"start":{"line":56,"column":8},"end":{"line":56,"column":null}},"34":{"start":{"line":60,"column":26},"end":{"line":62,"column":null}},"35":{"start":{"line":61,"column":6},"end":{"line":61,"column":null}},"36":{"start":{"line":64,"column":4},"end":{"line":69,"column":null}},"37":{"start":{"line":65,"column":6},"end":{"line":65,"column":null}},"38":{"start":{"line":66,"column":6},"end":{"line":66,"column":null}},"39":{"start":{"line":67,"column":6},"end":{"line":67,"column":null}},"40":{"start":{"line":68,"column":6},"end":{"line":68,"column":null}},"41":{"start":{"line":71,"column":4},"end":{"line":76,"column":null}},"42":{"start":{"line":72,"column":6},"end":{"line":72,"column":null}},"43":{"start":{"line":73,"column":6},"end":{"line":73,"column":null}},"44":{"start":{"line":74,"column":6},"end":{"line":74,"column":null}},"45":{"start":{"line":75,"column":6},"end":{"line":75,"column":null}},"46":{"start":{"line":79,"column":25},"end":{"line":79,"column":null}},"47":{"start":{"line":81,"column":2},"end":{"line":367,"column":null}},"48":{"start":{"line":133,"column":33},"end":{"line":133,"column":null}},"49":{"start":{"line":147,"column":35},"end":{"line":147,"column":null}},"50":{"start":{"line":164,"column":37},"end":{"line":164,"column":null}},"51":{"start":{"line":165,"column":24},"end":{"line":177,"column":null}},"52":{"start":{"line":169,"column":43},"end":{"line":169,"column":null}},"53":{"start":{"line":189,"column":35},"end":{"line":189,"column":null}},"54":{"start":{"line":206,"column":37},"end":{"line":206,"column":null}},"55":{"start":{"line":207,"column":24},"end":{"line":219,"column":null}},"56":{"start":{"line":211,"column":43},"end":{"line":211,"column":null}},"57":{"start":{"line":236,"column":33},"end":{"line":236,"column":null}},"58":{"start":{"line":237,"column":42},"end":{"line":237,"column":null}},"59":{"start":{"line":238,"column":39},"end":{"line":238,"column":null}},"60":{"start":{"line":240,"column":20},"end":{"line":293,"column":null}},"61":{"start":{"line":244,"column":43},"end":{"line":244,"column":null}},"62":{"start":{"line":255,"column":43},"end":{"line":255,"column":null}},"63":{"start":{"line":274,"column":47},"end":{"line":274,"column":null}},"64":{"start":{"line":275,"column":30},"end":{"line":288,"column":null}},"65":{"start":{"line":279,"column":49},"end":{"line":279,"column":null}},"66":{"start":{"line":331,"column":31},"end":{"line":331,"column":null}},"67":{"start":{"line":332,"column":18},"end":{"line":343,"column":null}}},"fnMap":{"0":{"name":"Sidebar","decl":{"start":{"line":10,"column":16},"end":{"line":10,"column":26}},"loc":{"start":{"line":10,"column":26},"end":{"line":369,"column":null}},"line":10},"1":{"name":"(anonymous_1)","decl":{"start":{"line":21,"column":31},"end":{"line":21,"column":37}},"loc":{"start":{"line":21,"column":37},"end":{"line":25,"column":null}},"line":21},"2":{"name":"(anonymous_2)","decl":{"start":{"line":27,"column":39},"end":{"line":27,"column":40}},"loc":{"start":{"line":27,"column":49},"end":{"line":27,"column":78}},"line":27},"3":{"name":"(anonymous_3)","decl":{"start":{"line":28,"column":41},"end":{"line":28,"column":42}},"loc":{"start":{"line":28,"column":51},"end":{"line":28,"column":82}},"line":28},"4":{"name":"(anonymous_4)","decl":{"start":{"line":30,"column":25},"end":{"line":30,"column":26}},"loc":{"start":{"line":30,"column":49},"end":{"line":40,"column":null}},"line":30},"5":{"name":"(anonymous_5)","decl":{"start":{"line":31,"column":26},"end":{"line":31,"column":27}},"loc":{"start":{"line":31,"column":36},"end":{"line":39,"column":5}},"line":31},"6":{"name":"(anonymous_6)","decl":{"start":{"line":42,"column":27},"end":{"line":42,"column":28}},"loc":{"start":{"line":42,"column":57},"end":{"line":44,"column":null}},"line":42},"7":{"name":"(anonymous_7)","decl":{"start":{"line":43,"column":24},"end":{"line":43,"column":25}},"loc":{"start":{"line":43,"column":34},"end":{"line":43,"column":62}},"line":43},"8":{"name":"(anonymous_8)","decl":{"start":{"line":46,"column":26},"end":{"line":46,"column":27}},"loc":{"start":{"line":46,"column":51},"end":{"line":49,"column":null}},"line":46},"9":{"name":"(anonymous_9)","decl":{"start":{"line":51,"column":12},"end":{"line":51,"column":18}},"loc":{"start":{"line":51,"column":18},"end":{"line":77,"column":5}},"line":51},"10":{"name":"(anonymous_10)","decl":{"start":{"line":52,"column":28},"end":{"line":52,"column":29}},"loc":{"start":{"line":52,"column":47},"end":{"line":58,"column":null}},"line":52},"11":{"name":"(anonymous_11)","decl":{"start":{"line":60,"column":26},"end":{"line":60,"column":32}},"loc":{"start":{"line":60,"column":32},"end":{"line":62,"column":null}},"line":60},"12":{"name":"(anonymous_12)","decl":{"start":{"line":71,"column":11},"end":{"line":71,"column":17}},"loc":{"start":{"line":71,"column":17},"end":{"line":76,"column":null}},"line":71},"13":{"name":"(anonymous_13)","decl":{"start":{"line":133,"column":27},"end":{"line":133,"column":33}},"loc":{"start":{"line":133,"column":33},"end":{"line":133,"column":null}},"line":133},"14":{"name":"(anonymous_14)","decl":{"start":{"line":147,"column":29},"end":{"line":147,"column":35}},"loc":{"start":{"line":147,"column":35},"end":{"line":147,"column":null}},"line":147},"15":{"name":"(anonymous_15)","decl":{"start":{"line":163,"column":45},"end":{"line":163,"column":46}},"loc":{"start":{"line":163,"column":55},"end":{"line":179,"column":23}},"line":163},"16":{"name":"(anonymous_16)","decl":{"start":{"line":169,"column":37},"end":{"line":169,"column":43}},"loc":{"start":{"line":169,"column":43},"end":{"line":169,"column":null}},"line":169},"17":{"name":"(anonymous_17)","decl":{"start":{"line":189,"column":29},"end":{"line":189,"column":35}},"loc":{"start":{"line":189,"column":35},"end":{"line":189,"column":null}},"line":189},"18":{"name":"(anonymous_18)","decl":{"start":{"line":205,"column":56},"end":{"line":205,"column":57}},"loc":{"start":{"line":205,"column":66},"end":{"line":221,"column":23}},"line":205},"19":{"name":"(anonymous_19)","decl":{"start":{"line":211,"column":37},"end":{"line":211,"column":43}},"loc":{"start":{"line":211,"column":43},"end":{"line":211,"column":null}},"line":211},"20":{"name":"(anonymous_20)","decl":{"start":{"line":235,"column":34},"end":{"line":235,"column":35}},"loc":{"start":{"line":235,"column":48},"end":{"line":295,"column":19}},"line":235},"21":{"name":"(anonymous_21)","decl":{"start":{"line":244,"column":37},"end":{"line":244,"column":43}},"loc":{"start":{"line":244,"column":43},"end":{"line":244,"column":null}},"line":244},"22":{"name":"(anonymous_22)","decl":{"start":{"line":255,"column":37},"end":{"line":255,"column":43}},"loc":{"start":{"line":255,"column":43},"end":{"line":255,"column":null}},"line":255},"23":{"name":"(anonymous_23)","decl":{"start":{"line":273,"column":47},"end":{"line":273,"column":48}},"loc":{"start":{"line":273,"column":57},"end":{"line":290,"column":29}},"line":273},"24":{"name":"(anonymous_24)","decl":{"start":{"line":279,"column":43},"end":{"line":279,"column":49}},"loc":{"start":{"line":279,"column":49},"end":{"line":279,"column":null}},"line":279},"25":{"name":"(anonymous_25)","decl":{"start":{"line":330,"column":32},"end":{"line":330,"column":33}},"loc":{"start":{"line":330,"column":46},"end":{"line":345,"column":17}},"line":330}},"branchMap":{"0":{"loc":{"start":{"line":22,"column":4},"end":{"line":24,"column":null}},"type":"if","locations":[{"start":{"line":22,"column":4},"end":{"line":24,"column":null}},{"start":{},"end":{}}],"line":22},"1":{"loc":{"start":{"line":33,"column":6},"end":{"line":37,"column":null}},"type":"if","locations":[{"start":{"line":33,"column":6},"end":{"line":37,"column":null}},{"start":{"line":35,"column":13},"end":{"line":37,"column":null}}],"line":33},"2":{"loc":{"start":{"line":53,"column":6},"end":{"line":53,"column":null}},"type":"if","locations":[{"start":{"line":53,"column":6},"end":{"line":53,"column":null}},{"start":{},"end":{}}],"line":53},"3":{"loc":{"start":{"line":55,"column":6},"end":{"line":57,"column":null}},"type":"if","locations":[{"start":{"line":55,"column":6},"end":{"line":57,"column":null}},{"start":{},"end":{}}],"line":55},"4":{"loc":{"start":{"line":55,"column":10},"end":{"line":55,"column":46}},"type":"binary-expr","locations":[{"start":{"line":55,"column":10},"end":{"line":55,"column":29}},{"start":{"line":55,"column":29},"end":{"line":55,"column":46}}],"line":55},"5":{"loc":{"start":{"line":64,"column":4},"end":{"line":69,"column":null}},"type":"if","locations":[{"start":{"line":64,"column":4},"end":{"line":69,"column":null}},{"start":{},"end":{}}],"line":64},"6":{"loc":{"start":{"line":79,"column":25},"end":{"line":79,"column":null}},"type":"cond-expr","locations":[{"start":{"line":79,"column":39},"end":{"line":79,"column":44}},{"start":{"line":79,"column":44},"end":{"line":79,"column":null}}],"line":79},"7":{"loc":{"start":{"line":84,"column":7},"end":{"line":88,"column":null}},"type":"binary-expr","locations":[{"start":{"line":84,"column":7},"end":{"line":84,"column":null}},{"start":{"line":85,"column":8},"end":{"line":88,"column":null}}],"line":84},"8":{"loc":{"start":{"line":96,"column":10},"end":{"line":96,"column":null}},"type":"cond-expr","locations":[{"start":{"line":96,"column":24},"end":{"line":96,"column":42}},{"start":{"line":96,"column":42},"end":{"line":96,"column":null}}],"line":96},"9":{"loc":{"start":{"line":98,"column":24},"end":{"line":98,"column":84}},"type":"cond-expr","locations":[{"start":{"line":98,"column":52},"end":{"line":98,"column":76}},{"start":{"line":98,"column":76},"end":{"line":98,"column":84}}],"line":98},"10":{"loc":{"start":{"line":111,"column":13},"end":{"line":111,"column":null}},"type":"binary-expr","locations":[{"start":{"line":111,"column":13},"end":{"line":111,"column":29}},{"start":{"line":111,"column":29},"end":{"line":111,"column":null}}],"line":111},"11":{"loc":{"start":{"line":117,"column":21},"end":{"line":117,"column":null}},"type":"cond-expr","locations":[{"start":{"line":117,"column":35},"end":{"line":117,"column":54}},{"start":{"line":117,"column":54},"end":{"line":117,"column":null}}],"line":117},"12":{"loc":{"start":{"line":119,"column":15},"end":{"line":122,"column":null}},"type":"cond-expr","locations":[{"start":{"line":120,"column":16},"end":{"line":120,"column":null}},{"start":{"line":122,"column":16},"end":{"line":122,"column":null}}],"line":119},"13":{"loc":{"start":{"line":128,"column":13},"end":{"line":346,"column":null}},"type":"cond-expr","locations":[{"start":{"line":129,"column":14},"end":{"line":298,"column":null}},{"start":{"line":301,"column":14},"end":{"line":346,"column":null}}],"line":128},"14":{"loc":{"start":{"line":133,"column":33},"end":{"line":133,"column":null}},"type":"binary-expr","locations":[{"start":{"line":133,"column":33},"end":{"line":133,"column":61}},{"start":{"line":133,"column":61},"end":{"line":133,"column":null}}],"line":133},"15":{"loc":{"start":{"line":136,"column":20},"end":{"line":136,"column":null}},"type":"binary-expr","locations":[{"start":{"line":136,"column":20},"end":{"line":136,"column":49}},{"start":{"line":136,"column":49},"end":{"line":136,"column":null}}],"line":136},"16":{"loc":{"start":{"line":144,"column":15},"end":{"line":182,"column":null}},"type":"binary-expr","locations":[{"start":{"line":144,"column":15},"end":{"line":144,"column":null}},{"start":{"line":145,"column":16},"end":{"line":182,"column":null}}],"line":144},"17":{"loc":{"start":{"line":150,"column":21},"end":{"line":153,"column":null}},"type":"cond-expr","locations":[{"start":{"line":151,"column":22},"end":{"line":151,"column":null}},{"start":{"line":153,"column":22},"end":{"line":153,"column":null}}],"line":150},"18":{"loc":{"start":{"line":161,"column":19},"end":{"line":180,"column":null}},"type":"binary-expr","locations":[{"start":{"line":161,"column":19},"end":{"line":161,"column":null}},{"start":{"line":162,"column":20},"end":{"line":180,"column":null}}],"line":161},"19":{"loc":{"start":{"line":169,"column":43},"end":{"line":169,"column":null}},"type":"binary-expr","locations":[{"start":{"line":169,"column":43},"end":{"line":169,"column":71}},{"start":{"line":169,"column":71},"end":{"line":169,"column":null}}],"line":169},"20":{"loc":{"start":{"line":172,"column":30},"end":{"line":172,"column":null}},"type":"binary-expr","locations":[{"start":{"line":172,"column":30},"end":{"line":172,"column":65}},{"start":{"line":172,"column":65},"end":{"line":172,"column":null}}],"line":172},"21":{"loc":{"start":{"line":186,"column":15},"end":{"line":224,"column":null}},"type":"binary-expr","locations":[{"start":{"line":186,"column":15},"end":{"line":186,"column":null}},{"start":{"line":187,"column":16},"end":{"line":224,"column":null}}],"line":186},"22":{"loc":{"start":{"line":192,"column":21},"end":{"line":195,"column":null}},"type":"cond-expr","locations":[{"start":{"line":193,"column":22},"end":{"line":193,"column":null}},{"start":{"line":195,"column":22},"end":{"line":195,"column":null}}],"line":192},"23":{"loc":{"start":{"line":203,"column":19},"end":{"line":222,"column":null}},"type":"binary-expr","locations":[{"start":{"line":203,"column":19},"end":{"line":203,"column":null}},{"start":{"line":204,"column":20},"end":{"line":222,"column":null}}],"line":203},"24":{"loc":{"start":{"line":211,"column":43},"end":{"line":211,"column":null}},"type":"binary-expr","locations":[{"start":{"line":211,"column":43},"end":{"line":211,"column":71}},{"start":{"line":211,"column":71},"end":{"line":211,"column":null}}],"line":211},"25":{"loc":{"start":{"line":214,"column":30},"end":{"line":214,"column":null}},"type":"binary-expr","locations":[{"start":{"line":214,"column":30},"end":{"line":214,"column":65}},{"start":{"line":214,"column":65},"end":{"line":214,"column":null}}],"line":214},"26":{"loc":{"start":{"line":247,"column":29},"end":{"line":250,"column":null}},"type":"cond-expr","locations":[{"start":{"line":248,"column":30},"end":{"line":248,"column":null}},{"start":{"line":250,"column":30},"end":{"line":250,"column":null}}],"line":247},"27":{"loc":{"start":{"line":255,"column":43},"end":{"line":255,"column":null}},"type":"binary-expr","locations":[{"start":{"line":255,"column":43},"end":{"line":255,"column":71}},{"start":{"line":255,"column":71},"end":{"line":255,"column":null}}],"line":255},"28":{"loc":{"start":{"line":258,"column":30},"end":{"line":258,"column":null}},"type":"binary-expr","locations":[{"start":{"line":258,"column":30},"end":{"line":258,"column":82}},{"start":{"line":258,"column":82},"end":{"line":258,"column":null}}],"line":258},"29":{"loc":{"start":{"line":271,"column":25},"end":{"line":291,"column":null}},"type":"binary-expr","locations":[{"start":{"line":271,"column":25},"end":{"line":271,"column":null}},{"start":{"line":272,"column":26},"end":{"line":291,"column":null}}],"line":271},"30":{"loc":{"start":{"line":279,"column":49},"end":{"line":279,"column":null}},"type":"binary-expr","locations":[{"start":{"line":279,"column":49},"end":{"line":279,"column":77}},{"start":{"line":279,"column":77},"end":{"line":279,"column":null}}],"line":279},"31":{"loc":{"start":{"line":282,"column":36},"end":{"line":283,"column":null}},"type":"binary-expr","locations":[{"start":{"line":282,"column":36},"end":{"line":282,"column":null}},{"start":{"line":283,"column":38},"end":{"line":283,"column":null}}],"line":282},"32":{"loc":{"start":{"line":306,"column":20},"end":{"line":306,"column":null}},"type":"binary-expr","locations":[{"start":{"line":306,"column":20},"end":{"line":306,"column":49}},{"start":{"line":306,"column":49},"end":{"line":306,"column":null}}],"line":306},"33":{"loc":{"start":{"line":313,"column":17},"end":{"line":319,"column":null}},"type":"binary-expr","locations":[{"start":{"line":313,"column":17},"end":{"line":313,"column":null}},{"start":{"line":314,"column":18},"end":{"line":319,"column":null}}],"line":313},"34":{"loc":{"start":{"line":322,"column":17},"end":{"line":325,"column":null}},"type":"binary-expr","locations":[{"start":{"line":322,"column":17},"end":{"line":322,"column":null}},{"start":{"line":323,"column":18},"end":{"line":325,"column":null}}],"line":322},"35":{"loc":{"start":{"line":338,"column":24},"end":{"line":338,"column":null}},"type":"binary-expr","locations":[{"start":{"line":338,"column":24},"end":{"line":338,"column":76}},{"start":{"line":338,"column":76},"end":{"line":338,"column":null}}],"line":338},"36":{"loc":{"start":{"line":351,"column":11},"end":{"line":357,"column":null}},"type":"binary-expr","locations":[{"start":{"line":351,"column":11},"end":{"line":351,"column":null}},{"start":{"line":352,"column":12},"end":{"line":357,"column":null}}],"line":351}},"s":{"0":0,"1":0,"2":0,"3":0,"4":0,"5":0,"6":0,"7":0,"8":0,"9":0,"10":0,"11":0,"12":0,"13":0,"14":0,"15":0,"16":0,"17":0,"18":0,"19":0,"20":0,"21":0,"22":0,"23":0,"24":0,"25":0,"26":0,"27":0,"28":0,"29":0,"30":0,"31":0,"32":0,"33":0,"34":0,"35":0,"36":0,"37":0,"38":0,"39":0,"40":0,"41":0,"42":0,"43":0,"44":0,"45":0,"46":0,"47":0,"48":0,"49":0,"50":0,"51":0,"52":0,"53":0,"54":0,"55":0,"56":0,"57":0,"58":0,"59":0,"60":0,"61":0,"62":0,"63":0,"64":0,"65":0,"66":0,"67":0},"f":{"0":0,"1":0,"2":0,"3":0,"4":0,"5":0,"6":0,"7":0,"8":0,"9":0,"10":0,"11":0,"12":0,"13":0,"14":0,"15":0,"16":0,"17":0,"18":0,"19":0,"20":0,"21":0,"22":0,"23":0,"24":0,"25":0},"b":{"0":[0,0],"1":[0,0],"2":[0,0],"3":[0,0],"4":[0,0],"5":[0,0],"6":[0,0],"7":[0,0],"8":[0,0],"9":[0,0],"10":[0,0],"11":[0,0],"12":[0,0],"13":[0,0],"14":[0,0],"15":[0,0],"16":[0,0],"17":[0,0],"18":[0,0],"19":[0,0],"20":[0,0],"21":[0,0],"22":[0,0],"23":[0,0],"24":[0,0],"25":[0,0],"26":[0,0],"27":[0,0],"28":[0,0],"29":[0,0],"30":[0,0],"31":[0,0],"32":[0,0],"33":[0,0],"34":[0,0],"35":[0,0],"36":[0,0]},"meta":{"lastBranch":37,"lastFunction":26,"lastStatement":68,"seen":{"f:10:16:10:26":0,"s:11:8:11:Infinity":0,"s:12:65:12:Infinity":1,"s:13:50:15:Infinity":2,"s:16:38:16:Infinity":3,"s:17:34:17:Infinity":4,"s:18:36:18:Infinity":5,"s:19:8:19:Infinity":6,"s:21:31:25:Infinity":7,"f:21:31:21:37":1,"b:22:4:24:Infinity:undefined:undefined:undefined:undefined":0,"s:22:4:24:Infinity":8,"s:23:6:23:Infinity":9,"s:27:26:27:Infinity":10,"f:27:39:27:40":2,"s:27:49:27:78":11,"s:28:28:28:Infinity":12,"f:28:41:28:42":3,"s:28:51:28:82":13,"s:30:25:40:Infinity":14,"f:30:25:30:26":4,"s:31:4:39:Infinity":15,"f:31:26:31:27":5,"s:32:19:32:Infinity":16,"b:33:6:37:Infinity:35:13:37:Infinity":1,"s:33:6:37:Infinity":17,"s:34:8:34:Infinity":18,"s:36:8:36:Infinity":19,"s:38:6:38:Infinity":20,"s:42:27:44:Infinity":21,"f:42:27:42:28":6,"s:43:4:43:Infinity":22,"f:43:24:43:25":7,"s:43:34:43:62":23,"s:46:26:49:Infinity":24,"f:46:26:46:27":8,"s:47:4:47:Infinity":25,"s:48:4:48:Infinity":26,"s:51:2:77:Infinity":27,"f:51:12:51:18":9,"s:52:28:58:Infinity":28,"f:52:28:52:29":10,"b:53:6:53:Infinity:undefined:undefined:undefined:undefined":2,"s:53:6:53:Infinity":29,"s:53:23:53:Infinity":30,"s:54:23:54:Infinity":31,"b:55:6:57:Infinity:undefined:undefined:undefined:undefined":3,"s:55:6:57:Infinity":32,"b:55:10:55:29:55:29:55:46":4,"s:56:8:56:Infinity":33,"s:60:26:62:Infinity":34,"f:60:26:60:32":11,"s:61:6:61:Infinity":35,"b:64:4:69:Infinity:undefined:undefined:undefined:undefined":5,"s:64:4:69:Infinity":36,"s:65:6:65:Infinity":37,"s:66:6:66:Infinity":38,"s:67:6:67:Infinity":39,"s:68:6:68:Infinity":40,"s:71:4:76:Infinity":41,"f:71:11:71:17":12,"s:72:6:72:Infinity":42,"s:73:6:73:Infinity":43,"s:74:6:74:Infinity":44,"s:75:6:75:Infinity":45,"s:79:25:79:Infinity":46,"b:79:39:79:44:79:44:79:Infinity":6,"s:81:2:367:Infinity":47,"b:84:7:84:Infinity:85:8:88:Infinity":7,"b:96:24:96:42:96:42:96:Infinity":8,"b:98:52:98:76:98:76:98:84":9,"b:111:13:111:29:111:29:111:Infinity":10,"b:117:35:117:54:117:54:117:Infinity":11,"b:120:16:120:Infinity:122:16:122:Infinity":12,"b:129:14:298:Infinity:301:14:346:Infinity":13,"f:133:27:133:33":13,"s:133:33:133:Infinity":48,"b:133:33:133:61:133:61:133:Infinity":14,"b:136:20:136:49:136:49:136:Infinity":15,"b:144:15:144:Infinity:145:16:182:Infinity":16,"f:147:29:147:35":14,"s:147:35:147:Infinity":49,"b:151:22:151:Infinity:153:22:153:Infinity":17,"b:161:19:161:Infinity:162:20:180:Infinity":18,"f:163:45:163:46":15,"s:164:37:164:Infinity":50,"s:165:24:177:Infinity":51,"f:169:37:169:43":16,"s:169:43:169:Infinity":52,"b:169:43:169:71:169:71:169:Infinity":19,"b:172:30:172:65:172:65:172:Infinity":20,"b:186:15:186:Infinity:187:16:224:Infinity":21,"f:189:29:189:35":17,"s:189:35:189:Infinity":53,"b:193:22:193:Infinity:195:22:195:Infinity":22,"b:203:19:203:Infinity:204:20:222:Infinity":23,"f:205:56:205:57":18,"s:206:37:206:Infinity":54,"s:207:24:219:Infinity":55,"f:211:37:211:43":19,"s:211:43:211:Infinity":56,"b:211:43:211:71:211:71:211:Infinity":24,"b:214:30:214:65:214:65:214:Infinity":25,"f:235:34:235:35":20,"s:236:33:236:Infinity":57,"s:237:42:237:Infinity":58,"s:238:39:238:Infinity":59,"s:240:20:293:Infinity":60,"f:244:37:244:43":21,"s:244:43:244:Infinity":61,"b:248:30:248:Infinity:250:30:250:Infinity":26,"f:255:37:255:43":22,"s:255:43:255:Infinity":62,"b:255:43:255:71:255:71:255:Infinity":27,"b:258:30:258:82:258:82:258:Infinity":28,"b:271:25:271:Infinity:272:26:291:Infinity":29,"f:273:47:273:48":23,"s:274:47:274:Infinity":63,"s:275:30:288:Infinity":64,"f:279:43:279:49":24,"s:279:49:279:Infinity":65,"b:279:49:279:77:279:77:279:Infinity":30,"b:282:36:282:Infinity:283:38:283:Infinity":31,"b:306:20:306:49:306:49:306:Infinity":32,"b:313:17:313:Infinity:314:18:319:Infinity":33,"b:322:17:322:Infinity:323:18:325:Infinity":34,"f:330:32:330:33":25,"s:331:31:331:Infinity":66,"s:332:18:343:Infinity":67,"b:338:24:338:76:338:76:338:Infinity":35,"b:351:11:351:Infinity:352:12:357:Infinity":36}}}
,"/Users/jigneshdhamecha/work/PROD_APPS/devtools_hub/src/components/layouts/ToolPageLayout.tsx": {"path":"/Users/jigneshdhamecha/work/PROD_APPS/devtools_hub/src/components/layouts/ToolPageLayout.tsx","statementMap":{"0":{"start":{"line":52,"column":8},"end":{"line":52,"column":null}},"1":{"start":{"line":53,"column":40},"end":{"line":53,"column":null}},"2":{"start":{"line":54,"column":23},"end":{"line":54,"column":null}},"3":{"start":{"line":55,"column":30},"end":{"line":55,"column":null}},"4":{"start":{"line":56,"column":8},"end":{"line":56,"column":null}},"5":{"start":{"line":57,"column":8},"end":{"line":57,"column":null}},"6":{"start":{"line":58,"column":38},"end":{"line":58,"column":null}},"7":{"start":{"line":61,"column":23},"end":{"line":61,"column":null}},"8":{"start":{"line":62,"column":17},"end":{"line":62,"column":null}},"9":{"start":{"line":63,"column":21},"end":{"line":63,"column":null}},"10":{"start":{"line":66,"column":2},"end":{"line":74,"column":null}},"11":{"start":{"line":67,"column":4},"end":{"line":73,"column":null}},"12":{"start":{"line":68,"column":19},"end":{"line":68,"column":null}},"13":{"start":{"line":69,"column":6},"end":{"line":72,"column":null}},"14":{"start":{"line":77,"column":2},"end":{"line":96,"column":null}},"15":{"start":{"line":78,"column":31},"end":{"line":87,"column":null}},"16":{"start":{"line":79,"column":6},"end":{"line":86,"column":null}},"17":{"start":{"line":85,"column":8},"end":{"line":85,"column":null}},"18":{"start":{"line":89,"column":4},"end":{"line":91,"column":null}},"19":{"start":{"line":90,"column":6},"end":{"line":90,"column":null}},"20":{"start":{"line":93,"column":4},"end":{"line":95,"column":null}},"21":{"start":{"line":94,"column":6},"end":{"line":94,"column":null}},"22":{"start":{"line":98,"column":22},"end":{"line":102,"column":null}},"23":{"start":{"line":99,"column":16},"end":{"line":99,"column":null}},"24":{"start":{"line":100,"column":4},"end":{"line":100,"column":null}},"25":{"start":{"line":101,"column":4},"end":{"line":101,"column":null}},"26":{"start":{"line":104,"column":31},"end":{"line":109,"column":null}},"27":{"start":{"line":105,"column":4},"end":{"line":107,"column":null}},"28":{"start":{"line":106,"column":6},"end":{"line":106,"column":null}},"29":{"start":{"line":108,"column":4},"end":{"line":108,"column":null}},"30":{"start":{"line":111,"column":2},"end":{"line":229,"column":null}},"31":{"start":{"line":175,"column":35},"end":{"line":175,"column":null}}},"fnMap":{"0":{"name":"ToolPageLayout","decl":{"start":{"line":42,"column":16},"end":{"line":42,"column":31}},"loc":{"start":{"line":50,"column":24},"end":{"line":231,"column":null}},"line":50},"1":{"name":"(anonymous_1)","decl":{"start":{"line":66,"column":12},"end":{"line":66,"column":18}},"loc":{"start":{"line":66,"column":18},"end":{"line":74,"column":5}},"line":66},"2":{"name":"(anonymous_2)","decl":{"start":{"line":77,"column":12},"end":{"line":77,"column":18}},"loc":{"start":{"line":77,"column":18},"end":{"line":96,"column":5}},"line":77},"3":{"name":"(anonymous_3)","decl":{"start":{"line":78,"column":31},"end":{"line":78,"column":32}},"loc":{"start":{"line":78,"column":54},"end":{"line":87,"column":null}},"line":78},"4":{"name":"(anonymous_4)","decl":{"start":{"line":93,"column":11},"end":{"line":93,"column":17}},"loc":{"start":{"line":93,"column":17},"end":{"line":95,"column":null}},"line":93},"5":{"name":"(anonymous_5)","decl":{"start":{"line":98,"column":22},"end":{"line":98,"column":34}},"loc":{"start":{"line":98,"column":34},"end":{"line":102,"column":null}},"line":98},"6":{"name":"(anonymous_6)","decl":{"start":{"line":104,"column":31},"end":{"line":104,"column":37}},"loc":{"start":{"line":104,"column":37},"end":{"line":109,"column":null}},"line":104},"7":{"name":"(anonymous_7)","decl":{"start":{"line":175,"column":29},"end":{"line":175,"column":35}},"loc":{"start":{"line":175,"column":35},"end":{"line":175,"column":null}},"line":175}},"branchMap":{"0":{"loc":{"start":{"line":61,"column":23},"end":{"line":61,"column":null}},"type":"cond-expr","locations":[{"start":{"line":61,"column":23},"end":{"line":61,"column":57}},{"start":{"line":61,"column":57},"end":{"line":61,"column":null}}],"line":61},"1":{"loc":{"start":{"line":62,"column":17},"end":{"line":62,"column":null}},"type":"cond-expr","locations":[{"start":{"line":62,"column":17},"end":{"line":62,"column":58}},{"start":{"line":62,"column":58},"end":{"line":62,"column":null}}],"line":62},"2":{"loc":{"start":{"line":63,"column":21},"end":{"line":63,"column":null}},"type":"cond-expr","locations":[{"start":{"line":63,"column":28},"end":{"line":63,"column":62}},{"start":{"line":63,"column":62},"end":{"line":63,"column":null}}],"line":63},"3":{"loc":{"start":{"line":67,"column":4},"end":{"line":73,"column":null}},"type":"if","locations":[{"start":{"line":67,"column":4},"end":{"line":73,"column":null}},{"start":{},"end":{}}],"line":67},"4":{"loc":{"start":{"line":67,"column":8},"end":{"line":67,"column":39}},"type":"binary-expr","locations":[{"start":{"line":67,"column":8},"end":{"line":67,"column":20}},{"start":{"line":67,"column":20},"end":{"line":67,"column":39}}],"line":67},"5":{"loc":{"start":{"line":79,"column":6},"end":{"line":86,"column":null}},"type":"if","locations":[{"start":{"line":79,"column":6},"end":{"line":86,"column":null}},{"start":{},"end":{}}],"line":79},"6":{"loc":{"start":{"line":80,"column":8},"end":{"line":83,"column":null}},"type":"binary-expr","locations":[{"start":{"line":80,"column":8},"end":{"line":80,"column":null}},{"start":{"line":81,"column":8},"end":{"line":81,"column":null}},{"start":{"line":82,"column":8},"end":{"line":82,"column":null}},{"start":{"line":83,"column":8},"end":{"line":83,"column":null}}],"line":80},"7":{"loc":{"start":{"line":89,"column":4},"end":{"line":91,"column":null}},"type":"if","locations":[{"start":{"line":89,"column":4},"end":{"line":91,"column":null}},{"start":{},"end":{}}],"line":89},"8":{"loc":{"start":{"line":105,"column":4},"end":{"line":107,"column":null}},"type":"if","locations":[{"start":{"line":105,"column":4},"end":{"line":107,"column":null}},{"start":{},"end":{}}],"line":105},"9":{"loc":{"start":{"line":123,"column":10},"end":{"line":123,"column":null}},"type":"cond-expr","locations":[{"start":{"line":123,"column":19},"end":{"line":123,"column":103}},{"start":{"line":123,"column":103},"end":{"line":123,"column":null}}],"line":123},"10":{"loc":{"start":{"line":125,"column":10},"end":{"line":125,"column":null}},"type":"binary-expr","locations":[{"start":{"line":125,"column":10},"end":{"line":125,"column":22}},{"start":{"line":125,"column":22},"end":{"line":125,"column":null}}],"line":125},"11":{"loc":{"start":{"line":137,"column":17},"end":{"line":153,"column":null}},"type":"cond-expr","locations":[{"start":{"line":138,"column":18},"end":{"line":145,"column":null}},{"start":{"line":147,"column":18},"end":{"line":153,"column":null}}],"line":137},"12":{"loc":{"start":{"line":142,"column":20},"end":{"line":142,"column":null}},"type":"binary-expr","locations":[{"start":{"line":142,"column":20},"end":{"line":142,"column":32}},{"start":{"line":142,"column":32},"end":{"line":142,"column":null}}],"line":142},"13":{"loc":{"start":{"line":150,"column":20},"end":{"line":150,"column":null}},"type":"binary-expr","locations":[{"start":{"line":150,"column":20},"end":{"line":150,"column":32}},{"start":{"line":150,"column":32},"end":{"line":150,"column":null}}],"line":150},"14":{"loc":{"start":{"line":165,"column":17},"end":{"line":168,"column":null}},"type":"binary-expr","locations":[{"start":{"line":165,"column":17},"end":{"line":165,"column":null}},{"start":{"line":166,"column":18},"end":{"line":168,"column":null}}],"line":165},"15":{"loc":{"start":{"line":183,"column":19},"end":{"line":219,"column":null}},"type":"binary-expr","locations":[{"start":{"line":183,"column":19},"end":{"line":183,"column":31}},{"start":{"line":183,"column":19},"end":{"line":219,"column":null}}],"line":183},"16":{"loc":{"start":{"line":197,"column":55},"end":{"line":197,"column":99}},"type":"binary-expr","locations":[{"start":{"line":197,"column":55},"end":{"line":197,"column":69}},{"start":{"line":197,"column":69},"end":{"line":197,"column":99}}],"line":197},"17":{"loc":{"start":{"line":198,"column":31},"end":{"line":198,"column":89}},"type":"cond-expr","locations":[{"start":{"line":198,"column":44},"end":{"line":198,"column":70}},{"start":{"line":198,"column":70},"end":{"line":198,"column":89}}],"line":198},"18":{"loc":{"start":{"line":205,"column":25},"end":{"line":214,"column":null}},"type":"cond-expr","locations":[{"start":{"line":206,"column":26},"end":{"line":209,"column":null}},{"start":{"line":211,"column":26},"end":{"line":214,"column":null}}],"line":205}},"s":{"0":0,"1":0,"2":0,"3":0,"4":0,"5":0,"6":0,"7":0,"8":0,"9":0,"10":0,"11":0,"12":0,"13":0,"14":0,"15":0,"16":0,"17":0,"18":0,"19":0,"20":0,"21":0,"22":0,"23":0,"24":0,"25":0,"26":0,"27":0,"28":0,"29":0,"30":0,"31":0},"f":{"0":0,"1":0,"2":0,"3":0,"4":0,"5":0,"6":0,"7":0},"b":{"0":[0,0],"1":[0,0],"2":[0,0],"3":[0,0],"4":[0,0],"5":[0,0],"6":[0,0,0,0],"7":[0,0],"8":[0,0],"9":[0,0],"10":[0,0],"11":[0,0],"12":[0,0],"13":[0,0],"14":[0,0],"15":[0,0],"16":[0,0],"17":[0,0],"18":[0,0]},"meta":{"lastBranch":19,"lastFunction":8,"lastStatement":32,"seen":{"f:42:16:42:31":0,"s:52:8:52:Infinity":0,"s:53:40:53:Infinity":1,"s:54:23:54:Infinity":2,"s:55:30:55:Infinity":3,"s:56:8:56:Infinity":4,"s:57:8:57:Infinity":5,"s:58:38:58:Infinity":6,"s:61:23:61:Infinity":7,"b:61:23:61:57:61:57:61:Infinity":0,"s:62:17:62:Infinity":8,"b:62:17:62:58:62:58:62:Infinity":1,"s:63:21:63:Infinity":9,"b:63:28:63:62:63:62:63:Infinity":2,"s:66:2:74:Infinity":10,"f:66:12:66:18":1,"b:67:4:73:Infinity:undefined:undefined:undefined:undefined":3,"s:67:4:73:Infinity":11,"b:67:8:67:20:67:20:67:39":4,"s:68:19:68:Infinity":12,"s:69:6:72:Infinity":13,"s:77:2:96:Infinity":14,"f:77:12:77:18":2,"s:78:31:87:Infinity":15,"f:78:31:78:32":3,"b:79:6:86:Infinity:undefined:undefined:undefined:undefined":5,"s:79:6:86:Infinity":16,"b:80:8:80:Infinity:81:8:81:Infinity:82:8:82:Infinity:83:8:83:Infinity":6,"s:85:8:85:Infinity":17,"b:89:4:91:Infinity:undefined:undefined:undefined:undefined":7,"s:89:4:91:Infinity":18,"s:90:6:90:Infinity":19,"s:93:4:95:Infinity":20,"f:93:11:93:17":4,"s:94:6:94:Infinity":21,"s:98:22:102:Infinity":22,"f:98:22:98:34":5,"s:99:16:99:Infinity":23,"s:100:4:100:Infinity":24,"s:101:4:101:Infinity":25,"s:104:31:109:Infinity":26,"f:104:31:104:37":6,"b:105:4:107:Infinity:undefined:undefined:undefined:undefined":8,"s:105:4:107:Infinity":27,"s:106:6:106:Infinity":28,"s:108:4:108:Infinity":29,"s:111:2:229:Infinity":30,"b:123:19:123:103:123:103:123:Infinity":9,"b:125:10:125:22:125:22:125:Infinity":10,"b:138:18:145:Infinity:147:18:153:Infinity":11,"b:142:20:142:32:142:32:142:Infinity":12,"b:150:20:150:32:150:32:150:Infinity":13,"b:165:17:165:Infinity:166:18:168:Infinity":14,"f:175:29:175:35":7,"s:175:35:175:Infinity":31,"b:183:19:183:31:183:19:219:Infinity":15,"b:197:55:197:69:197:69:197:99":16,"b:198:44:198:70:198:70:198:89":17,"b:206:26:209:Infinity:211:26:214:Infinity":18}}}
,"/Users/jigneshdhamecha/work/PROD_APPS/devtools_hub/src/components/shared/Breadcrumb.tsx": {"path":"/Users/jigneshdhamecha/work/PROD_APPS/devtools_hub/src/components/shared/Breadcrumb.tsx","statementMap":{"0":{"start":{"line":6,"column":8},"end":{"line":6,"column":null}},"1":{"start":{"line":7,"column":8},"end":{"line":7,"column":null}},"2":{"start":{"line":10,"column":2},"end":{"line":10,"column":null}},"3":{"start":{"line":10,"column":13},"end":{"line":10,"column":null}},"4":{"start":{"line":12,"column":8},"end":{"line":12,"column":null}},"5":{"start":{"line":15,"column":2},"end":{"line":15,"column":null}},"6":{"start":{"line":15,"column":21},"end":{"line":15,"column":null}},"7":{"start":{"line":17,"column":2},"end":{"line":32,"column":null}}},"fnMap":{"0":{"name":"Breadcrumb","decl":{"start":{"line":5,"column":16},"end":{"line":5,"column":29}},"loc":{"start":{"line":5,"column":29},"end":{"line":34,"column":null}},"line":5}},"branchMap":{"0":{"loc":{"start":{"line":10,"column":2},"end":{"line":10,"column":null}},"type":"if","locations":[{"start":{"line":10,"column":2},"end":{"line":10,"column":null}},{"start":{},"end":{}}],"line":10},"1":{"loc":{"start":{"line":15,"column":2},"end":{"line":15,"column":null}},"type":"if","locations":[{"start":{"line":15,"column":2},"end":{"line":15,"column":null}},{"start":{},"end":{}}],"line":15}},"s":{"0":0,"1":0,"2":0,"3":0,"4":0,"5":0,"6":0,"7":0},"f":{"0":0},"b":{"0":[0,0],"1":[0,0]},"meta":{"lastBranch":2,"lastFunction":1,"lastStatement":8,"seen":{"f:5:16:5:29":0,"s:6:8:6:Infinity":0,"s:7:8:7:Infinity":1,"b:10:2:10:Infinity:undefined:undefined:undefined:undefined":0,"s:10:2:10:Infinity":2,"s:10:13:10:Infinity":3,"s:12:8:12:Infinity":4,"b:15:2:15:Infinity:undefined:undefined:undefined:undefined":1,"s:15:2:15:Infinity":5,"s:15:21:15:Infinity":6,"s:17:2:32:Infinity":7}}}
,"/Users/jigneshdhamecha/work/PROD_APPS/devtools_hub/src/components/shared/ComingSoon.tsx": {"path":"/Users/jigneshdhamecha/work/PROD_APPS/devtools_hub/src/components/shared/ComingSoon.tsx","statementMap":{"0":{"start":{"line":13,"column":24},"end":{"line":13,"column":null}},"1":{"start":{"line":15,"column":2},"end":{"line":17,"column":null}},"2":{"start":{"line":16,"column":4},"end":{"line":16,"column":null}},"3":{"start":{"line":19,"column":2},"end":{"line":37,"column":null}}},"fnMap":{"0":{"name":"ComingSoon","decl":{"start":{"line":12,"column":16},"end":{"line":12,"column":27}},"loc":{"start":{"line":12,"column":69},"end":{"line":39,"column":null}},"line":12},"1":{"name":"(anonymous_1)","decl":{"start":{"line":15,"column":12},"end":{"line":15,"column":18}},"loc":{"start":{"line":15,"column":18},"end":{"line":17,"column":5}},"line":15}},"branchMap":{},"s":{"0":0,"1":0,"2":0,"3":0},"f":{"0":0,"1":0},"b":{},"meta":{"lastBranch":0,"lastFunction":2,"lastStatement":4,"seen":{"f:12:16:12:27":0,"s:13:24:13:Infinity":0,"s:15:2:17:Infinity":1,"f:15:12:15:18":1,"s:16:4:16:Infinity":2,"s:19:2:37:Infinity":3}}}
,"/Users/jigneshdhamecha/work/PROD_APPS/devtools_hub/src/components/shared/CommandPalette.tsx": {"path":"/Users/jigneshdhamecha/work/PROD_APPS/devtools_hub/src/components/shared/CommandPalette.tsx","statementMap":{"0":{"start":{"line":21,"column":24},"end":{"line":21,"column":null}},"1":{"start":{"line":22,"column":8},"end":{"line":22,"column":null}},"2":{"start":{"line":23,"column":37},"end":{"line":23,"column":null}},"3":{"start":{"line":25,"column":26},"end":{"line":25,"column":null}},"4":{"start":{"line":25,"column":47},"end":{"line":25,"column":76}},"5":{"start":{"line":26,"column":28},"end":{"line":26,"column":null}},"6":{"start":{"line":26,"column":49},"end":{"line":26,"column":80}},"7":{"start":{"line":27,"column":24},"end":{"line":27,"column":null}},"8":{"start":{"line":29,"column":8},"end":{"line":33,"column":null}},"9":{"start":{"line":30,"column":4},"end":{"line":30,"column":null}},"10":{"start":{"line":31,"column":4},"end":{"line":31,"column":null}},"11":{"start":{"line":32,"column":4},"end":{"line":32,"column":null}},"12":{"start":{"line":36,"column":2},"end":{"line":39,"column":null}},"13":{"start":{"line":42,"column":2},"end":{"line":45,"column":null}},"14":{"start":{"line":47,"column":2},"end":{"line":47,"column":null}},"15":{"start":{"line":47,"column":15},"end":{"line":47,"column":null}},"16":{"start":{"line":49,"column":2},"end":{"line":205,"column":null}},"17":{"start":{"line":67,"column":31},"end":{"line":67,"column":null}},"18":{"start":{"line":87,"column":35},"end":{"line":87,"column":null}},"19":{"start":{"line":88,"column":28},"end":{"line":88,"column":null}},"20":{"start":{"line":89,"column":22},"end":{"line":105,"column":null}},"21":{"start":{"line":92,"column":41},"end":{"line":92,"column":null}},"22":{"start":{"line":125,"column":35},"end":{"line":125,"column":null}},"23":{"start":{"line":126,"column":28},"end":{"line":126,"column":null}},"24":{"start":{"line":127,"column":22},"end":{"line":143,"column":null}},"25":{"start":{"line":130,"column":41},"end":{"line":130,"column":null}},"26":{"start":{"line":156,"column":35},"end":{"line":156,"column":null}},"27":{"start":{"line":157,"column":28},"end":{"line":157,"column":null}},"28":{"start":{"line":158,"column":22},"end":{"line":174,"column":null}},"29":{"start":{"line":161,"column":41},"end":{"line":161,"column":null}}},"fnMap":{"0":{"name":"CommandPalette","decl":{"start":{"line":20,"column":16},"end":{"line":20,"column":31}},"loc":{"start":{"line":20,"column":73},"end":{"line":207,"column":null}},"line":20},"1":{"name":"(anonymous_1)","decl":{"start":{"line":25,"column":39},"end":{"line":25,"column":47}},"loc":{"start":{"line":25,"column":47},"end":{"line":25,"column":76}},"line":25},"2":{"name":"(anonymous_2)","decl":{"start":{"line":26,"column":41},"end":{"line":26,"column":49}},"loc":{"start":{"line":26,"column":49},"end":{"line":26,"column":80}},"line":26},"3":{"name":"(anonymous_3)","decl":{"start":{"line":29,"column":39},"end":{"line":29,"column":40}},"loc":{"start":{"line":29,"column":61},"end":{"line":33,"column":5}},"line":29},"4":{"name":"(anonymous_4)","decl":{"start":{"line":67,"column":24},"end":{"line":67,"column":25}},"loc":{"start":{"line":67,"column":31},"end":{"line":67,"column":null}},"line":67},"5":{"name":"(anonymous_5)","decl":{"start":{"line":86,"column":39},"end":{"line":86,"column":40}},"loc":{"start":{"line":86,"column":49},"end":{"line":107,"column":21}},"line":86},"6":{"name":"(anonymous_6)","decl":{"start":{"line":92,"column":35},"end":{"line":92,"column":41}},"loc":{"start":{"line":92,"column":41},"end":{"line":92,"column":null}},"line":92},"7":{"name":"(anonymous_7)","decl":{"start":{"line":124,"column":86},"end":{"line":124,"column":87}},"loc":{"start":{"line":124,"column":96},"end":{"line":145,"column":21}},"line":124},"8":{"name":"(anonymous_8)","decl":{"start":{"line":130,"column":35},"end":{"line":130,"column":41}},"loc":{"start":{"line":130,"column":41},"end":{"line":130,"column":null}},"line":130},"9":{"name":"(anonymous_9)","decl":{"start":{"line":155,"column":84},"end":{"line":155,"column":85}},"loc":{"start":{"line":155,"column":94},"end":{"line":176,"column":21}},"line":155},"10":{"name":"(anonymous_10)","decl":{"start":{"line":161,"column":35},"end":{"line":161,"column":41}},"loc":{"start":{"line":161,"column":41},"end":{"line":161,"column":null}},"line":161}},"branchMap":{"0":{"loc":{"start":{"line":27,"column":24},"end":{"line":27,"column":null}},"type":"cond-expr","locations":[{"start":{"line":27,"column":24},"end":{"line":27,"column":93}},{"start":{"line":27,"column":93},"end":{"line":27,"column":null}}],"line":27},"1":{"loc":{"start":{"line":47,"column":2},"end":{"line":47,"column":null}},"type":"if","locations":[{"start":{"line":47,"column":2},"end":{"line":47,"column":null}},{"start":{},"end":{}}],"line":47},"2":{"loc":{"start":{"line":78,"column":13},"end":{"line":185,"column":null}},"type":"cond-expr","locations":[{"start":{"line":80,"column":14},"end":{"line":114,"column":null}},{"start":{"line":117,"column":14},"end":{"line":185,"column":null}}],"line":78},"3":{"loc":{"start":{"line":81,"column":17},"end":{"line":112,"column":null}},"type":"cond-expr","locations":[{"start":{"line":82,"column":18},"end":{"line":108,"column":null}},{"start":{"line":110,"column":18},"end":{"line":112,"column":null}}],"line":81},"4":{"loc":{"start":{"line":118,"column":17},"end":{"line":146,"column":null}},"type":"binary-expr","locations":[{"start":{"line":118,"column":17},"end":{"line":118,"column":null}},{"start":{"line":119,"column":18},"end":{"line":146,"column":null}}],"line":118},"5":{"loc":{"start":{"line":149,"column":17},"end":{"line":177,"column":null}},"type":"binary-expr","locations":[{"start":{"line":149,"column":17},"end":{"line":149,"column":null}},{"start":{"line":150,"column":18},"end":{"line":177,"column":null}}],"line":149},"6":{"loc":{"start":{"line":180,"column":17},"end":{"line":183,"column":null}},"type":"binary-expr","locations":[{"start":{"line":180,"column":17},"end":{"line":180,"column":51}},{"start":{"line":180,"column":51},"end":{"line":180,"column":null}},{"start":{"line":181,"column":18},"end":{"line":183,"column":null}}],"line":180}},"s":{"0":0,"1":0,"2":0,"3":0,"4":0,"5":0,"6":0,"7":0,"8":0,"9":0,"10":0,"11":0,"12":0,"13":0,"14":0,"15":0,"16":0,"17":0,"18":0,"19":0,"20":0,"21":0,"22":0,"23":0,"24":0,"25":0,"26":0,"27":0,"28":0,"29":0},"f":{"0":0,"1":0,"2":0,"3":0,"4":0,"5":0,"6":0,"7":0,"8":0,"9":0,"10":0},"b":{"0":[0,0],"1":[0,0],"2":[0,0],"3":[0,0],"4":[0,0],"5":[0,0],"6":[0,0,0]},"meta":{"lastBranch":7,"lastFunction":11,"lastStatement":30,"seen":{"f:20:16:20:31":0,"s:21:24:21:Infinity":0,"s:22:8:22:Infinity":1,"s:23:37:23:Infinity":2,"s:25:26:25:Infinity":3,"f:25:39:25:47":1,"s:25:47:25:76":4,"s:26:28:26:Infinity":5,"f:26:41:26:49":2,"s:26:49:26:80":6,"s:27:24:27:Infinity":7,"b:27:24:27:93:27:93:27:Infinity":0,"s:29:8:33:Infinity":8,"f:29:39:29:40":3,"s:30:4:30:Infinity":9,"s:31:4:31:Infinity":10,"s:32:4:32:Infinity":11,"s:36:2:39:Infinity":12,"s:42:2:45:Infinity":13,"b:47:2:47:Infinity:undefined:undefined:undefined:undefined":1,"s:47:2:47:Infinity":14,"s:47:15:47:Infinity":15,"s:49:2:205:Infinity":16,"f:67:24:67:25":4,"s:67:31:67:Infinity":17,"b:80:14:114:Infinity:117:14:185:Infinity":2,"b:82:18:108:Infinity:110:18:112:Infinity":3,"f:86:39:86:40":5,"s:87:35:87:Infinity":18,"s:88:28:88:Infinity":19,"s:89:22:105:Infinity":20,"f:92:35:92:41":6,"s:92:41:92:Infinity":21,"b:118:17:118:Infinity:119:18:146:Infinity":4,"f:124:86:124:87":7,"s:125:35:125:Infinity":22,"s:126:28:126:Infinity":23,"s:127:22:143:Infinity":24,"f:130:35:130:41":8,"s:130:41:130:Infinity":25,"b:149:17:149:Infinity:150:18:177:Infinity":5,"f:155:84:155:85":9,"s:156:35:156:Infinity":26,"s:157:28:157:Infinity":27,"s:158:22:174:Infinity":28,"f:161:35:161:41":10,"s:161:41:161:Infinity":29,"b:180:17:180:51:180:51:180:Infinity:181:18:183:Infinity":6}}}
,"/Users/jigneshdhamecha/work/PROD_APPS/devtools_hub/src/components/shared/CopyButton.tsx": {"path":"/Users/jigneshdhamecha/work/PROD_APPS/devtools_hub/src/components/shared/CopyButton.tsx","statementMap":{"0":{"start":{"line":11,"column":23},"end":{"line":11,"column":null}},"1":{"start":{"line":13,"column":2},"end":{"line":32,"column":null}},"2":{"start":{"line":17,"column":21},"end":{"line":17,"column":null}}},"fnMap":{"0":{"name":"CopyButton","decl":{"start":{"line":10,"column":16},"end":{"line":10,"column":27}},"loc":{"start":{"line":10,"column":65},"end":{"line":34,"column":null}},"line":10},"1":{"name":"(anonymous_1)","decl":{"start":{"line":17,"column":15},"end":{"line":17,"column":21}},"loc":{"start":{"line":17,"column":21},"end":{"line":17,"column":null}},"line":17}},"branchMap":{"0":{"loc":{"start":{"line":21,"column":7},"end":{"line":30,"column":null}},"type":"cond-expr","locations":[{"start":{"line":22,"column":8},"end":{"line":25,"column":null}},{"start":{"line":27,"column":8},"end":{"line":30,"column":null}}],"line":21}},"s":{"0":0,"1":0,"2":0},"f":{"0":0,"1":0},"b":{"0":[0,0]},"meta":{"lastBranch":1,"lastFunction":2,"lastStatement":3,"seen":{"f:10:16:10:27":0,"s:11:23:11:Infinity":0,"s:13:2:32:Infinity":1,"f:17:15:17:21":1,"s:17:21:17:Infinity":2,"b:22:8:25:Infinity:27:8:30:Infinity":0}}}
,"/Users/jigneshdhamecha/work/PROD_APPS/devtools_hub/src/components/shared/ErrorBoundary.tsx": {"path":"/Users/jigneshdhamecha/work/PROD_APPS/devtools_hub/src/components/shared/ErrorBoundary.tsx","statementMap":{"0":{"start":{"line":69,"column":16},"end":{"line":71,"column":null}},"1":{"start":{"line":73,"column":17},"end":{"line":75,"column":null}},"2":{"start":{"line":49,"column":4},"end":{"line":49,"column":null}},"3":{"start":{"line":50,"column":4},"end":{"line":50,"column":null}},"4":{"start":{"line":54,"column":4},"end":{"line":54,"column":null}},"5":{"start":{"line":58,"column":4},"end":{"line":58,"column":null}},"6":{"start":{"line":59,"column":4},"end":{"line":59,"column":null}},"7":{"start":{"line":64,"column":4},"end":{"line":66,"column":null}},"8":{"start":{"line":65,"column":6},"end":{"line":65,"column":null}},"9":{"start":{"line":70,"column":4},"end":{"line":70,"column":null}},"10":{"start":{"line":74,"column":4},"end":{"line":74,"column":null}},"11":{"start":{"line":78,"column":4},"end":{"line":120,"column":null}},"12":{"start":{"line":79,"column":6},"end":{"line":81,"column":null}},"13":{"start":{"line":80,"column":8},"end":{"line":80,"column":null}},"14":{"start":{"line":83,"column":6},"end":{"line":118,"column":null}},"15":{"start":{"line":122,"column":4},"end":{"line":122,"column":null}}},"fnMap":{"0":{"name":"(anonymous_0)","decl":{"start":{"line":48,"column":2},"end":{"line":48,"column":14}},"loc":{"start":{"line":48,"column":41},"end":{"line":51,"column":null}},"line":48},"1":{"name":"(anonymous_1)","decl":{"start":{"line":53,"column":9},"end":{"line":53,"column":34}},"loc":{"start":{"line":53,"column":68},"end":{"line":55,"column":null}},"line":53},"2":{"name":"(anonymous_2)","decl":{"start":{"line":57,"column":2},"end":{"line":57,"column":20}},"loc":{"start":{"line":57,"column":62},"end":{"line":60,"column":null}},"line":57},"3":{"name":"(anonymous_3)","decl":{"start":{"line":62,"column":2},"end":{"line":62,"column":21}},"loc":{"start":{"line":62,"column":58},"end":{"line":67,"column":null}},"line":62},"4":{"name":"(anonymous_4)","decl":{"start":{"line":69,"column":16},"end":{"line":69,"column":28}},"loc":{"start":{"line":69,"column":28},"end":{"line":71,"column":null}},"line":69},"5":{"name":"(anonymous_5)","decl":{"start":{"line":73,"column":17},"end":{"line":73,"column":29}},"loc":{"start":{"line":73,"column":29},"end":{"line":75,"column":null}},"line":73},"6":{"name":"(anonymous_6)","decl":{"start":{"line":77,"column":2},"end":{"line":77,"column":22}},"loc":{"start":{"line":77,"column":22},"end":{"line":123,"column":null}},"line":77}},"branchMap":{"0":{"loc":{"start":{"line":64,"column":4},"end":{"line":66,"column":null}},"type":"if","locations":[{"start":{"line":64,"column":4},"end":{"line":66,"column":null}},{"start":{},"end":{}}],"line":64},"1":{"loc":{"start":{"line":64,"column":8},"end":{"line":64,"column":75}},"type":"binary-expr","locations":[{"start":{"line":64,"column":8},"end":{"line":64,"column":31}},{"start":{"line":64,"column":31},"end":{"line":64,"column":75}}],"line":64},"2":{"loc":{"start":{"line":78,"column":4},"end":{"line":120,"column":null}},"type":"if","locations":[{"start":{"line":78,"column":4},"end":{"line":120,"column":null}},{"start":{},"end":{}}],"line":78},"3":{"loc":{"start":{"line":79,"column":6},"end":{"line":81,"column":null}},"type":"if","locations":[{"start":{"line":79,"column":6},"end":{"line":81,"column":null}},{"start":{},"end":{}}],"line":79},"4":{"loc":{"start":{"line":92,"column":17},"end":{"line":92,"column":null}},"type":"binary-expr","locations":[{"start":{"line":92,"column":17},"end":{"line":92,"column":46}},{"start":{"line":92,"column":46},"end":{"line":92,"column":null}}],"line":92},"5":{"loc":{"start":{"line":107,"column":13},"end":{"line":115,"column":null}},"type":"binary-expr","locations":[{"start":{"line":107,"column":13},"end":{"line":107,"column":55}},{"start":{"line":107,"column":55},"end":{"line":107,"column":null}},{"start":{"line":108,"column":14},"end":{"line":115,"column":null}}],"line":107}},"s":{"0":0,"1":0,"2":14,"3":14,"4":12,"5":6,"6":6,"7":0,"8":0,"9":0,"10":0,"11":25,"12":12,"13":2,"14":10,"15":13},"f":{"0":14,"1":13,"2":6,"3":0,"4":0,"5":0,"6":25},"b":{"0":[0,0],"1":[0,0],"2":[12,13],"3":[2,10],"4":[10,0],"5":[12,0,0]},"meta":{"lastBranch":6,"lastFunction":7,"lastStatement":16,"seen":{"s:69:16:71:Infinity":0,"s:73:17:75:Infinity":1,"f:48:2:48:14":0,"s:49:4:49:Infinity":2,"s:50:4:50:Infinity":3,"f:53:9:53:34":1,"s:54:4:54:Infinity":4,"f:57:2:57:20":2,"s:58:4:58:Infinity":5,"s:59:4:59:Infinity":6,"f:62:2:62:21":3,"b:64:4:66:Infinity:undefined:undefined:undefined:undefined":0,"s:64:4:66:Infinity":7,"b:64:8:64:31:64:31:64:75":1,"s:65:6:65:Infinity":8,"f:69:16:69:28":4,"s:70:4:70:Infinity":9,"f:73:17:73:29":5,"s:74:4:74:Infinity":10,"f:77:2:77:22":6,"b:78:4:120:Infinity:undefined:undefined:undefined:undefined":2,"s:78:4:120:Infinity":11,"b:79:6:81:Infinity:undefined:undefined:undefined:undefined":3,"s:79:6:81:Infinity":12,"s:80:8:80:Infinity":13,"s:83:6:118:Infinity":14,"b:92:17:92:46:92:46:92:Infinity":4,"b:107:13:107:55:107:55:107:Infinity:108:14:115:Infinity":5,"s:122:4:122:Infinity":15}}}
,"/Users/jigneshdhamecha/work/PROD_APPS/devtools_hub/src/components/shared/InputOutput.tsx": {"path":"/Users/jigneshdhamecha/work/PROD_APPS/devtools_hub/src/components/shared/InputOutput.tsx","statementMap":{"0":{"start":{"line":21,"column":2},"end":{"line":34,"column":null}}},"fnMap":{"0":{"name":"InputOutput","decl":{"start":{"line":14,"column":16},"end":{"line":14,"column":28}},"loc":{"start":{"line":20,"column":21},"end":{"line":36,"column":null}},"line":20}},"branchMap":{"0":{"loc":{"start":{"line":18,"column":2},"end":{"line":18,"column":null}},"type":"default-arg","locations":[{"start":{"line":18,"column":13},"end":{"line":18,"column":null}}],"line":18},"1":{"loc":{"start":{"line":30,"column":11},"end":{"line":30,"column":null}},"type":"binary-expr","locations":[{"start":{"line":30,"column":11},"end":{"line":30,"column":23}},{"start":{"line":30,"column":23},"end":{"line":30,"column":38}},{"start":{"line":30,"column":38},"end":{"line":30,"column":null}}],"line":30}},"s":{"0":0},"f":{"0":0},"b":{"0":[0],"1":[0,0,0]},"meta":{"lastBranch":2,"lastFunction":1,"lastStatement":1,"seen":{"f:14:16:14:28":0,"b:18:13:18:Infinity":0,"s:21:2:34:Infinity":0,"b:30:11:30:23:30:23:30:38:30:38:30:Infinity":1}}}
,"/Users/jigneshdhamecha/work/PROD_APPS/devtools_hub/src/components/shared/ToolCard.tsx": {"path":"/Users/jigneshdhamecha/work/PROD_APPS/devtools_hub/src/components/shared/ToolCard.tsx","statementMap":{"0":{"start":{"line":18,"column":40},"end":{"line":18,"column":null}},"1":{"start":{"line":19,"column":21},"end":{"line":19,"column":null}},"2":{"start":{"line":20,"column":15},"end":{"line":20,"column":null}},"3":{"start":{"line":21,"column":8},"end":{"line":21,"column":null}},"4":{"start":{"line":22,"column":8},"end":{"line":22,"column":null}},"5":{"start":{"line":24,"column":2},"end":{"line":64,"column":null}},"6":{"start":{"line":48,"column":12},"end":{"line":48,"column":null}},"7":{"start":{"line":49,"column":12},"end":{"line":49,"column":null}}},"fnMap":{"0":{"name":"ToolCard","decl":{"start":{"line":17,"column":16},"end":{"line":17,"column":25}},"loc":{"start":{"line":17,"column":50},"end":{"line":66,"column":null}},"line":17},"1":{"name":"(anonymous_1)","decl":{"start":{"line":47,"column":19},"end":{"line":47,"column":20}},"loc":{"start":{"line":47,"column":26},"end":{"line":50,"column":null}},"line":47}},"branchMap":{"0":{"loc":{"start":{"line":53,"column":12},"end":{"line":55,"column":null}},"type":"cond-expr","locations":[{"start":{"line":54,"column":16},"end":{"line":54,"column":null}},{"start":{"line":55,"column":16},"end":{"line":55,"column":null}}],"line":53},"1":{"loc":{"start":{"line":58,"column":41},"end":{"line":58,"column":69}},"type":"binary-expr","locations":[{"start":{"line":58,"column":41},"end":{"line":58,"column":55}},{"start":{"line":58,"column":55},"end":{"line":58,"column":69}}],"line":58}},"s":{"0":0,"1":0,"2":0,"3":0,"4":0,"5":0,"6":0,"7":0},"f":{"0":0,"1":0},"b":{"0":[0,0],"1":[0,0]},"meta":{"lastBranch":2,"lastFunction":2,"lastStatement":8,"seen":{"f:17:16:17:25":0,"s:18:40:18:Infinity":0,"s:19:21:19:Infinity":1,"s:20:15:20:Infinity":2,"s:21:8:21:Infinity":3,"s:22:8:22:Infinity":4,"s:24:2:64:Infinity":5,"f:47:19:47:20":1,"s:48:12:48:Infinity":6,"s:49:12:49:Infinity":7,"b:54:16:54:Infinity:55:16:55:Infinity":0,"b:58:41:58:55:58:55:58:69":1}}}
,"/Users/jigneshdhamecha/work/PROD_APPS/devtools_hub/src/components/ui/Button.tsx": {"path":"/Users/jigneshdhamecha/work/PROD_APPS/devtools_hub/src/components/ui/Button.tsx","statementMap":{"0":{"start":{"line":5,"column":6},"end":{"line":29,"column":null}},"1":{"start":{"line":35,"column":15},"end":{"line":41,"column":null}},"2":{"start":{"line":37,"column":4},"end":{"line":38,"column":null}},"3":{"start":{"line":42,"column":0},"end":{"line":42,"column":null}}},"fnMap":{"0":{"name":"(anonymous_0)","decl":{"start":{"line":36,"column":2},"end":{"line":36,"column":3}},"loc":{"start":{"line":36,"column":51},"end":{"line":40,"column":null}},"line":36}},"branchMap":{},"s":{"0":1,"1":1,"2":20,"3":1},"f":{"0":20},"b":{},"meta":{"lastBranch":0,"lastFunction":1,"lastStatement":4,"seen":{"s:5:6:29:Infinity":0,"s:35:15:41:Infinity":1,"f:36:2:36:3":0,"s:37:4:38:Infinity":2,"s:42:0:42:Infinity":3}}}
,"/Users/jigneshdhamecha/work/PROD_APPS/devtools_hub/src/components/ui/Card.tsx": {"path":"/Users/jigneshdhamecha/work/PROD_APPS/devtools_hub/src/components/ui/Card.tsx","statementMap":{"0":{"start":{"line":4,"column":13},"end":{"line":12,"column":null}},"1":{"start":{"line":6,"column":4},"end":{"line":10,"column":null}},"2":{"start":{"line":13,"column":0},"end":{"line":13,"column":null}},"3":{"start":{"line":15,"column":19},"end":{"line":19,"column":null}},"4":{"start":{"line":17,"column":4},"end":{"line":17,"column":null}},"5":{"start":{"line":20,"column":0},"end":{"line":20,"column":null}},"6":{"start":{"line":22,"column":18},"end":{"line":30,"column":null}},"7":{"start":{"line":24,"column":4},"end":{"line":28,"column":null}},"8":{"start":{"line":31,"column":0},"end":{"line":31,"column":null}},"9":{"start":{"line":33,"column":24},"end":{"line":38,"column":null}},"10":{"start":{"line":37,"column":2},"end":{"line":37,"column":null}},"11":{"start":{"line":39,"column":0},"end":{"line":39,"column":null}},"12":{"start":{"line":41,"column":20},"end":{"line":45,"column":null}},"13":{"start":{"line":43,"column":4},"end":{"line":43,"column":null}},"14":{"start":{"line":46,"column":0},"end":{"line":46,"column":null}},"15":{"start":{"line":48,"column":19},"end":{"line":52,"column":null}},"16":{"start":{"line":50,"column":4},"end":{"line":50,"column":null}},"17":{"start":{"line":53,"column":0},"end":{"line":53,"column":null}}},"fnMap":{"0":{"name":"(anonymous_0)","decl":{"start":{"line":5,"column":2},"end":{"line":5,"column":3}},"loc":{"start":{"line":6,"column":4},"end":{"line":10,"column":null}},"line":6},"1":{"name":"(anonymous_1)","decl":{"start":{"line":16,"column":2},"end":{"line":16,"column":3}},"loc":{"start":{"line":17,"column":4},"end":{"line":17,"column":null}},"line":17},"2":{"name":"(anonymous_2)","decl":{"start":{"line":23,"column":2},"end":{"line":23,"column":3}},"loc":{"start":{"line":24,"column":4},"end":{"line":28,"column":null}},"line":24},"3":{"name":"(anonymous_3)","decl":{"start":{"line":36,"column":2},"end":{"line":36,"column":3}},"loc":{"start":{"line":37,"column":2},"end":{"line":37,"column":null}},"line":37},"4":{"name":"(anonymous_4)","decl":{"start":{"line":42,"column":2},"end":{"line":42,"column":3}},"loc":{"start":{"line":43,"column":4},"end":{"line":43,"column":null}},"line":43},"5":{"name":"(anonymous_5)","decl":{"start":{"line":49,"column":2},"end":{"line":49,"column":3}},"loc":{"start":{"line":50,"column":4},"end":{"line":50,"column":null}},"line":50}},"branchMap":{},"s":{"0":1,"1":10,"2":1,"3":1,"4":0,"5":1,"6":1,"7":0,"8":1,"9":1,"10":0,"11":1,"12":1,"13":0,"14":1,"15":1,"16":0,"17":1},"f":{"0":10,"1":0,"2":0,"3":0,"4":0,"5":0},"b":{},"meta":{"lastBranch":0,"lastFunction":6,"lastStatement":18,"seen":{"s:4:13:12:Infinity":0,"f:5:2:5:3":0,"s:6:4:10:Infinity":1,"s:13:0:13:Infinity":2,"s:15:19:19:Infinity":3,"f:16:2:16:3":1,"s:17:4:17:Infinity":4,"s:20:0:20:Infinity":5,"s:22:18:30:Infinity":6,"f:23:2:23:3":2,"s:24:4:28:Infinity":7,"s:31:0:31:Infinity":8,"s:33:24:38:Infinity":9,"f:36:2:36:3":3,"s:37:2:37:Infinity":10,"s:39:0:39:Infinity":11,"s:41:20:45:Infinity":12,"f:42:2:42:3":4,"s:43:4:43:Infinity":13,"s:46:0:46:Infinity":14,"s:48:19:52:Infinity":15,"f:49:2:49:3":5,"s:50:4:50:Infinity":16,"s:53:0:53:Infinity":17}}}
,"/Users/jigneshdhamecha/work/PROD_APPS/devtools_hub/src/components/ui/CodeEditor.tsx": {"path":"/Users/jigneshdhamecha/work/PROD_APPS/devtools_hub/src/components/ui/CodeEditor.tsx","statementMap":{"0":{"start":{"line":25,"column":8},"end":{"line":25,"column":null}},"1":{"start":{"line":27,"column":28},"end":{"line":95,"column":null}},"2":{"start":{"line":28,"column":4},"end":{"line":28,"column":null}},"3":{"start":{"line":31,"column":4},"end":{"line":91,"column":null}},"4":{"start":{"line":94,"column":4},"end":{"line":94,"column":null}},"5":{"start":{"line":97,"column":23},"end":{"line":101,"column":null}},"6":{"start":{"line":98,"column":4},"end":{"line":100,"column":null}},"7":{"start":{"line":99,"column":6},"end":{"line":99,"column":null}},"8":{"start":{"line":103,"column":2},"end":{"line":132,"column":null}}},"fnMap":{"0":{"name":"CodeEditor","decl":{"start":{"line":16,"column":16},"end":{"line":16,"column":27}},"loc":{"start":{"line":24,"column":20},"end":{"line":134,"column":null}},"line":24},"1":{"name":"(anonymous_1)","decl":{"start":{"line":27,"column":28},"end":{"line":27,"column":29}},"loc":{"start":{"line":27,"column":94},"end":{"line":95,"column":null}},"line":27},"2":{"name":"(anonymous_2)","decl":{"start":{"line":97,"column":23},"end":{"line":97,"column":24}},"loc":{"start":{"line":97,"column":54},"end":{"line":101,"column":null}},"line":97}},"branchMap":{"0":{"loc":{"start":{"line":19,"column":2},"end":{"line":19,"column":null}},"type":"default-arg","locations":[{"start":{"line":19,"column":13},"end":{"line":19,"column":null}}],"line":19},"1":{"loc":{"start":{"line":20,"column":2},"end":{"line":20,"column":null}},"type":"default-arg","locations":[{"start":{"line":20,"column":13},"end":{"line":20,"column":null}}],"line":20},"2":{"loc":{"start":{"line":23,"column":2},"end":{"line":23,"column":null}},"type":"default-arg","locations":[{"start":{"line":23,"column":11},"end":{"line":23,"column":null}}],"line":23},"3":{"loc":{"start":{"line":98,"column":4},"end":{"line":100,"column":null}},"type":"if","locations":[{"start":{"line":98,"column":4},"end":{"line":100,"column":null}},{"start":{},"end":{}}],"line":98},"4":{"loc":{"start":{"line":98,"column":8},"end":{"line":98,"column":41}},"type":"binary-expr","locations":[{"start":{"line":98,"column":8},"end":{"line":98,"column":20}},{"start":{"line":98,"column":20},"end":{"line":98,"column":41}}],"line":98}},"s":{"0":0,"1":0,"2":0,"3":0,"4":0,"5":0,"6":0,"7":0,"8":0},"f":{"0":0,"1":0,"2":0},"b":{"0":[0],"1":[0],"2":[0],"3":[0,0],"4":[0,0]},"meta":{"lastBranch":5,"lastFunction":3,"lastStatement":9,"seen":{"f:16:16:16:27":0,"b:19:13:19:Infinity":0,"b:20:13:20:Infinity":1,"b:23:11:23:Infinity":2,"s:25:8:25:Infinity":0,"s:27:28:95:Infinity":1,"f:27:28:27:29":1,"s:28:4:28:Infinity":2,"s:31:4:91:Infinity":3,"s:94:4:94:Infinity":4,"s:97:23:101:Infinity":5,"f:97:23:97:24":2,"b:98:4:100:Infinity:undefined:undefined:undefined:undefined":3,"s:98:4:100:Infinity":6,"b:98:8:98:20:98:20:98:41":4,"s:99:6:99:Infinity":7,"s:103:2:132:Infinity":8}}}
,"/Users/jigneshdhamecha/work/PROD_APPS/devtools_hub/src/components/ui/Input.tsx": {"path":"/Users/jigneshdhamecha/work/PROD_APPS/devtools_hub/src/components/ui/Input.tsx","statementMap":{"0":{"start":{"line":6,"column":14},"end":{"line":20,"column":null}},"1":{"start":{"line":8,"column":4},"end":{"line":17,"column":null}},"2":{"start":{"line":21,"column":0},"end":{"line":21,"column":null}}},"fnMap":{"0":{"name":"(anonymous_0)","decl":{"start":{"line":7,"column":2},"end":{"line":7,"column":3}},"loc":{"start":{"line":7,"column":42},"end":{"line":19,"column":null}},"line":7}},"branchMap":{},"s":{"0":0,"1":0,"2":0},"f":{"0":0},"b":{},"meta":{"lastBranch":0,"lastFunction":1,"lastStatement":3,"seen":{"s:6:14:20:Infinity":0,"f:7:2:7:3":0,"s:8:4:17:Infinity":1,"s:21:0:21:Infinity":2}}}
,"/Users/jigneshdhamecha/work/PROD_APPS/devtools_hub/src/components/ui/Modal.tsx": {"path":"/Users/jigneshdhamecha/work/PROD_APPS/devtools_hub/src/components/ui/Modal.tsx","statementMap":{"0":{"start":{"line":16,"column":2},"end":{"line":30,"column":null}},"1":{"start":{"line":17,"column":25},"end":{"line":19,"column":null}},"2":{"start":{"line":18,"column":6},"end":{"line":18,"column":null}},"3":{"start":{"line":18,"column":30},"end":{"line":18,"column":null}},"4":{"start":{"line":21,"column":4},"end":{"line":24,"column":null}},"5":{"start":{"line":22,"column":6},"end":{"line":22,"column":null}},"6":{"start":{"line":23,"column":6},"end":{"line":23,"column":null}},"7":{"start":{"line":26,"column":4},"end":{"line":29,"column":null}},"8":{"start":{"line":27,"column":6},"end":{"line":27,"column":null}},"9":{"start":{"line":28,"column":6},"end":{"line":28,"column":null}},"10":{"start":{"line":32,"column":2},"end":{"line":32,"column":null}},"11":{"start":{"line":32,"column":15},"end":{"line":32,"column":null}},"12":{"start":{"line":34,"column":22},"end":{"line":39,"column":null}},"13":{"start":{"line":41,"column":2},"end":{"line":78,"column":null}}},"fnMap":{"0":{"name":"Modal","decl":{"start":{"line":15,"column":16},"end":{"line":15,"column":22}},"loc":{"start":{"line":15,"column":93},"end":{"line":80,"column":null}},"line":15},"1":{"name":"(anonymous_1)","decl":{"start":{"line":16,"column":12},"end":{"line":16,"column":18}},"loc":{"start":{"line":16,"column":18},"end":{"line":30,"column":5}},"line":16},"2":{"name":"(anonymous_2)","decl":{"start":{"line":17,"column":25},"end":{"line":17,"column":26}},"loc":{"start":{"line":17,"column":47},"end":{"line":19,"column":null}},"line":17},"3":{"name":"(anonymous_3)","decl":{"start":{"line":26,"column":11},"end":{"line":26,"column":17}},"loc":{"start":{"line":26,"column":17},"end":{"line":29,"column":null}},"line":26}},"branchMap":{"0":{"loc":{"start":{"line":15,"column":66},"end":{"line":15,"column":78}},"type":"default-arg","locations":[{"start":{"line":15,"column":73},"end":{"line":15,"column":78}}],"line":15},"1":{"loc":{"start":{"line":18,"column":6},"end":{"line":18,"column":null}},"type":"if","locations":[{"start":{"line":18,"column":6},"end":{"line":18,"column":null}},{"start":{},"end":{}}],"line":18},"2":{"loc":{"start":{"line":21,"column":4},"end":{"line":24,"column":null}},"type":"if","locations":[{"start":{"line":21,"column":4},"end":{"line":24,"column":null}},{"start":{},"end":{}}],"line":21},"3":{"loc":{"start":{"line":32,"column":2},"end":{"line":32,"column":null}},"type":"if","locations":[{"start":{"line":32,"column":2},"end":{"line":32,"column":null}},{"start":{},"end":{}}],"line":32},"4":{"loc":{"start":{"line":72,"column":9},"end":{"line":75,"column":null}},"type":"binary-expr","locations":[{"start":{"line":72,"column":9},"end":{"line":72,"column":null}},{"start":{"line":73,"column":10},"end":{"line":75,"column":null}}],"line":72}},"s":{"0":0,"1":0,"2":0,"3":0,"4":0,"5":0,"6":0,"7":0,"8":0,"9":0,"10":0,"11":0,"12":0,"13":0},"f":{"0":0,"1":0,"2":0,"3":0},"b":{"0":[0],"1":[0,0],"2":[0,0],"3":[0,0],"4":[0,0]},"meta":{"lastBranch":5,"lastFunction":4,"lastStatement":14,"seen":{"f:15:16:15:22":0,"b:15:73:15:78":0,"s:16:2:30:Infinity":0,"f:16:12:16:18":1,"s:17:25:19:Infinity":1,"f:17:25:17:26":2,"b:18:6:18:Infinity:undefined:undefined:undefined:undefined":1,"s:18:6:18:Infinity":2,"s:18:30:18:Infinity":3,"b:21:4:24:Infinity:undefined:undefined:undefined:undefined":2,"s:21:4:24:Infinity":4,"s:22:6:22:Infinity":5,"s:23:6:23:Infinity":6,"s:26:4:29:Infinity":7,"f:26:11:26:17":3,"s:27:6:27:Infinity":8,"s:28:6:28:Infinity":9,"b:32:2:32:Infinity:undefined:undefined:undefined:undefined":3,"s:32:2:32:Infinity":10,"s:32:15:32:Infinity":11,"s:34:22:39:Infinity":12,"s:41:2:78:Infinity":13,"b:72:9:72:Infinity:73:10:75:Infinity":4}}}
,"/Users/jigneshdhamecha/work/PROD_APPS/devtools_hub/src/components/ui/Select.tsx": {"path":"/Users/jigneshdhamecha/work/PROD_APPS/devtools_hub/src/components/ui/Select.tsx","statementMap":{"0":{"start":{"line":6,"column":15},"end":{"line":21,"column":null}},"1":{"start":{"line":8,"column":4},"end":{"line":18,"column":null}},"2":{"start":{"line":22,"column":0},"end":{"line":22,"column":null}}},"fnMap":{"0":{"name":"(anonymous_0)","decl":{"start":{"line":7,"column":2},"end":{"line":7,"column":3}},"loc":{"start":{"line":7,"column":46},"end":{"line":20,"column":null}},"line":7}},"branchMap":{},"s":{"0":0,"1":0,"2":0},"f":{"0":0},"b":{},"meta":{"lastBranch":0,"lastFunction":1,"lastStatement":3,"seen":{"s:6:15:21:Infinity":0,"f:7:2:7:3":0,"s:8:4:18:Infinity":1,"s:22:0:22:Infinity":2}}}
,"/Users/jigneshdhamecha/work/PROD_APPS/devtools_hub/src/components/ui/Textarea.tsx": {"path":"/Users/jigneshdhamecha/work/PROD_APPS/devtools_hub/src/components/ui/Textarea.tsx","statementMap":{"0":{"start":{"line":6,"column":17},"end":{"line":19,"column":null}},"1":{"start":{"line":8,"column":4},"end":{"line":16,"column":null}},"2":{"start":{"line":20,"column":0},"end":{"line":20,"column":null}}},"fnMap":{"0":{"name":"(anonymous_0)","decl":{"start":{"line":7,"column":2},"end":{"line":7,"column":3}},"loc":{"start":{"line":7,"column":36},"end":{"line":18,"column":null}},"line":7}},"branchMap":{},"s":{"0":0,"1":0,"2":0},"f":{"0":0},"b":{},"meta":{"lastBranch":0,"lastFunction":1,"lastStatement":3,"seen":{"s:6:17:19:Infinity":0,"f:7:2:7:3":0,"s:8:4:16:Infinity":1,"s:20:0:20:Infinity":2}}}
,"/Users/jigneshdhamecha/work/PROD_APPS/devtools_hub/src/constants/index.ts": {"path":"/Users/jigneshdhamecha/work/PROD_APPS/devtools_hub/src/constants/index.ts","statementMap":{"0":{"start":{"line":7,"column":26},"end":{"line":13,"column":null}},"1":{"start":{"line":16,"column":28},"end":{"line":18,"column":null}},"2":{"start":{"line":21,"column":30},"end":{"line":30,"column":null}},"3":{"start":{"line":33,"column":30},"end":{"line":42,"column":null}}},"fnMap":{},"branchMap":{},"s":{"0":3,"1":3,"2":3,"3":3},"f":{},"b":{},"meta":{"lastBranch":0,"lastFunction":0,"lastStatement":4,"seen":{"s:7:26:13:Infinity":0,"s:16:28:18:Infinity":1,"s:21:30:30:Infinity":2,"s:33:30:42:Infinity":3}}}
[...]
,"/Users/jigneshdhamecha/work/PROD_APPS/devtools_hub/src/utils/generators/uuid.ts": {"path":"/Users/jigneshdhamecha/work/PROD_APPS/devtools_hub/src/utils/generators/uuid.ts","statementMap":{"0":{"start":{"line":4,"column":2},"end":{"line":4,"column":null}},"1":{"start":{"line":8,"column":2},"end":{"line":8,"column":null}},"2":{"start":{"line":8,"column":39},"end":{"line":8,"column":53}},"3":{"start":{"line":12,"column":20},"end":{"line":12,"column":null}},"4":{"start":{"line":13,"column":2},"end":{"line":13,"column":null}}},"fnMap":{"0":{"name":"generateUuidV4","decl":{"start":{"line":3,"column":16},"end":{"line":3,"column":41}},"loc":{"start":{"line":3,"column":41},"end":{"line":5,"column":null}},"line":3},"1":{"name":"generateMultipleUuids","decl":{"start":{"line":7,"column":16},"end":{"line":7,"column":38}},"loc":{"start":{"line":7,"column":63},"end":{"line":9,"column":null}},"line":7},"2":{"name":"(anonymous_2)","decl":{"start":{"line":8,"column":39},"end":{"line":8,"column":45}},"loc":{"start":{"line":8,"column":39},"end":{"line":8,"column":53}},"line":8},"3":{"name":"isValidUuid","decl":{"start":{"line":11,"column":16},"end":{"line":11,"column":28}},"loc":{"start":{"line":11,"column":51},"end":{"line":14,"column":null}},"line":11}},"branchMap":{},"s":{"0":0,"1":0,"2":0,"3":0,"4":0},"f":{"0":0,"1":0,"2":0,"3":0},"b":{},"meta":{"lastBranch":0,"lastFunction":4,"lastStatement":5,"seen":{"f:3:16:3:41":0,"s:4:2:4:Infinity":0,"f:7:16:7:38":1,"s:8:2:8:Infinity":1,"f:8:39:8:45":2,"s:8:39:8:53":2,"f:11:16:11:28":3,"s:12:20:12:Infinity":3,"s:13:2:13:Infinity":4}}}
,"/Users/jigneshdhamecha/work/PROD_APPS/devtools_hub/src/utils/text/case.ts": {"path":"/Users/jigneshdhamecha/work/PROD_APPS/devtools_hub/src/utils/text/case.ts","statementMap":{"0":{"start":{"line":2,"column":2},"end":{"line":6,"column":null}},"1":{"start":{"line":4,"column":6},"end":{"line":4,"column":null}},"2":{"start":{"line":10,"column":2},"end":{"line":12,"column":null}},"3":{"start":{"line":11,"column":46},"end":{"line":11,"column":64}},"4":{"start":{"line":16,"column":2},"end":{"line":20,"column":null}},"5":{"start":{"line":24,"column":2},"end":{"line":28,"column":null}},"6":{"start":{"line":32,"column":2},"end":{"line":32,"column":null}},"7":{"start":{"line":36,"column":2},"end":{"line":38,"column":null}},"8":{"start":{"line":37,"column":4},"end":{"line":37,"column":null}},"9":{"start":{"line":42,"column":2},"end":{"line":42,"column":null}},"10":{"start":{"line":46,"column":2},"end":{"line":46,"column":null}}},"fnMap":{"0":{"name":"toCamelCase","decl":{"start":{"line":1,"column":16},"end":{"line":1,"column":28}},"loc":{"start":{"line":1,"column":49},"end":{"line":7,"column":null}},"line":1},"1":{"name":"(anonymous_1)","decl":{"start":{"line":3,"column":36},"end":{"line":3,"column":37}},"loc":{"start":{"line":3,"column":53},"end":{"line":5,"column":5}},"line":3},"2":{"name":"toPascalCase","decl":{"start":{"line":9,"column":16},"end":{"line":9,"column":29}},"loc":{"start":{"line":9,"column":50},"end":{"line":13,"column":null}},"line":9},"3":{"name":"(anonymous_3)","decl":{"start":{"line":11,"column":36},"end":{"line":11,"column":37}},"loc":{"start":{"line":11,"column":46},"end":{"line":11,"column":64}},"line":11},"4":{"name":"toSnakeCase","decl":{"start":{"line":15,"column":16},"end":{"line":15,"column":28}},"loc":{"start":{"line":15,"column":49},"end":{"line":21,"column":null}},"line":15},"5":{"name":"toKebabCase","decl":{"start":{"line":23,"column":16},"end":{"line":23,"column":28}},"loc":{"start":{"line":23,"column":49},"end":{"line":29,"column":null}},"line":23},"6":{"name":"toConstantCase","decl":{"start":{"line":31,"column":16},"end":{"line":31,"column":31}},"loc":{"start":{"line":31,"column":52},"end":{"line":33,"column":null}},"line":31},"7":{"name":"toTitleCase","decl":{"start":{"line":35,"column":16},"end":{"line":35,"column":28}},"loc":{"start":{"line":35,"column":49},"end":{"line":39,"column":null}},"line":35},"8":{"name":"(anonymous_8)","decl":{"start":{"line":36,"column":31},"end":{"line":36,"column":32}},"loc":{"start":{"line":36,"column":40},"end":{"line":38,"column":3}},"line":36},"9":{"name":"toLowercase","decl":{"start":{"line":41,"column":16},"end":{"line":41,"column":28}},"loc":{"start":{"line":41,"column":49},"end":{"line":43,"column":null}},"line":41},"10":{"name":"toUppercase","decl":{"start":{"line":45,"column":16},"end":{"line":45,"column":28}},"loc":{"start":{"line":45,"column":49},"end":{"line":47,"column":null}},"line":45}},"branchMap":{"0":{"loc":{"start":{"line":4,"column":13},"end":{"line":4,"column":null}},"type":"cond-expr","locations":[{"start":{"line":4,"column":27},"end":{"line":4,"column":48}},{"start":{"line":4,"column":48},"end":{"line":4,"column":null}}],"line":4}},"s":{"0":0,"1":0,"2":0,"3":0,"4":0,"5":0,"6":0,"7":0,"8":0,"9":0,"10":0},"f":{"0":0,"1":0,"2":0,"3":0,"4":0,"5":0,"6":0,"7":0,"8":0,"9":0,"10":0},"b":{"0":[0,0]},"meta":{"lastBranch":1,"lastFunction":11,"lastStatement":11,"seen":{"f:1:16:1:28":0,"s:2:2:6:Infinity":0,"f:3:36:3:37":1,"s:4:6:4:Infinity":1,"b:4:27:4:48:4:48:4:Infinity":0,"f:9:16:9:29":2,"s:10:2:12:Infinity":2,"f:11:36:11:37":3,"s:11:46:11:64":3,"f:15:16:15:28":4,"s:16:2:20:Infinity":4,"f:23:16:23:28":5,"s:24:2:28:Infinity":5,"f:31:16:31:31":6,"s:32:2:32:Infinity":6,"f:35:16:35:28":7,"s:36:2:38:Infinity":7,"f:36:31:36:32":8,"s:37:4:37:Infinity":8,"f:41:16:41:28":9,"s:42:2:42:Infinity":9,"f:45:16:45:28":10,"s:46:2:46:Infinity":10}}}
,"/Users/jigneshdhamecha/work/PROD_APPS/devtools_hub/src/utils/text/counter.ts": {"path":"/Users/jigneshdhamecha/work/PROD_APPS/devtools_hub/src/utils/text/counter.ts","statementMap":{"0":{"start":{"line":12,"column":21},"end":{"line":12,"column":null}},"1":{"start":{"line":13,"column":29},"end":{"line":13,"column":null}},"2":{"start":{"line":15,"column":16},"end":{"line":15,"column":null}},"3":{"start":{"line":17,"column":16},"end":{"line":17,"column":null}},"4":{"start":{"line":19,"column":20},"end":{"line":21,"column":null}},"5":{"start":{"line":21,"column":39},"end":{"line":21,"column":58}},"6":{"start":{"line":23,"column":21},"end":{"line":25,"column":null}},"7":{"start":{"line":25,"column":40},"end":{"line":25,"column":59}},"8":{"start":{"line":28,"column":22},"end":{"line":28,"column":null}},"9":{"start":{"line":30,"column":2},"end":{"line":38,"column":null}}},"fnMap":{"0":{"name":"countText","decl":{"start":{"line":11,"column":16},"end":{"line":11,"column":26}},"loc":{"start":{"line":11,"column":51},"end":{"line":39,"column":null}},"line":11},"1":{"name":"(anonymous_1)","decl":{"start":{"line":21,"column":34},"end":{"line":21,"column":39}},"loc":{"start":{"line":21,"column":39},"end":{"line":21,"column":58}},"line":21},"2":{"name":"(anonymous_2)","decl":{"start":{"line":25,"column":35},"end":{"line":25,"column":40}},"loc":{"start":{"line":25,"column":40},"end":{"line":25,"column":59}},"line":25}},"branchMap":{"0":{"loc":{"start":{"line":15,"column":16},"end":{"line":15,"column":null}},"type":"cond-expr","locations":[{"start":{"line":15,"column":37},"end":{"line":15,"column":41}},{"start":{"line":15,"column":41},"end":{"line":15,"column":null}}],"line":15},"1":{"loc":{"start":{"line":17,"column":16},"end":{"line":17,"column":null}},"type":"cond-expr","locations":[{"start":{"line":17,"column":30},"end":{"line":17,"column":34}},{"start":{"line":17,"column":34},"end":{"line":17,"column":null}}],"line":17},"2":{"loc":{"start":{"line":19,"column":20},"end":{"line":21,"column":null}},"type":"cond-expr","locations":[{"start":{"line":20,"column":6},"end":{"line":20,"column":null}},{"start":{"line":21,"column":6},"end":{"line":21,"column":null}}],"line":19},"3":{"loc":{"start":{"line":23,"column":21},"end":{"line":25,"column":null}},"type":"cond-expr","locations":[{"start":{"line":24,"column":6},"end":{"line":24,"column":null}},{"start":{"line":25,"column":6},"end":{"line":25,"column":null}}],"line":23}},"s":{"0":0,"1":0,"2":0,"3":0,"4":0,"5":0,"6":0,"7":0,"8":0,"9":0},"f":{"0":0,"1":0,"2":0},"b":{"0":[0,0],"1":[0,0],"2":[0,0],"3":[0,0]},"meta":{"lastBranch":4,"lastFunction":3,"lastStatement":10,"seen":{"f:11:16:11:26":0,"s:12:21:12:Infinity":0,"s:13:29:13:Infinity":1,"s:15:16:15:Infinity":2,"b:15:37:15:41:15:41:15:Infinity":0,"s:17:16:17:Infinity":3,"b:17:30:17:34:17:34:17:Infinity":1,"s:19:20:21:Infinity":4,"b:20:6:20:Infinity:21:6:21:Infinity":2,"f:21:34:21:39":1,"s:21:39:21:58":5,"s:23:21:25:Infinity":6,"b:24:6:24:Infinity:25:6:25:Infinity":3,"f:25:35:25:40":2,"s:25:40:25:59":7,"s:28:22:28:Infinity":8,"s:30:2:38:Infinity":9}}}
,"/Users/jigneshdhamecha/work/PROD_APPS/devtools_hub/src/utils/text/diff.ts": {"path":"/Users/jigneshdhamecha/work/PROD_APPS/devtools_hub/src/utils/text/diff.ts","statementMap":{"0":{"start":{"line":18,"column":17},"end":{"line":18,"column":null}},"1":{"start":{"line":19,"column":17},"end":{"line":19,"column":null}},"2":{"start":{"line":21,"column":29},"end":{"line":21,"column":null}},"3":{"start":{"line":22,"column":16},"end":{"line":22,"column":null}},"4":{"start":{"line":25,"column":14},"end":{"line":25,"column":null}},"5":{"start":{"line":27,"column":10},"end":{"line":27,"column":13}},"6":{"start":{"line":27,"column":17},"end":{"line":27,"column":null}},"7":{"start":{"line":28,"column":19},"end":{"line":28,"column":22}},"8":{"start":{"line":28,"column":35},"end":{"line":28,"column":null}},"9":{"start":{"line":30,"column":2},"end":{"line":61,"column":null}},"10":{"start":{"line":31,"column":4},"end":{"line":60,"column":null}},"11":{"start":{"line":33,"column":6},"end":{"line":38,"column":null}},"12":{"start":{"line":39,"column":6},"end":{"line":39,"column":null}},"13":{"start":{"line":40,"column":6},"end":{"line":40,"column":null}},"14":{"start":{"line":41,"column":6},"end":{"line":41,"column":null}},"15":{"start":{"line":42,"column":4},"end":{"line":60,"column":null}},"16":{"start":{"line":44,"column":6},"end":{"line":48,"column":null}},"17":{"start":{"line":49,"column":6},"end":{"line":49,"column":null}},"18":{"start":{"line":50,"column":6},"end":{"line":50,"column":null}},"19":{"start":{"line":53,"column":6},"end":{"line":57,"column":null}},"20":{"start":{"line":58,"column":6},"end":{"line":58,"column":null}},"21":{"start":{"line":59,"column":6},"end":{"line":59,"column":null}},"22":{"start":{"line":63,"column":2},"end":{"line":63,"column":null}},"23":{"start":{"line":67,"column":12},"end":{"line":67,"column":null}},"24":{"start":{"line":68,"column":12},"end":{"line":68,"column":null}},"25":{"start":{"line":69,"column":25},"end":{"line":69,"column":null}},"26":{"start":{"line":69,"column":56},"end":{"line":69,"column":76}},"27":{"start":{"line":72,"column":2},"end":{"line":80,"column":null}},"28":{"start":{"line":72,"column":15},"end":{"line":72,"column":18}},"29":{"start":{"line":73,"column":4},"end":{"line":79,"column":null}},"30":{"start":{"line":73,"column":17},"end":{"line":73,"column":20}},"31":{"start":{"line":74,"column":6},"end":{"line":78,"column":null}},"32":{"start":{"line":75,"column":8},"end":{"line":75,"column":null}},"33":{"start":{"line":77,"column":8},"end":{"line":77,"column":null}},"34":{"start":{"line":83,"column":21},"end":{"line":83,"column":null}},"35":{"start":{"line":84,"column":10},"end":{"line":84,"column":13}},"36":{"start":{"line":84,"column":17},"end":{"line":84,"column":null}},"37":{"start":{"line":85,"column":2},"end":{"line":95,"column":null}},"38":{"start":{"line":86,"column":4},"end":{"line":94,"column":null}},"39":{"start":{"line":87,"column":6},"end":{"line":87,"column":null}},"40":{"start":{"line":88,"column":6},"end":{"line":88,"column":null}},"41":{"start":{"line":89,"column":6},"end":{"line":89,"column":null}},"42":{"start":{"line":90,"column":4},"end":{"line":94,"column":null}},"43":{"start":{"line":91,"column":6},"end":{"line":91,"column":null}},"44":{"start":{"line":93,"column":6},"end":{"line":93,"column":null}},"45":{"start":{"line":97,"column":2},"end":{"line":97,"column":null}},"46":{"start":{"line":101,"column":2},"end":{"line":101,"column":null}}},"fnMap":{"0":{"name":"diffText","decl":{"start":{"line":17,"column":16},"end":{"line":17,"column":25}},"loc":{"start":{"line":17,"column":67},"end":{"line":64,"column":null}},"line":17},"1":{"name":"computeLCS","decl":{"start":{"line":66,"column":9},"end":{"line":66,"column":20}},"loc":{"start":{"line":66,"column":65},"end":{"line":98,"column":null}},"line":66},"2":{"name":"(anonymous_2)","decl":{"start":{"line":69,"column":50},"end":{"line":69,"column":56}},"loc":{"start":{"line":69,"column":56},"end":{"line":69,"column":76}},"line":69},"3":{"name":"isInLCS","decl":{"start":{"line":100,"column":9},"end":{"line":100,"column":17}},"loc":{"start":{"line":100,"column":59},"end":{"line":102,"column":null}},"line":100}},"branchMap":{"0":{"loc":{"start":{"line":30,"column":9},"end":{"line":30,"column":49}},"type":"binary-expr","locations":[{"start":{"line":30,"column":9},"end":{"line":30,"column":30}},{"start":{"line":30,"column":30},"end":{"line":30,"column":49}}],"line":30},"1":{"loc":{"start":{"line":31,"column":4},"end":{"line":60,"column":null}},"type":"if","locations":[{"start":{"line":31,"column":4},"end":{"line":60,"column":null}},{"start":{"line":42,"column":4},"end":{"line":60,"column":null}}],"line":31},"2":{"loc":{"start":{"line":31,"column":8},"end":{"line":31,"column":75}},"type":"binary-expr","locations":[{"start":{"line":31,"column":8},"end":{"line":31,"column":29}},{"start":{"line":31,"column":29},"end":{"line":31,"column":50}},{"start":{"line":31,"column":50},"end":{"line":31,"column":75}}],"line":31},"3":{"loc":{"start":{"line":42,"column":4},"end":{"line":60,"column":null}},"type":"if","locations":[{"start":{"line":42,"column":4},"end":{"line":60,"column":null}},{"start":{"line":51,"column":11},"end":{"line":60,"column":null}}],"line":42},"4":{"loc":{"start":{"line":42,"column":15},"end":{"line":42,"column":78}},"type":"binary-expr","locations":[{"start":{"line":42,"column":15},"end":{"line":42,"column":38}},{"start":{"line":42,"column":38},"end":{"line":42,"column":59}},{"start":{"line":42,"column":59},"end":{"line":42,"column":78}}],"line":42},"5":{"loc":{"start":{"line":74,"column":6},"end":{"line":78,"column":null}},"type":"if","locations":[{"start":{"line":74,"column":6},"end":{"line":78,"column":null}},{"start":{"line":76,"column":13},"end":{"line":78,"column":null}}],"line":74},"6":{"loc":{"start":{"line":85,"column":9},"end":{"line":85,"column":25}},"type":"binary-expr","locations":[{"start":{"line":85,"column":9},"end":{"line":85,"column":18}},{"start":{"line":85,"column":18},"end":{"line":85,"column":25}}],"line":85},"7":{"loc":{"start":{"line":86,"column":4},"end":{"line":94,"column":null}},"type":"if","locations":[{"start":{"line":86,"column":4},"end":{"line":94,"column":null}},{"start":{"line":90,"column":4},"end":{"line":94,"column":null}}],"line":86},"8":{"loc":{"start":{"line":90,"column":4},"end":{"line":94,"column":null}},"type":"if","locations":[{"start":{"line":90,"column":4},"end":{"line":94,"column":null}},{"start":{"line":92,"column":11},"end":{"line":94,"column":null}}],"line":90}},"s":{"0":0,"1":0,"2":0,"3":0,"4":0,"5":0,"6":0,"7":0,"8":0,"9":0,"10":0,"11":0,"12":0,"13":0,"14":0,"15":0,"16":0,"17":0,"18":0,"19":0,"20":0,"21":0,"22":0,"23":0,"24":0,"25":0,"26":0,"27":0,"28":0,"29":0,"30":0,"31":0,"32":0,"33":0,"34":0,"35":0,"36":0,"37":0,"38":0,"39":0,"40":0,"41":0,"42":0,"43":0,"44":0,"45":0,"46":0},"f":{"0":0,"1":0,"2":0,"3":0},"b":{"0":[0,0],"1":[0,0],"2":[0,0,0],"3":[0,0],"4":[0,0,0],"5":[0,0],"6":[0,0],"7":[0,0],"8":[0,0]},"meta":{"lastBranch":9,"lastFunction":4,"lastStatement":47,"seen":{"f:17:16:17:25":0,"s:18:17:18:Infinity":0,"s:19:17:19:Infinity":1,"s:21:29:21:Infinity":2,"s:22:16:22:Infinity":3,"s:25:14:25:Infinity":4,"s:27:10:27:13":5,"s:27:17:27:Infinity":6,"s:28:19:28:22":7,"s:28:35:28:Infinity":8,"s:30:2:61:Infinity":9,"b:30:9:30:30:30:30:30:49":0,"b:31:4:60:Infinity:42:4:60:Infinity":1,"s:31:4:60:Infinity":10,"b:31:8:31:29:31:29:31:50:31:50:31:75":2,"s:33:6:38:Infinity":11,"s:39:6:39:Infinity":12,"s:40:6:40:Infinity":13,"s:41:6:41:Infinity":14,"b:42:4:60:Infinity:51:11:60:Infinity":3,"s:42:4:60:Infinity":15,"b:42:15:42:38:42:38:42:59:42:59:42:78":4,"s:44:6:48:Infinity":16,"s:49:6:49:Infinity":17,"s:50:6:50:Infinity":18,"s:53:6:57:Infinity":19,"s:58:6:58:Infinity":20,"s:59:6:59:Infinity":21,"s:63:2:63:Infinity":22,"f:66:9:66:20":1,"s:67:12:67:Infinity":23,"s:68:12:68:Infinity":24,"s:69:25:69:Infinity":25,"f:69:50:69:56":2,"s:69:56:69:76":26,"s:72:2:80:Infinity":27,"s:72:15:72:18":28,"s:73:4:79:Infinity":29,"s:73:17:73:20":30,"b:74:6:78:Infinity:76:13:78:Infinity":5,"s:74:6:78:Infinity":31,"s:75:8:75:Infinity":32,"s:77:8:77:Infinity":33,"s:83:21:83:Infinity":34,"s:84:10:84:13":35,"s:84:17:84:Infinity":36,"s:85:2:95:Infinity":37,"b:85:9:85:18:85:18:85:25":6,"b:86:4:94:Infinity:90:4:94:Infinity":7,"s:86:4:94:Infinity":38,"s:87:6:87:Infinity":39,"s:88:6:88:Infinity":40,"s:89:6:89:Infinity":41,"b:90:4:94:Infinity:92:11:94:Infinity":8,"s:90:4:94:Infinity":42,"s:91:6:91:Infinity":43,"s:93:6:93:Infinity":44,"s:97:2:97:Infinity":45,"f:100:9:100:17":3,"s:101:2:101:Infinity":46}}}
,"/Users/jigneshdhamecha/work/PROD_APPS/devtools_hub/src/utils/text/lorem.ts": {"path":"/Users/jigneshdhamecha/work/PROD_APPS/devtools_hub/src/utils/text/lorem.ts","statementMap":{"0":{"start":{"line":1,"column":20},"end":{"line":10,"column":null}},"1":{"start":{"line":13,"column":16},"end":{"line":13,"column":null}},"2":{"start":{"line":14,"column":2},"end":{"line":16,"column":null}},"3":{"start":{"line":14,"column":15},"end":{"line":14,"column":18}},"4":{"start":{"line":15,"column":4},"end":{"line":15,"column":null}},"5":{"start":{"line":17,"column":2},"end":{"line":17,"column":null}},"6":{"start":{"line":21,"column":20},"end":{"line":21,"column":null}},"7":{"start":{"line":22,"column":2},"end":{"line":26,"column":null}},"8":{"start":{"line":22,"column":15},"end":{"line":22,"column":18}},"9":{"start":{"line":23,"column":22},"end":{"line":23,"column":null}},"10":{"start":{"line":24,"column":21},"end":{"line":24,"column":null}},"11":{"start":{"line":25,"column":4},"end":{"line":25,"column":null}},"12":{"start":{"line":27,"column":2},"end":{"line":27,"column":null}},"13":{"start":{"line":31,"column":21},"end":{"line":31,"column":null}},"14":{"start":{"line":32,"column":2},"end":{"line":35,"column":null}},"15":{"start":{"line":32,"column":15},"end":{"line":32,"column":18}},"16":{"start":{"line":33,"column":26},"end":{"line":33,"column":null}},"17":{"start":{"line":34,"column":4},"end":{"line":34,"column":null}},"18":{"start":{"line":36,"column":2},"end":{"line":36,"column":null}}},"fnMap":{"0":{"name":"generateLoremWords","decl":{"start":{"line":12,"column":16},"end":{"line":12,"column":35}},"loc":{"start":{"line":12,"column":58},"end":{"line":18,"column":null}},"line":12},"1":{"name":"generateLoremSentences","decl":{"start":{"line":20,"column":16},"end":{"line":20,"column":39}},"loc":{"start":{"line":20,"column":62},"end":{"line":28,"column":null}},"line":20},"2":{"name":"generateLoremParagraphs","decl":{"start":{"line":30,"column":16},"end":{"line":30,"column":40}},"loc":{"start":{"line":30,"column":63},"end":{"line":37,"column":null}},"line":30}},"branchMap":{},"s":{"0":0,"1":0,"2":0,"3":0,"4":0,"5":0,"6":0,"7":0,"8":0,"9":0,"10":0,"11":0,"12":0,"13":0,"14":0,"15":0,"16":0,"17":0,"18":0},"f":{"0":0,"1":0,"2":0},"b":{},"meta":{"lastBranch":0,"lastFunction":3,"lastStatement":19,"seen":{"s:1:20:10:Infinity":0,"f:12:16:12:35":0,"s:13:16:13:Infinity":1,"s:14:2:16:Infinity":2,"s:14:15:14:18":3,"s:15:4:15:Infinity":4,"s:17:2:17:Infinity":5,"f:20:16:20:39":1,"s:21:20:21:Infinity":6,"s:22:2:26:Infinity":7,"s:22:15:22:18":8,"s:23:22:23:Infinity":9,"s:24:21:24:Infinity":10,"s:25:4:25:Infinity":11,"s:27:2:27:Infinity":12,"f:30:16:30:40":2,"s:31:21:31:Infinity":13,"s:32:2:35:Infinity":14,"s:32:15:32:18":15,"s:33:26:33:Infinity":16,"s:34:4:34:Infinity":17,"s:36:2:36:Infinity":18}}}
}
