{"/Users/jigneshdhamecha/work/PROD_APPS/devtools_hub/src/constants/index.ts": {"path":"/Users/jigneshdhamecha/work/PROD_APPS/devtools_hub/src/constants/index.ts","statementMap":{"0":{"start":{"line":7,"column":26},"end":{"line":13,"column":null}},"1":{"start":{"line":16,"column":28},"end":{"line":18,"column":null}},"2":{"start":{"line":21,"column":30},"end":{"line":30,"column":null}},"3":{"start":{"line":33,"column":30},"end":{"line":42,"column":null}}},"fnMap":{},"branchMap":{},"s":{"0":3,"1":3,"2":3,"3":3},"f":{},"b":{},"meta":{"lastBranch":0,"lastFunction":0,"lastStatement":4,"seen":{"s:7:26:13:Infinity":0,"s:16:28:18:Infinity":1,"s:21:30:30:Infinity":2,"s:33:30:42:Infinity":3}}}
,"/Users/jigneshdhamecha/work/PROD_APPS/devtools_hub/src/hooks/useClipboard.ts": {"path":"/Users/jigneshdhamecha/work/PROD_APPS/devtools_hub/src/hooks/useClipboard.ts","statementMap":{"0":{"start":{"line":51,"column":6},"end":{"line":51,"column":null}},"1":{"start":{"line":53,"column":26},"end":{"line":53,"column":null}},"2":{"start":{"line":55,"column":8},"end":{"line":57,"column":null}},"3":{"start":{"line":56,"column":4},"end":{"line":56,"column":null}},"4":{"start":{"line":59,"column":8},"end":{"line":82,"column":null}},"5":{"start":{"line":61,"column":6},"end":{"line":79,"column":null}},"6":{"start":{"line":62,"column":8},"end":{"line":62,"column":null}},"7":{"start":{"line":63,"column":8},"end":{"line":63,"column":null}},"8":{"start":{"line":65,"column":8},"end":{"line":67,"column":null}},"9":{"start":{"line":66,"column":10},"end":{"line":66,"column":null}},"10":{"start":{"line":69,"column":8},"end":{"line":69,"column":null}},"11":{"start":{"line":69,"column":25},"end":{"line":69,"column":43}},"12":{"start":{"line":70,"column":8},"end":{"line":70,"column":null}},"13":{"start":{"line":72,"column":8},"end":{"line":72,"column":null}},"14":{"start":{"line":74,"column":8},"end":{"line":76,"column":null}},"15":{"start":{"line":75,"column":10},"end":{"line":75,"column":null}},"16":{"start":{"line":78,"column":8},"end":{"line":78,"column":null}},"17":{"start":{"line":84,"column":2},"end":{"line":84,"column":null}}},"fnMap":{"0":{"name":"useClipboard","decl":{"start":{"line":45,"column":16},"end":{"line":45,"column":29}},"loc":{"start":{"line":45,"column":84},"end":{"line":85,"column":null}},"line":45},"1":{"name":"(anonymous_1)","decl":{"start":{"line":55,"column":28},"end":{"line":55,"column":34}},"loc":{"start":{"line":55,"column":34},"end":{"line":57,"column":5}},"line":55},"2":{"name":"(anonymous_2)","decl":{"start":{"line":60,"column":4},"end":{"line":60,"column":11}},"loc":{"start":{"line":60,"column":46},"end":{"line":80,"column":null}},"line":60},"3":{"name":"(anonymous_3)","decl":{"start":{"line":69,"column":19},"end":{"line":69,"column":25}},"loc":{"start":{"line":69,"column":25},"end":{"line":69,"column":43}},"line":69}},"branchMap":{"0":{"loc":{"start":{"line":45,"column":29},"end":{"line":45,"column":84}},"type":"default-arg","locations":[{"start":{"line":45,"column":60},"end":{"line":45,"column":84}}],"line":45},"1":{"loc":{"start":{"line":47,"column":4},"end":{"line":47,"column":null}},"type":"default-arg","locations":[{"start":{"line":47,"column":14},"end":{"line":47,"column":null}}],"line":47},"2":{"loc":{"start":{"line":48,"column":4},"end":{"line":48,"column":null}},"type":"default-arg","locations":[{"start":{"line":48,"column":16},"end":{"line":48,"column":null}}],"line":48},"3":{"loc":{"start":{"line":49,"column":4},"end":{"line":49,"column":null}},"type":"default-arg","locations":[{"start":{"line":49,"column":21},"end":{"line":49,"column":null}}],"line":49},"4":{"loc":{"start":{"line":50,"column":4},"end":{"line":50,"column":null}},"type":"default-arg","locations":[{"start":{"line":50,"column":19},"end":{"line":50,"column":null}}],"line":50},"5":{"loc":{"start":{"line":65,"column":8},"end":{"line":67,"column":null}},"type":"if","locations":[{"start":{"line":65,"column":8},"end":{"line":67,"column":null}},{"start":{},"end":{}}],"line":65},"6":{"loc":{"start":{"line":74,"column":8},"end":{"line":76,"column":null}},"type":"if","locations":[{"start":{"line":74,"column":8},"end":{"line":76,"column":null}},{"start":{},"end":{}}],"line":74}},"s":{"0":12,"1":12,"2":12,"3":1,"4":12,"5":5,"6":5,"7":4,"8":4,"9":0,"10":4,"11":1,"12":4,"13":1,"14":1,"15":0,"16":1,"17":12},"f":{"0":12,"1":1,"2":5,"3":1},"b":{"0":[12],"1":[12],"2":[12],"3":[12],"4":[12],"5":[0,4],"6":[0,1]},"meta":{"lastBranch":7,"lastFunction":4,"lastStatement":18,"seen":{"f:45:16:45:29":0,"b:45:60:45:84":0,"s:51:6:51:Infinity":0,"b:47:14:47:Infinity":1,"b:48:16:48:Infinity":2,"b:49:21:49:Infinity":3,"b:50:19:50:Infinity":4,"s:53:26:53:Infinity":1,"s:55:8:57:Infinity":2,"f:55:28:55:34":1,"s:56:4:56:Infinity":3,"s:59:8:82:Infinity":4,"f:60:4:60:11":2,"s:61:6:79:Infinity":5,"s:62:8:62:Infinity":6,"s:63:8:63:Infinity":7,"b:65:8:67:Infinity:undefined:undefined:undefined:undefined":5,"s:65:8:67:Infinity":8,"s:66:10:66:Infinity":9,"s:69:8:69:Infinity":10,"f:69:19:69:25":3,"s:69:25:69:43":11,"s:70:8:70:Infinity":12,"s:72:8:72:Infinity":13,"b:74:8:76:Infinity:undefined:undefined:undefined:undefined":6,"s:74:8:76:Infinity":14,"s:75:10:75:Infinity":15,"s:78:8:78:Infinity":16,"s:84:2:84:Infinity":17}}}
,"/Users/jigneshdhamecha/work/PROD_APPS/devtools_hub/src/hooks/useDebounce.ts": {"path":"/Users/jigneshdhamecha/work/PROD_APPS/devtools_hub/src/hooks/useDebounce.ts","statementMap":{"0":{"start":{"line":4,"column":42},"end":{"line":4,"column":null}},"1":{"start":{"line":6,"column":2},"end":{"line":14,"column":null}},"2":{"start":{"line":7,"column":20},"end":{"line":9,"column":null}},"3":{"start":{"line":8,"column":6},"end":{"line":8,"column":null}},"4":{"start":{"line":11,"column":4},"end":{"line":13,"column":null}},"5":{"start":{"line":12,"column":6},"end":{"line":12,"column":null}},"6":{"start":{"line":16,"column":2},"end":{"line":16,"column":null}}},"fnMap":{"0":{"name":"useDebounce","decl":{"start":{"line":3,"column":16},"end":{"line":3,"column":31}},"loc":{"start":{"line":3,"column":65},"end":{"line":17,"column":null}},"line":3},"1":{"name":"(anonymous_1)","decl":{"start":{"line":6,"column":12},"end":{"line":6,"column":18}},"loc":{"start":{"line":6,"column":18},"end":{"line":14,"column":5}},"line":6},"2":{"name":"(anonymous_2)","decl":{"start":{"line":7,"column":31},"end":{"line":7,"column":37}},"loc":{"start":{"line":7,"column":37},"end":{"line":9,"column":7}},"line":7},"3":{"name":"(anonymous_3)","decl":{"start":{"line":11,"column":11},"end":{"line":11,"column":17}},"loc":{"start":{"line":11,"column":17},"end":{"line":13,"column":null}},"line":11}},"branchMap":{"0":{"loc":{"start":{"line":3,"column":41},"end":{"line":3,"column":65}},"type":"default-arg","locations":[{"start":{"line":3,"column":57},"end":{"line":3,"column":65}}],"line":3}},"s":{"0":15,"1":15,"2":11,"3":4,"4":11,"5":11,"6":15},"f":{"0":15,"1":11,"2":4,"3":11},"b":{"0":[15]},"meta":{"lastBranch":1,"lastFunction":4,"lastStatement":7,"seen":{"f:3:16:3:31":0,"b:3:57:3:65":0,"s:4:42:4:Infinity":0,"s:6:2:14:Infinity":1,"f:6:12:6:18":1,"s:7:20:9:Infinity":2,"f:7:31:7:37":2,"s:8:6:8:Infinity":3,"s:11:4:13:Infinity":4,"f:11:11:11:17":3,"s:12:6:12:Infinity":5,"s:16:2:16:Infinity":6}}}
,"/Users/jigneshdhamecha/work/PROD_APPS/devtools_hub/src/hooks/useKeyboardShortcut.ts": {"path":"/Users/jigneshdhamecha/work/PROD_APPS/devtools_hub/src/hooks/useKeyboardShortcut.ts","statementMap":{"0":{"start":{"line":54,"column":6},"end":{"line":54,"column":null}},"1":{"start":{"line":56,"column":8},"end":{"line":88,"column":null}},"2":{"start":{"line":58,"column":6},"end":{"line":58,"column":null}},"3":{"start":{"line":58,"column":20},"end":{"line":58,"column":null}},"4":{"start":{"line":61,"column":25},"end":{"line":61,"column":null}},"5":{"start":{"line":62,"column":6},"end":{"line":62,"column":null}},"6":{"start":{"line":62,"column":23},"end":{"line":62,"column":null}},"7":{"start":{"line":65,"column":6},"end":{"line":73,"column":null}},"8":{"start":{"line":67,"column":28},"end":{"line":67,"column":null}},"9":{"start":{"line":68,"column":8},"end":{"line":68,"column":null}},"10":{"start":{"line":68,"column":26},"end":{"line":68,"column":null}},"11":{"start":{"line":72,"column":8},"end":{"line":72,"column":null}},"12":{"start":{"line":72,"column":44},"end":{"line":72,"column":null}},"13":{"start":{"line":76,"column":6},"end":{"line":76,"column":null}},"14":{"start":{"line":76,"column":39},"end":{"line":76,"column":null}},"15":{"start":{"line":77,"column":6},"end":{"line":77,"column":null}},"16":{"start":{"line":77,"column":39},"end":{"line":77,"column":null}},"17":{"start":{"line":78,"column":6},"end":{"line":78,"column":null}},"18":{"start":{"line":78,"column":35},"end":{"line":78,"column":null}},"19":{"start":{"line":79,"column":6},"end":{"line":79,"column":null}},"20":{"start":{"line":79,"column":35},"end":{"line":79,"column":null}},"21":{"start":{"line":81,"column":6},"end":{"line":83,"column":null}},"22":{"start":{"line":82,"column":8},"end":{"line":82,"column":null}},"23":{"start":{"line":85,"column":6},"end":{"line":85,"column":null}},"24":{"start":{"line":90,"column":2},"end":{"line":93,"column":null}},"25":{"start":{"line":91,"column":4},"end":{"line":91,"column":null}},"26":{"start":{"line":92,"column":4},"end":{"line":92,"column":null}},"27":{"start":{"line":92,"column":17},"end":{"line":92,"column":null}}},"fnMap":{"0":{"name":"useKeyboardShortcut","decl":{"start":{"line":42,"column":16},"end":{"line":42,"column":null}},"loc":{"start":{"line":45,"column":8},"end":{"line":94,"column":null}},"line":45},"1":{"name":"(anonymous_1)","decl":{"start":{"line":57,"column":4},"end":{"line":57,"column":5}},"loc":{"start":{"line":57,"column":30},"end":{"line":86,"column":null}},"line":57},"2":{"name":"(anonymous_2)","decl":{"start":{"line":90,"column":12},"end":{"line":90,"column":18}},"loc":{"start":{"line":90,"column":18},"end":{"line":93,"column":5}},"line":90},"3":{"name":"(anonymous_3)","decl":{"start":{"line":92,"column":11},"end":{"line":92,"column":17}},"loc":{"start":{"line":92,"column":17},"end":{"line":92,"column":null}},"line":92}},"branchMap":{"0":{"loc":{"start":{"line":48,"column":4},"end":{"line":48,"column":null}},"type":"default-arg","locations":[{"start":{"line":48,"column":14},"end":{"line":48,"column":null}}],"line":48},"1":{"loc":{"start":{"line":49,"column":4},"end":{"line":49,"column":null}},"type":"default-arg","locations":[{"start":{"line":49,"column":14},"end":{"line":49,"column":null}}],"line":49},"2":{"loc":{"start":{"line":50,"column":4},"end":{"line":50,"column":null}},"type":"default-arg","locations":[{"start":{"line":50,"column":15},"end":{"line":50,"column":null}}],"line":50},"3":{"loc":{"start":{"line":51,"column":4},"end":{"line":51,"column":null}},"type":"default-arg","locations":[{"start":{"line":51,"column":13},"end":{"line":51,"column":null}}],"line":51},"4":{"loc":{"start":{"line":52,"column":4},"end":{"line":52,"column":null}},"type":"default-arg","locations":[{"start":{"line":52,"column":14},"end":{"line":52,"column":null}}],"line":52},"5":{"loc":{"start":{"line":53,"column":4},"end":{"line":53,"column":null}},"type":"default-arg","locations":[{"start":{"line":53,"column":21},"end":{"line":53,"column":null}}],"line":53},"6":{"loc":{"start":{"line":58,"column":6},"end":{"line":58,"column":null}},"type":"if","locations":[{"start":{"line":58,"column":6},"end":{"line":58,"column":null}},{"start":{},"end":{}}],"line":58},"7":{"loc":{"start":{"line":62,"column":6},"end":{"line":62,"column":null}},"type":"if","locations":[{"start":{"line":62,"column":6},"end":{"line":62,"column":null}},{"start":{},"end":{}}],"line":62},"8":{"loc":{"start":{"line":65,"column":6},"end":{"line":73,"column":null}},"type":"if","locations":[{"start":{"line":65,"column":6},"end":{"line":73,"column":null}},{"start":{"line":69,"column":13},"end":{"line":73,"column":null}}],"line":65},"9":{"loc":{"start":{"line":65,"column":10},"end":{"line":65,"column":30}},"type":"binary-expr","locations":[{"start":{"line":65,"column":10},"end":{"line":65,"column":21}},{"start":{"line":65,"column":21},"end":{"line":65,"column":30}}],"line":65},"10":{"loc":{"start":{"line":67,"column":28},"end":{"line":67,"column":null}},"type":"binary-expr","locations":[{"start":{"line":67,"column":28},"end":{"line":67,"column":45}},{"start":{"line":67,"column":45},"end":{"line":67,"column":null}}],"line":67},"11":{"loc":{"start":{"line":68,"column":8},"end":{"line":68,"column":null}},"type":"if","locations":[{"start":{"line":68,"column":8},"end":{"line":68,"column":null}},{"start":{},"end":{}}],"line":68},"12":{"loc":{"start":{"line":72,"column":8},"end":{"line":72,"column":null}},"type":"if","locations":[{"start":{"line":72,"column":8},"end":{"line":72,"column":null}},{"start":{},"end":{}}],"line":72},"13":{"loc":{"start":{"line":72,"column":12},"end":{"line":72,"column":44}},"type":"binary-expr","locations":[{"start":{"line":72,"column":12},"end":{"line":72,"column":29}},{"start":{"line":72,"column":29},"end":{"line":72,"column":44}}],"line":72},"14":{"loc":{"start":{"line":76,"column":6},"end":{"line":76,"column":null}},"type":"if","locations":[{"start":{"line":76,"column":6},"end":{"line":76,"column":null}},{"start":{},"end":{}}],"line":76},"15":{"loc":{"start":{"line":76,"column":10},"end":{"line":76,"column":39}},"type":"binary-expr","locations":[{"start":{"line":76,"column":10},"end":{"line":76,"column":22}},{"start":{"line":76,"column":22},"end":{"line":76,"column":39}}],"line":76},"16":{"loc":{"start":{"line":77,"column":6},"end":{"line":77,"column":null}},"type":"if","locations":[{"start":{"line":77,"column":6},"end":{"line":77,"column":null}},{"start":{},"end":{}}],"line":77},"17":{"loc":{"start":{"line":77,"column":10},"end":{"line":77,"column":39}},"type":"binary-expr","locations":[{"start":{"line":77,"column":10},"end":{"line":77,"column":23}},{"start":{"line":77,"column":23},"end":{"line":77,"column":39}}],"line":77},"18":{"loc":{"start":{"line":78,"column":6},"end":{"line":78,"column":null}},"type":"if","locations":[{"start":{"line":78,"column":6},"end":{"line":78,"column":null}},{"start":{},"end":{}}],"line":78},"19":{"loc":{"start":{"line":78,"column":10},"end":{"line":78,"column":35}},"type":"binary-expr","locations":[{"start":{"line":78,"column":10},"end":{"line":78,"column":20}},{"start":{"line":78,"column":20},"end":{"line":78,"column":35}}],"line":78},"20":{"loc":{"start":{"line":79,"column":6},"end":{"line":79,"column":null}},"type":"if","locations":[{"start":{"line":79,"column":6},"end":{"line":79,"column":null}},{"start":{},"end":{}}],"line":79},"21":{"loc":{"start":{"line":79,"column":10},"end":{"line":79,"column":35}},"type":"binary-expr","locations":[{"start":{"line":79,"column":10},"end":{"line":79,"column":21}},{"start":{"line":79,"column":21},"end":{"line":79,"column":35}}],"line":79},"22":{"loc":{"start":{"line":81,"column":6},"end":{"line":83,"column":null}},"type":"if","locations":[{"start":{"line":81,"column":6},"end":{"line":83,"column":null}},{"start":{},"end":{}}],"line":81}},"s":{"0":7,"1":7,"2":7,"3":1,"4":6,"5":6,"6":1,"7":5,"8":3,"9":3,"10":1,"11":2,"12":0,"13":4,"14":0,"15":4,"16":0,"17":4,"18":0,"19":4,"20":0,"21":4,"22":4,"23":4,"24":7,"25":7,"26":7,"27":7},"f":{"0":7,"1":7,"2":7,"3":7},"b":{"0":[7],"1":[7],"2":[7],"3":[7],"4":[7],"5":[7],"6":[1,6],"7":[1,5],"8":[3,2],"9":[5,4],"10":[3,2],"11":[1,2],"12":[0,2],"13":[2,2],"14":[0,4],"15":[4,0],"16":[0,4],"17":[4,4],"18":[0,4],"19":[4,0],"20":[0,4],"21":[4,4],"22":[4,0]},"meta":{"lastBranch":23,"lastFunction":4,"lastStatement":28,"seen":{"f:42:16:42:Infinity":0,"s:54:6:54:Infinity":0,"b:48:14:48:Infinity":0,"b:49:14:49:Infinity":1,"b:50:15:50:Infinity":2,"b:51:13:51:Infinity":3,"b:52:14:52:Infinity":4,"b:53:21:53:Infinity":5,"s:56:8:88:Infinity":1,"f:57:4:57:5":1,"b:58:6:58:Infinity:undefined:undefined:undefined:undefined":6,"s:58:6:58:Infinity":2,"s:58:20:58:Infinity":3,"s:61:25:61:Infinity":4,"b:62:6:62:Infinity:undefined:undefined:undefined:undefined":7,"s:62:6:62:Infinity":5,"s:62:23:62:Infinity":6,"b:65:6:73:Infinity:69:13:73:Infinity":8,"s:65:6:73:Infinity":7,"b:65:10:65:21:65:21:65:30":9,"s:67:28:67:Infinity":8,"b:67:28:67:45:67:45:67:Infinity":10,"b:68:8:68:Infinity:undefined:undefined:undefined:undefined":11,"s:68:8:68:Infinity":9,"s:68:26:68:Infinity":10,"b:72:8:72:Infinity:undefined:undefined:undefined:undefined":12,"s:72:8:72:Infinity":11,"b:72:12:72:29:72:29:72:44":13,"s:72:44:72:Infinity":12,"b:76:6:76:Infinity:undefined:undefined:undefined:undefined":14,"s:76:6:76:Infinity":13,"b:76:10:76:22:76:22:76:39":15,"s:76:39:76:Infinity":14,"b:77:6:77:Infinity:undefined:undefined:undefined:undefined":16,"s:77:6:77:Infinity":15,"b:77:10:77:23:77:23:77:39":17,"s:77:39:77:Infinity":16,"b:78:6:78:Infinity:undefined:undefined:undefined:undefined":18,"s:78:6:78:Infinity":17,"b:78:10:78:20:78:20:78:35":19,"s:78:35:78:Infinity":18,"b:79:6:79:Infinity:undefined:undefined:undefined:undefined":20,"s:79:6:79:Infinity":19,"b:79:10:79:21:79:21:79:35":21,"s:79:35:79:Infinity":20,"b:81:6:83:Infinity:undefined:undefined:undefined:undefined":22,"s:81:6:83:Infinity":21,"s:82:8:82:Infinity":22,"s:85:6:85:Infinity":23,"s:90:2:93:Infinity":24,"f:90:12:90:18":2,"s:91:4:91:Infinity":25,"s:92:4:92:Infinity":26,"f:92:11:92:17":3,"s:92:17:92:Infinity":27}}}
,"/Users/jigneshdhamecha/work/PROD_APPS/devtools_hub/src/hooks/useLocalStorage.ts": {"path":"/Users/jigneshdhamecha/work/PROD_APPS/devtools_hub/src/hooks/useLocalStorage.ts","statementMap":{"0":{"start":{"line":4,"column":36},"end":{"line":16,"column":null}},"1":{"start":{"line":5,"column":4},"end":{"line":7,"column":null}},"2":{"start":{"line":6,"column":6},"end":{"line":6,"column":null}},"3":{"start":{"line":9,"column":4},"end":{"line":15,"column":null}},"4":{"start":{"line":10,"column":19},"end":{"line":10,"column":null}},"5":{"start":{"line":11,"column":6},"end":{"line":11,"column":null}},"6":{"start":{"line":13,"column":6},"end":{"line":13,"column":null}},"7":{"start":{"line":14,"column":6},"end":{"line":14,"column":null}},"8":{"start":{"line":18,"column":19},"end":{"line":29,"column":null}},"9":{"start":{"line":19,"column":4},"end":{"line":28,"column":null}},"10":{"start":{"line":20,"column":27},"end":{"line":20,"column":null}},"11":{"start":{"line":21,"column":6},"end":{"line":21,"column":null}},"12":{"start":{"line":23,"column":6},"end":{"line":25,"column":null}},"13":{"start":{"line":24,"column":8},"end":{"line":24,"column":null}},"14":{"start":{"line":27,"column":6},"end":{"line":27,"column":null}},"15":{"start":{"line":31,"column":2},"end":{"line":31,"column":null}}},"fnMap":{"0":{"name":"useLocalStorage","decl":{"start":{"line":3,"column":16},"end":{"line":3,"column":35}},"loc":{"start":{"line":3,"column":65},"end":{"line":32,"column":null}},"line":3},"1":{"name":"(anonymous_1)","decl":{"start":{"line":4,"column":52},"end":{"line":4,"column":58}},"loc":{"start":{"line":4,"column":58},"end":{"line":16,"column":3}},"line":4},"2":{"name":"(anonymous_2)","decl":{"start":{"line":18,"column":19},"end":{"line":18,"column":20}},"loc":{"start":{"line":18,"column":51},"end":{"line":29,"column":null}},"line":18}},"branchMap":{"0":{"loc":{"start":{"line":5,"column":4},"end":{"line":7,"column":null}},"type":"if","locations":[{"start":{"line":5,"column":4},"end":{"line":7,"column":null}},{"start":{},"end":{}}],"line":5},"1":{"loc":{"start":{"line":11,"column":13},"end":{"line":11,"column":null}},"type":"cond-expr","locations":[{"start":{"line":11,"column":20},"end":{"line":11,"column":39}},{"start":{"line":11,"column":39},"end":{"line":11,"column":null}}],"line":11},"2":{"loc":{"start":{"line":20,"column":27},"end":{"line":20,"column":null}},"type":"cond-expr","locations":[{"start":{"line":20,"column":55},"end":{"line":20,"column":76}},{"start":{"line":20,"column":76},"end":{"line":20,"column":null}}],"line":20},"3":{"loc":{"start":{"line":23,"column":6},"end":{"line":25,"column":null}},"type":"if","locations":[{"start":{"line":23,"column":6},"end":{"line":25,"column":null}},{"start":{},"end":{}}],"line":23}},"s":{"0":16,"1":10,"2":0,"3":10,"4":10,"5":10,"6":1,"7":1,"8":16,"9":6,"10":6,"11":6,"12":6,"13":6,"14":0,"15":16},"f":{"0":16,"1":10,"2":6},"b":{"0":[0,10],"1":[2,8],"2":[1,5],"3":[6,0]},"meta":{"lastBranch":4,"lastFunction":3,"lastStatement":16,"seen":{"f:3:16:3:35":0,"s:4:36:16:Infinity":0,"f:4:52:4:58":1,"b:5:4:7:Infinity:undefined:undefined:undefined:undefined":0,"s:5:4:7:Infinity":1,"s:6:6:6:Infinity":2,"s:9:4:15:Infinity":3,"s:10:19:10:Infinity":4,"s:11:6:11:Infinity":5,"b:11:20:11:39:11:39:11:Infinity":1,"s:13:6:13:Infinity":6,"s:14:6:14:Infinity":7,"s:18:19:29:Infinity":8,"f:18:19:18:20":2,"s:19:4:28:Infinity":9,"s:20:27:20:Infinity":10,"b:20:55:20:76:20:76:20:Infinity":2,"s:21:6:21:Infinity":11,"b:23:6:25:Infinity:undefined:undefined:undefined:undefined":3,"s:23:6:25:Infinity":12,"s:24:8:24:Infinity":13,"s:27:6:27:Infinity":14,"s:31:2:31:Infinity":15}}}
,"/Users/jigneshdhamecha/work/PROD_APPS/devtools_hub/src/hooks/useTheme.ts": {"path":"/Users/jigneshdhamecha/work/PROD_APPS/devtools_hub/src/hooks/useTheme.ts","statementMap":{"0":{"start":{"line":37,"column":26},"end":{"line":37,"column":null}},"1":{"start":{"line":39,"column":36},"end":{"line":42,"column":null}},"2":{"start":{"line":40,"column":4},"end":{"line":40,"column":null}},"3":{"start":{"line":40,"column":39},"end":{"line":40,"column":null}},"4":{"start":{"line":41,"column":4},"end":{"line":41,"column":null}},"5":{"start":{"line":45,"column":2},"end":{"line":56,"column":null}},"6":{"start":{"line":46,"column":4},"end":{"line":46,"column":null}},"7":{"start":{"line":46,"column":39},"end":{"line":46,"column":null}},"8":{"start":{"line":48,"column":23},"end":{"line":48,"column":null}},"9":{"start":{"line":50,"column":25},"end":{"line":52,"column":null}},"10":{"start":{"line":51,"column":6},"end":{"line":51,"column":null}},"11":{"start":{"line":54,"column":4},"end":{"line":54,"column":null}},"12":{"start":{"line":55,"column":4},"end":{"line":55,"column":null}},"13":{"start":{"line":55,"column":17},"end":{"line":55,"column":null}},"14":{"start":{"line":58,"column":24},"end":{"line":58,"column":null}},"15":{"start":{"line":60,"column":8},"end":{"line":62,"column":null}},"16":{"start":{"line":61,"column":4},"end":{"line":61,"column":null}},"17":{"start":{"line":64,"column":2},"end":{"line":69,"column":null}}},"fnMap":{"0":{"name":"useTheme","decl":{"start":{"line":36,"column":16},"end":{"line":36,"column":43}},"loc":{"start":{"line":36,"column":43},"end":{"line":70,"column":null}},"line":36},"1":{"name":"(anonymous_1)","decl":{"start":{"line":39,"column":67},"end":{"line":39,"column":73}},"loc":{"start":{"line":39,"column":73},"end":{"line":42,"column":3}},"line":39},"2":{"name":"(anonymous_2)","decl":{"start":{"line":45,"column":12},"end":{"line":45,"column":18}},"loc":{"start":{"line":45,"column":18},"end":{"line":56,"column":5}},"line":45},"3":{"name":"(anonymous_3)","decl":{"start":{"line":50,"column":25},"end":{"line":50,"column":26}},"loc":{"start":{"line":50,"column":53},"end":{"line":52,"column":null}},"line":50},"4":{"name":"(anonymous_4)","decl":{"start":{"line":55,"column":11},"end":{"line":55,"column":17}},"loc":{"start":{"line":55,"column":17},"end":{"line":55,"column":null}},"line":55},"5":{"name":"(anonymous_5)","decl":{"start":{"line":60,"column":34},"end":{"line":60,"column":40}},"loc":{"start":{"line":60,"column":40},"end":{"line":62,"column":5}},"line":60}},"branchMap":{"0":{"loc":{"start":{"line":40,"column":4},"end":{"line":40,"column":null}},"type":"if","locations":[{"start":{"line":40,"column":4},"end":{"line":40,"column":null}},{"start":{},"end":{}}],"line":40},"1":{"loc":{"start":{"line":46,"column":4},"end":{"line":46,"column":null}},"type":"if","locations":[{"start":{"line":46,"column":4},"end":{"line":46,"column":null}},{"start":{},"end":{}}],"line":46},"2":{"loc":{"start":{"line":51,"column":21},"end":{"line":51,"column":49}},"type":"cond-expr","locations":[{"start":{"line":51,"column":33},"end":{"line":51,"column":42}},{"start":{"line":51,"column":42},"end":{"line":51,"column":49}}],"line":51},"3":{"loc":{"start":{"line":58,"column":24},"end":{"line":58,"column":null}},"type":"cond-expr","locations":[{"start":{"line":58,"column":45},"end":{"line":58,"column":59}},{"start":{"line":58,"column":59},"end":{"line":58,"column":null}}],"line":58},"4":{"loc":{"start":{"line":61,"column":13},"end":{"line":61,"column":56}},"type":"cond-expr","locations":[{"start":{"line":61,"column":40},"end":{"line":61,"column":50}},{"start":{"line":61,"column":50},"end":{"line":61,"column":56}}],"line":61}},"s":{"0":5,"1":5,"2":5,"3":0,"4":5,"5":5,"6":5,"7":0,"8":5,"9":5,"10":0,"11":5,"12":5,"13":5,"14":5,"15":5,"16":0,"17":5},"f":{"0":5,"1":5,"2":5,"3":0,"4":5,"5":0},"b":{"0":[0,5],"1":[0,5],"2":[0,0],"3":[5,0],"4":[0,0]},"meta":{"lastBranch":5,"lastFunction":6,"lastStatement":18,"seen":{"f:36:16:36:43":0,"s:37:26:37:Infinity":0,"s:39:36:42:Infinity":1,"f:39:67:39:73":1,"b:40:4:40:Infinity:undefined:undefined:undefined:undefined":0,"s:40:4:40:Infinity":2,"s:40:39:40:Infinity":3,"s:41:4:41:Infinity":4,"s:45:2:56:Infinity":5,"f:45:12:45:18":2,"b:46:4:46:Infinity:undefined:undefined:undefined:undefined":1,"s:46:4:46:Infinity":6,"s:46:39:46:Infinity":7,"s:48:23:48:Infinity":8,"s:50:25:52:Infinity":9,"f:50:25:50:26":3,"s:51:6:51:Infinity":10,"b:51:33:51:42:51:42:51:49":2,"s:54:4:54:Infinity":11,"s:55:4:55:Infinity":12,"f:55:11:55:17":4,"s:55:17:55:Infinity":13,"s:58:24:58:Infinity":14,"b:58:45:58:59:58:59:58:Infinity":3,"s:60:8:62:Infinity":15,"f:60:34:60:40":5,"s:61:4:61:Infinity":16,"b:61:40:61:50:61:50:61:56":4,"s:64:2:69:Infinity":17}}}
,"/Users/jigneshdhamecha/work/PROD_APPS/devtools_hub/src/lib/utils.ts": {"path":"/Users/jigneshdhamecha/work/PROD_APPS/devtools_hub/src/lib/utils.ts","statementMap":{"0":{"start":{"line":5,"column":2},"end":{"line":5,"column":null}},"1":{"start":{"line":9,"column":2},"end":{"line":9,"column":null}},"2":{"start":{"line":13,"column":15},"end":{"line":13,"column":null}},"3":{"start":{"line":14,"column":14},"end":{"line":14,"column":null}},"4":{"start":{"line":15,"column":15},"end":{"line":15,"column":null}},"5":{"start":{"line":16,"column":2},"end":{"line":16,"column":null}},"6":{"start":{"line":17,"column":2},"end":{"line":17,"column":null}},"7":{"start":{"line":18,"column":2},"end":{"line":18,"column":null}},"8":{"start":{"line":19,"column":2},"end":{"line":19,"column":null}},"9":{"start":{"line":20,"column":2},"end":{"line":20,"column":null}},"10":{"start":{"line":21,"column":2},"end":{"line":21,"column":null}}},"fnMap":{"0":{"name":"cn","decl":{"start":{"line":4,"column":16},"end":{"line":4,"column":22}},"loc":{"start":{"line":4,"column":44},"end":{"line":6,"column":null}},"line":4},"1":{"name":"copyToClipboard","decl":{"start":{"line":8,"column":16},"end":{"line":8,"column":32}},"loc":{"start":{"line":8,"column":61},"end":{"line":10,"column":null}},"line":8},"2":{"name":"downloadFile","decl":{"start":{"line":12,"column":16},"end":{"line":12,"column":29}},"loc":{"start":{"line":12,"column":97},"end":{"line":22,"column":null}},"line":12}},"branchMap":{"0":{"loc":{"start":{"line":12,"column":64},"end":{"line":12,"column":97}},"type":"default-arg","locations":[{"start":{"line":12,"column":83},"end":{"line":12,"column":97}}],"line":12}},"s":{"0":46,"1":0,"2":0,"3":0,"4":0,"5":0,"6":0,"7":0,"8":0,"9":0,"10":0},"f":{"0":46,"1":0,"2":0},"b":{"0":[0]},"meta":{"lastBranch":1,"lastFunction":3,"lastStatement":11,"seen":{"f:4:16:4:22":0,"s:5:2:5:Infinity":0,"f:8:16:8:32":1,"s:9:2:9:Infinity":1,"f:12:16:12:29":2,"b:12:83:12:97":0,"s:13:15:13:Infinity":2,"s:14:14:14:Infinity":3,"s:15:15:15:Infinity":4,"s:16:2:16:Infinity":5,"s:17:2:17:Infinity":6,"s:18:2:18:Infinity":7,"s:19:2:19:Infinity":8,"s:20:2:20:Infinity":9,"s:21:2:21:Infinity":10}}}
,"/Users/jigneshdhamecha/work/PROD_APPS/devtools_hub/src/store/useAppStore.ts": {"path":"/Users/jigneshdhamecha/work/PROD_APPS/devtools_hub/src/store/useAppStore.ts","statementMap":{"0":{"start":{"line":13,"column":6},"end":{"line":61,"column":null}},"1":{"start":{"line":15,"column":14},"end":{"line":44,"column":null}},"2":{"start":{"line":24,"column":8},"end":{"line":24,"column":null}},"3":{"start":{"line":25,"column":8},"end":{"line":25,"column":null}},"4":{"start":{"line":28,"column":27},"end":{"line":28,"column":null}},"5":{"start":{"line":28,"column":43},"end":{"line":28,"column":79}},"6":{"start":{"line":31,"column":8},"end":{"line":36,"column":null}},"7":{"start":{"line":32,"column":27},"end":{"line":32,"column":null}},"8":{"start":{"line":32,"column":60},"end":{"line":32,"column":73}},"9":{"start":{"line":33,"column":10},"end":{"line":35,"column":null}},"10":{"start":{"line":39,"column":8},"end":{"line":43,"column":null}},"11":{"start":{"line":39,"column":24},"end":{"line":43,"column":10}},"12":{"start":{"line":41,"column":49},"end":{"line":41,"column":62}},"13":{"start":{"line":47,"column":32},"end":{"line":58,"column":null}},"14":{"start":{"line":49,"column":8},"end":{"line":57,"column":null}},"15":{"start":{"line":50,"column":10},"end":{"line":56,"column":null}},"16":{"start":{"line":52,"column":33},"end":{"line":52,"column":null}},"17":{"start":{"line":53,"column":12},"end":{"line":55,"column":null}},"18":{"start":{"line":54,"column":14},"end":{"line":54,"column":null}},"19":{"start":{"line":64,"column":27},"end":{"line":64,"column":null}},"20":{"start":{"line":64,"column":48},"end":{"line":64,"column":null}},"21":{"start":{"line":65,"column":33},"end":{"line":65,"column":null}},"22":{"start":{"line":65,"column":54},"end":{"line":65,"column":null}},"23":{"start":{"line":66,"column":33},"end":{"line":66,"column":null}},"24":{"start":{"line":66,"column":54},"end":{"line":66,"column":null}},"25":{"start":{"line":67,"column":35},"end":{"line":67,"column":null}},"26":{"start":{"line":67,"column":56},"end":{"line":67,"column":null}}},"fnMap":{"0":{"name":"(anonymous_0)","decl":{"start":{"line":15,"column":4},"end":{"line":15,"column":5}},"loc":{"start":{"line":15,"column":14},"end":{"line":44,"column":null}},"line":15},"1":{"name":"(anonymous_1)","decl":{"start":{"line":23,"column":16},"end":{"line":23,"column":17}},"loc":{"start":{"line":23,"column":34},"end":{"line":26,"column":null}},"line":23},"2":{"name":"(anonymous_2)","decl":{"start":{"line":28,"column":21},"end":{"line":28,"column":27}},"loc":{"start":{"line":28,"column":27},"end":{"line":28,"column":null}},"line":28},"3":{"name":"(anonymous_3)","decl":{"start":{"line":28,"column":31},"end":{"line":28,"column":32}},"loc":{"start":{"line":28,"column":43},"end":{"line":28,"column":79}},"line":28},"4":{"name":"(anonymous_4)","decl":{"start":{"line":30,"column":21},"end":{"line":30,"column":22}},"loc":{"start":{"line":31,"column":8},"end":{"line":36,"column":null}},"line":31},"5":{"name":"(anonymous_5)","decl":{"start":{"line":31,"column":12},"end":{"line":31,"column":13}},"loc":{"start":{"line":31,"column":23},"end":{"line":36,"column":9}},"line":31},"6":{"name":"(anonymous_6)","decl":{"start":{"line":32,"column":52},"end":{"line":32,"column":53}},"loc":{"start":{"line":32,"column":60},"end":{"line":32,"column":73}},"line":32},"7":{"name":"(anonymous_7)","decl":{"start":{"line":38,"column":22},"end":{"line":38,"column":23}},"loc":{"start":{"line":39,"column":8},"end":{"line":43,"column":null}},"line":39},"8":{"name":"(anonymous_8)","decl":{"start":{"line":39,"column":12},"end":{"line":39,"column":13}},"loc":{"start":{"line":39,"column":24},"end":{"line":43,"column":10}},"line":39},"9":{"name":"(anonymous_9)","decl":{"start":{"line":41,"column":41},"end":{"line":41,"column":42}},"loc":{"start":{"line":41,"column":49},"end":{"line":41,"column":62}},"line":41},"10":{"name":"(anonymous_10)","decl":{"start":{"line":47,"column":26},"end":{"line":47,"column":32}},"loc":{"start":{"line":47,"column":32},"end":{"line":58,"column":null}},"line":47},"11":{"name":"(anonymous_11)","decl":{"start":{"line":47,"column":32},"end":{"line":47,"column":33}},"loc":{"start":{"line":47,"column":43},"end":{"line":58,"column":null}},"line":47},"12":{"name":"(anonymous_12)","decl":{"start":{"line":50,"column":39},"end":{"line":50,"column":45}},"loc":{"start":{"line":50,"column":45},"end":{"line":56,"column":11}},"line":50},"13":{"name":"(anonymous_13)","decl":{"start":{"line":64,"column":27},"end":{"line":64,"column":28}},"loc":{"start":{"line":64,"column":48},"end":{"line":64,"column":null}},"line":64},"14":{"name":"(anonymous_14)","decl":{"start":{"line":65,"column":33},"end":{"line":65,"column":34}},"loc":{"start":{"line":65,"column":54},"end":{"line":65,"column":null}},"line":65},"15":{"name":"(anonymous_15)","decl":{"start":{"line":66,"column":33},"end":{"line":66,"column":34}},"loc":{"start":{"line":66,"column":54},"end":{"line":66,"column":null}},"line":66},"16":{"name":"(anonymous_16)","decl":{"start":{"line":67,"column":35},"end":{"line":67,"column":36}},"loc":{"start":{"line":67,"column":56},"end":{"line":67,"column":null}},"line":67}},"branchMap":{"0":{"loc":{"start":{"line":40,"column":25},"end":{"line":42,"column":null}},"type":"cond-expr","locations":[{"start":{"line":41,"column":14},"end":{"line":41,"column":null}},{"start":{"line":42,"column":14},"end":{"line":42,"column":null}}],"line":40},"1":{"loc":{"start":{"line":49,"column":8},"end":{"line":57,"column":null}},"type":"if","locations":[{"start":{"line":49,"column":8},"end":{"line":57,"column":null}},{"start":{},"end":{}}],"line":49},"2":{"loc":{"start":{"line":53,"column":12},"end":{"line":55,"column":null}},"type":"if","locations":[{"start":{"line":53,"column":12},"end":{"line":55,"column":null}},{"start":{},"end":{}}],"line":53}},"s":{"0":1,"1":1,"2":2,"3":2,"4":2,"5":2,"6":19,"7":19,"8":98,"9":19,"10":6,"11":6,"12":1,"13":1,"14":1,"15":1,"16":0,"17":0,"18":0,"19":1,"20":0,"21":1,"22":0,"23":1,"24":0,"25":1,"26":0},"f":{"0":1,"1":2,"2":2,"3":2,"4":19,"5":19,"6":98,"7":6,"8":6,"9":1,"10":1,"11":1,"12":0,"13":0,"14":0,"15":0,"16":0},"b":{"0":[1,5],"1":[1,0],"2":[0,0]},"meta":{"lastBranch":3,"lastFunction":17,"lastStatement":27,"seen":{"s:13:6:61:Infinity":0,"f:15:4:15:5":0,"s:15:14:44:Infinity":1,"f:23:16:23:17":1,"s:24:8:24:Infinity":2,"s:25:8:25:Infinity":3,"f:28:21:28:27":2,"s:28:27:28:Infinity":4,"f:28:31:28:32":3,"s:28:43:28:79":5,"f:30:21:30:22":4,"s:31:8:36:Infinity":6,"f:31:12:31:13":5,"s:32:27:32:Infinity":7,"f:32:52:32:53":6,"s:32:60:32:73":8,"s:33:10:35:Infinity":9,"f:38:22:38:23":7,"s:39:8:43:Infinity":10,"f:39:12:39:13":8,"s:39:24:43:10":11,"b:41:14:41:Infinity:42:14:42:Infinity":0,"f:41:41:41:42":9,"s:41:49:41:62":12,"f:47:26:47:32":10,"s:47:32:58:Infinity":13,"f:47:32:47:33":11,"b:49:8:57:Infinity:undefined:undefined:undefined:undefined":1,"s:49:8:57:Infinity":14,"s:50:10:56:Infinity":15,"f:50:39:50:45":12,"s:52:33:52:Infinity":16,"b:53:12:55:Infinity:undefined:undefined:undefined:undefined":2,"s:53:12:55:Infinity":17,"s:54:14:54:Infinity":18,"s:64:27:64:Infinity":19,"f:64:27:64:28":13,"s:64:48:64:Infinity":20,"s:65:33:65:Infinity":21,"f:65:33:65:34":14,"s:65:54:65:Infinity":22,"s:66:33:66:Infinity":23,"f:66:33:66:34":15,"s:66:54:66:Infinity":24,"s:67:35:67:Infinity":25,"f:67:35:67:36":16,"s:67:56:67:Infinity":26}}}
,"/Users/jigneshdhamecha/work/PROD_APPS/devtools_hub/src/utils/categoryColors.ts": {"path":"/Users/jigneshdhamecha/work/PROD_APPS/devtools_hub/src/utils/categoryColors.ts","statementMap":{"0":{"start":{"line":15,"column":68},"end":{"line":79,"column":null}},"1":{"start":{"line":85,"column":2},"end":{"line":85,"column":null}}},"fnMap":{"0":{"name":"getCategoryColors","decl":{"start":{"line":84,"column":16},"end":{"line":84,"column":34}},"loc":{"start":{"line":84,"column":74},"end":{"line":86,"column":null}},"line":84}},"branchMap":{"0":{"loc":{"start":{"line":85,"column":9},"end":{"line":85,"column":null}},"type":"binary-expr","locations":[{"start":{"line":85,"column":9},"end":{"line":85,"column":37}},{"start":{"line":85,"column":37},"end":{"line":85,"column":null}}],"line":85}},"s":{"0":1,"1":10},"f":{"0":10},"b":{"0":[10,1]},"meta":{"lastBranch":1,"lastFunction":1,"lastStatement":2,"seen":{"s:15:68:79:Infinity":0,"f:84:16:84:34":0,"s:85:2:85:Infinity":1,"b:85:9:85:37:85:37:85:Infinity":0}}}
,"/Users/jigneshdhamecha/work/PROD_APPS/devtools_hub/src/utils/gradients.ts": {"path":"/Users/jigneshdhamecha/work/PROD_APPS/devtools_hub/src/utils/gradients.ts","statementMap":{"0":{"start":{"line":12,"column":2},"end":{"line":12,"column":null}},"1":{"start":{"line":12,"column":45},"end":{"line":12,"column":71}},"2":{"start":{"line":21,"column":15},"end":{"line":21,"column":null}},"3":{"start":{"line":22,"column":2},"end":{"line":22,"column":null}},"4":{"start":{"line":31,"column":15},"end":{"line":31,"column":null}},"5":{"start":{"line":32,"column":2},"end":{"line":32,"column":null}}},"fnMap":{"0":{"name":"hashString","decl":{"start":{"line":11,"column":9},"end":{"line":11,"column":20}},"loc":{"start":{"line":11,"column":41},"end":{"line":13,"column":null}},"line":11},"1":{"name":"(anonymous_1)","decl":{"start":{"line":12,"column":30},"end":{"line":12,"column":31}},"loc":{"start":{"line":12,"column":45},"end":{"line":12,"column":71}},"line":12},"2":{"name":"getIconGradient","decl":{"start":{"line":20,"column":16},"end":{"line":20,"column":32}},"loc":{"start":{"line":20,"column":56},"end":{"line":23,"column":null}},"line":20},"3":{"name":"getCardGradient","decl":{"start":{"line":30,"column":16},"end":{"line":30,"column":32}},"loc":{"start":{"line":30,"column":56},"end":{"line":33,"column":null}},"line":30}},"branchMap":{},"s":{"0":11,"1":126,"2":7,"3":7,"4":4,"5":4},"f":{"0":11,"1":126,"2":7,"3":4},"b":{},"meta":{"lastBranch":0,"lastFunction":4,"lastStatement":6,"seen":{"f:11:9:11:20":0,"s:12:2:12:Infinity":0,"f:12:30:12:31":1,"s:12:45:12:71":1,"f:20:16:20:32":2,"s:21:15:21:Infinity":2,"s:22:2:22:Infinity":3,"f:30:16:30:32":3,"s:31:15:31:Infinity":4,"s:32:2:32:Infinity":5}}}
,"/Users/jigneshdhamecha/work/PROD_APPS/devtools_hub/src/utils/theme.ts": {"path":"/Users/jigneshdhamecha/work/PROD_APPS/devtools_hub/src/utils/theme.ts","statementMap":{"0":{"start":{"line":13,"column":2},"end":{"line":13,"column":null}},"1":{"start":{"line":13,"column":37},"end":{"line":13,"column":null}},"2":{"start":{"line":14,"column":2},"end":{"line":14,"column":null}},"3":{"start":{"line":22,"column":2},"end":{"line":22,"column":null}},"4":{"start":{"line":22,"column":37},"end":{"line":22,"column":null}},"5":{"start":{"line":24,"column":15},"end":{"line":24,"column":null}},"6":{"start":{"line":25,"column":2},"end":{"line":25,"column":null}},"7":{"start":{"line":27,"column":25},"end":{"line":27,"column":null}},"8":{"start":{"line":28,"column":2},"end":{"line":28,"column":null}},"9":{"start":{"line":41,"column":2},"end":{"line":41,"column":null}},"10":{"start":{"line":43,"column":21},"end":{"line":43,"column":null}},"11":{"start":{"line":45,"column":23},"end":{"line":50,"column":null}},"12":{"start":{"line":46,"column":4},"end":{"line":49,"column":null}},"13":{"start":{"line":47,"column":6},"end":{"line":47,"column":null}},"14":{"start":{"line":48,"column":6},"end":{"line":48,"column":null}},"15":{"start":{"line":52,"column":2},"end":{"line":52,"column":null}},"16":{"start":{"line":54,"column":2},"end":{"line":56,"column":null}},"17":{"start":{"line":55,"column":4},"end":{"line":55,"column":null}}},"fnMap":{"0":{"name":"getSystemTheme","decl":{"start":{"line":12,"column":16},"end":{"line":12,"column":51}},"loc":{"start":{"line":12,"column":51},"end":{"line":15,"column":null}},"line":12},"1":{"name":"applyTheme","decl":{"start":{"line":21,"column":16},"end":{"line":21,"column":27}},"loc":{"start":{"line":21,"column":47},"end":{"line":29,"column":null}},"line":21},"2":{"name":"initializeTheme","decl":{"start":{"line":37,"column":16},"end":{"line":37,"column":null}},"loc":{"start":{"line":40,"column":14},"end":{"line":57,"column":null}},"line":40},"3":{"name":"(anonymous_3)","decl":{"start":{"line":45,"column":23},"end":{"line":45,"column":29}},"loc":{"start":{"line":45,"column":29},"end":{"line":50,"column":null}},"line":45},"4":{"name":"(anonymous_4)","decl":{"start":{"line":54,"column":9},"end":{"line":54,"column":15}},"loc":{"start":{"line":54,"column":15},"end":{"line":56,"column":null}},"line":54}},"branchMap":{"0":{"loc":{"start":{"line":13,"column":2},"end":{"line":13,"column":null}},"type":"if","locations":[{"start":{"line":13,"column":2},"end":{"line":13,"column":null}},{"start":{},"end":{}}],"line":13},"1":{"loc":{"start":{"line":14,"column":9},"end":{"line":14,"column":null}},"type":"cond-expr","locations":[{"start":{"line":14,"column":69},"end":{"line":14,"column":78}},{"start":{"line":14,"column":78},"end":{"line":14,"column":null}}],"line":14},"2":{"loc":{"start":{"line":22,"column":2},"end":{"line":22,"column":null}},"type":"if","locations":[{"start":{"line":22,"column":2},"end":{"line":22,"column":null}},{"start":{},"end":{}}],"line":22},"3":{"loc":{"start":{"line":27,"column":25},"end":{"line":27,"column":null}},"type":"cond-expr","locations":[{"start":{"line":27,"column":46},"end":{"line":27,"column":65}},{"start":{"line":27,"column":65},"end":{"line":27,"column":null}}],"line":27},"4":{"loc":{"start":{"line":46,"column":4},"end":{"line":49,"column":null}},"type":"if","locations":[{"start":{"line":46,"column":4},"end":{"line":49,"column":null}},{"start":{},"end":{}}],"line":46}},"s":{"0":4,"1":0,"2":4,"3":7,"4":0,"5":7,"6":7,"7":7,"8":7,"9":1,"10":1,"11":1,"12":0,"13":0,"14":0,"15":1,"16":1,"17":0},"f":{"0":4,"1":7,"2":1,"3":0,"4":0},"b":{"0":[0,4],"1":[3,1],"2":[0,7],"3":[2,5],"4":[0,0]},"meta":{"lastBranch":5,"lastFunction":5,"lastStatement":18,"seen":{"f:12:16:12:51":0,"b:13:2:13:Infinity:undefined:undefined:undefined:undefined":0,"s:13:2:13:Infinity":0,"s:13:37:13:Infinity":1,"s:14:2:14:Infinity":2,"b:14:69:14:78:14:78:14:Infinity":1,"f:21:16:21:27":1,"b:22:2:22:Infinity:undefined:undefined:undefined:undefined":2,"s:22:2:22:Infinity":3,"s:22:37:22:Infinity":4,"s:24:15:24:Infinity":5,"s:25:2:25:Infinity":6,"s:27:25:27:Infinity":7,"b:27:46:27:65:27:65:27:Infinity":3,"s:28:2:28:Infinity":8,"f:37:16:37:Infinity":2,"s:41:2:41:Infinity":9,"s:43:21:43:Infinity":10,"s:45:23:50:Infinity":11,"f:45:23:45:29":3,"b:46:4:49:Infinity:undefined:undefined:undefined:undefined":4,"s:46:4:49:Infinity":12,"s:47:6:47:Infinity":13,"s:48:6:48:Infinity":14,"s:52:2:52:Infinity":15,"s:54:2:56:Infinity":16,"f:54:9:54:15":4,"s:55:4:55:Infinity":17}}}
,"/Users/jigneshdhamecha/work/PROD_APPS/devtools_hub/src/utils/converters/base64.ts": {"path":"/Users/jigneshdhamecha/work/PROD_APPS/devtools_hub/src/utils/converters/base64.ts","statementMap":{"0":{"start":{"line":2,"column":2},"end":{"line":6,"column":null}},"1":{"start":{"line":3,"column":4},"end":{"line":3,"column":null}},"2":{"start":{"line":5,"column":4},"end":{"line":5,"column":null}},"3":{"start":{"line":10,"column":2},"end":{"line":14,"column":null}},"4":{"start":{"line":11,"column":4},"end":{"line":11,"column":null}},"5":{"start":{"line":13,"column":4},"end":{"line":13,"column":null}},"6":{"start":{"line":18,"column":2},"end":{"line":22,"column":null}},"7":{"start":{"line":19,"column":4},"end":{"line":19,"column":null}},"8":{"start":{"line":21,"column":4},"end":{"line":21,"column":null}}},"fnMap":{"0":{"name":"encodeBase64","decl":{"start":{"line":1,"column":16},"end":{"line":1,"column":29}},"loc":{"start":{"line":1,"column":52},"end":{"line":7,"column":null}},"line":1},"1":{"name":"decodeBase64","decl":{"start":{"line":9,"column":16},"end":{"line":9,"column":29}},"loc":{"start":{"line":9,"column":52},"end":{"line":15,"column":null}},"line":9},"2":{"name":"isValidBase64","decl":{"start":{"line":17,"column":16},"end":{"line":17,"column":30}},"loc":{"start":{"line":17,"column":52},"end":{"line":23,"column":null}},"line":17}},"branchMap":{},"s":{"0":13,"1":13,"2":0,"3":14,"4":14,"5":1,"6":7,"7":7,"8":2},"f":{"0":13,"1":14,"2":7},"b":{},"meta":{"lastBranch":0,"lastFunction":3,"lastStatement":9,"seen":{"f:1:16:1:29":0,"s:2:2:6:Infinity":0,"s:3:4:3:Infinity":1,"s:5:4:5:Infinity":2,"f:9:16:9:29":1,"s:10:2:14:Infinity":3,"s:11:4:11:Infinity":4,"s:13:4:13:Infinity":5,"f:17:16:17:30":2,"s:18:2:22:Infinity":6,"s:19:4:19:Infinity":7,"s:21:4:21:Infinity":8}}}
,"/Users/jigneshdhamecha/work/PROD_APPS/devtools_hub/src/utils/converters/color.ts": {"path":"/Users/jigneshdhamecha/work/PROD_APPS/devtools_hub/src/utils/converters/color.ts","statementMap":{"0":{"start":{"line":14,"column":17},"end":{"line":14,"column":null}},"1":{"start":{"line":15,"column":2},"end":{"line":17,"column":null}},"2":{"start":{"line":16,"column":4},"end":{"line":16,"column":null}},"3":{"start":{"line":18,"column":2},"end":{"line":22,"column":null}},"4":{"start":{"line":26,"column":2},"end":{"line":29,"column":null}},"5":{"start":{"line":27,"column":16},"end":{"line":27,"column":null}},"6":{"start":{"line":28,"column":4},"end":{"line":28,"column":null}},"7":{"start":{"line":33,"column":2},"end":{"line":33,"column":null}},"8":{"start":{"line":34,"column":2},"end":{"line":34,"column":null}},"9":{"start":{"line":35,"column":2},"end":{"line":35,"column":null}},"10":{"start":{"line":37,"column":14},"end":{"line":37,"column":null}},"11":{"start":{"line":38,"column":14},"end":{"line":38,"column":null}},"12":{"start":{"line":39,"column":10},"end":{"line":39,"column":13}},"13":{"start":{"line":39,"column":17},"end":{"line":39,"column":null}},"14":{"start":{"line":40,"column":8},"end":{"line":40,"column":null}},"15":{"start":{"line":42,"column":2},"end":{"line":51,"column":null}},"16":{"start":{"line":43,"column":14},"end":{"line":43,"column":null}},"17":{"start":{"line":44,"column":4},"end":{"line":44,"column":null}},"18":{"start":{"line":46,"column":4},"end":{"line":50,"column":null}},"19":{"start":{"line":47,"column":14},"end":{"line":47,"column":55}},"20":{"start":{"line":47,"column":55},"end":{"line":47,"column":null}},"21":{"start":{"line":48,"column":14},"end":{"line":48,"column":41}},"22":{"start":{"line":48,"column":41},"end":{"line":48,"column":null}},"23":{"start":{"line":49,"column":14},"end":{"line":49,"column":41}},"24":{"start":{"line":49,"column":41},"end":{"line":49,"column":null}},"25":{"start":{"line":53,"column":2},"end":{"line":57,"column":null}},"26":{"start":{"line":61,"column":2},"end":{"line":61,"column":null}},"27":{"start":{"line":62,"column":2},"end":{"line":62,"column":null}},"28":{"start":{"line":63,"column":2},"end":{"line":63,"column":null}},"29":{"start":{"line":67,"column":2},"end":{"line":85,"column":null}},"30":{"start":{"line":68,"column":4},"end":{"line":68,"column":null}},"31":{"start":{"line":70,"column":20},"end":{"line":77,"column":null}},"32":{"start":{"line":71,"column":6},"end":{"line":71,"column":null}},"33":{"start":{"line":71,"column":17},"end":{"line":71,"column":null}},"34":{"start":{"line":72,"column":6},"end":{"line":72,"column":null}},"35":{"start":{"line":72,"column":17},"end":{"line":72,"column":null}},"36":{"start":{"line":73,"column":6},"end":{"line":73,"column":null}},"37":{"start":{"line":73,"column":19},"end":{"line":73,"column":null}},"38":{"start":{"line":74,"column":6},"end":{"line":74,"column":null}},"39":{"start":{"line":74,"column":19},"end":{"line":74,"column":null}},"40":{"start":{"line":75,"column":6},"end":{"line":75,"column":null}},"41":{"start":{"line":75,"column":19},"end":{"line":75,"column":null}},"42":{"start":{"line":76,"column":6},"end":{"line":76,"column":null}},"43":{"start":{"line":79,"column":14},"end":{"line":79,"column":null}},"44":{"start":{"line":80,"column":14},"end":{"line":80,"column":null}},"45":{"start":{"line":82,"column":4},"end":{"line":82,"column":null}},"46":{"start":{"line":83,"column":4},"end":{"line":83,"column":null}},"47":{"start":{"line":84,"column":4},"end":{"line":84,"column":null}},"48":{"start":{"line":87,"column":2},"end":{"line":91,"column":null}}},"fnMap":{"0":{"name":"hexToRgb","decl":{"start":{"line":13,"column":16},"end":{"line":13,"column":25}},"loc":{"start":{"line":13,"column":43},"end":{"line":23,"column":null}},"line":13},"1":{"name":"rgbToHex","decl":{"start":{"line":25,"column":16},"end":{"line":25,"column":25}},"loc":{"start":{"line":25,"column":66},"end":{"line":30,"column":null}},"line":25},"2":{"name":"(anonymous_2)","decl":{"start":{"line":26,"column":29},"end":{"line":26,"column":34}},"loc":{"start":{"line":26,"column":34},"end":{"line":29,"column":3}},"line":26},"3":{"name":"rgbToHsl","decl":{"start":{"line":32,"column":16},"end":{"line":32,"column":25}},"loc":{"start":{"line":32,"column":63},"end":{"line":58,"column":null}},"line":32},"4":{"name":"hslToRgb","decl":{"start":{"line":60,"column":16},"end":{"line":60,"column":25}},"loc":{"start":{"line":60,"column":63},"end":{"line":92,"column":null}},"line":60},"5":{"name":"(anonymous_5)","decl":{"start":{"line":70,"column":20},"end":{"line":70,"column":21}},"loc":{"start":{"line":70,"column":57},"end":{"line":77,"column":null}},"line":70}},"branchMap":{"0":{"loc":{"start":{"line":15,"column":2},"end":{"line":17,"column":null}},"type":"if","locations":[{"start":{"line":15,"column":2},"end":{"line":17,"column":null}},{"start":{},"end":{}}],"line":15},"1":{"loc":{"start":{"line":28,"column":11},"end":{"line":28,"column":null}},"type":"cond-expr","locations":[{"start":{"line":28,"column":30},"end":{"line":28,"column":42}},{"start":{"line":28,"column":42},"end":{"line":28,"column":null}}],"line":28},"2":{"loc":{"start":{"line":42,"column":2},"end":{"line":51,"column":null}},"type":"if","locations":[{"start":{"line":42,"column":2},"end":{"line":51,"column":null}},{"start":{},"end":{}}],"line":42},"3":{"loc":{"start":{"line":44,"column":8},"end":{"line":44,"column":null}},"type":"cond-expr","locations":[{"start":{"line":44,"column":18},"end":{"line":44,"column":40}},{"start":{"line":44,"column":40},"end":{"line":44,"column":null}}],"line":44},"4":{"loc":{"start":{"line":46,"column":4},"end":{"line":50,"column":null}},"type":"switch","locations":[{"start":{"line":47,"column":6},"end":{"line":47,"column":null}},{"start":{"line":48,"column":6},"end":{"line":48,"column":null}},{"start":{"line":49,"column":6},"end":{"line":49,"column":null}}],"line":46},"5":{"loc":{"start":{"line":47,"column":34},"end":{"line":47,"column":52}},"type":"cond-expr","locations":[{"start":{"line":47,"column":42},"end":{"line":47,"column":46}},{"start":{"line":47,"column":46},"end":{"line":47,"column":52}}],"line":47},"6":{"loc":{"start":{"line":67,"column":2},"end":{"line":85,"column":null}},"type":"if","locations":[{"start":{"line":67,"column":2},"end":{"line":85,"column":null}},{"start":{"line":69,"column":9},"end":{"line":85,"column":null}}],"line":67},"7":{"loc":{"start":{"line":71,"column":6},"end":{"line":71,"column":null}},"type":"if","locations":[{"start":{"line":71,"column":6},"end":{"line":71,"column":null}},{"start":{},"end":{}}],"line":71},"8":{"loc":{"start":{"line":72,"column":6},"end":{"line":72,"column":null}},"type":"if","locations":[{"start":{"line":72,"column":6},"end":{"line":72,"column":null}},{"start":{},"end":{}}],"line":72},"9":{"loc":{"start":{"line":73,"column":6},"end":{"line":73,"column":null}},"type":"if","locations":[{"start":{"line":73,"column":6},"end":{"line":73,"column":null}},{"start":{},"end":{}}],"line":73},"10":{"loc":{"start":{"line":74,"column":6},"end":{"line":74,"column":null}},"type":"if","locations":[{"start":{"line":74,"column":6},"end":{"line":74,"column":null}},{"start":{},"end":{}}],"line":74},"11":{"loc":{"start":{"line":75,"column":6},"end":{"line":75,"column":null}},"type":"if","locations":[{"start":{"line":75,"column":6},"end":{"line":75,"column":null}},{"start":{},"end":{}}],"line":75},"12":{"loc":{"start":{"line":79,"column":14},"end":{"line":79,"column":null}},"type":"cond-expr","locations":[{"start":{"line":79,"column":24},"end":{"line":79,"column":38}},{"start":{"line":79,"column":38},"end":{"line":79,"column":null}}],"line":79}},"s":{"0":17,"1":17,"2":3,"3":14,"4":14,"5":42,"6":42,"7":6,"8":6,"9":6,"10":6,"11":6,"12":6,"13":6,"14":6,"15":6,"16":3,"17":3,"18":3,"19":1,"20":1,"21":1,"22":1,"23":1,"24":1,"25":6,"26":9,"27":9,"28":9,"29":9,"30":3,"31":6,"32":18,"33":2,"34":18,"35":1,"36":18,"37":2,"38":16,"39":6,"40":10,"41":10,"42":7,"43":6,"44":6,"45":6,"46":6,"47":6,"48":9},"f":{"0":17,"1":14,"2":42,"3":6,"4":9,"5":18},"b":{"0":[3,14],"1":[22,20],"2":[3,3],"3":[0,3],"4":[1,1,1],"5":[0,1],"6":[3,6],"7":[2,16],"8":[1,17],"9":[2,16],"10":[6,10],"11":[3,7],"12":[0,6]},"meta":{"lastBranch":13,"lastFunction":6,"lastStatement":49,"seen":{"f:13:16:13:25":0,"s:14:17:14:Infinity":0,"b:15:2:17:Infinity:undefined:undefined:undefined:undefined":0,"s:15:2:17:Infinity":1,"s:16:4:16:Infinity":2,"s:18:2:22:Infinity":3,"f:25:16:25:25":1,"s:26:2:29:Infinity":4,"f:26:29:26:34":2,"s:27:16:27:Infinity":5,"s:28:4:28:Infinity":6,"b:28:30:28:42:28:42:28:Infinity":1,"f:32:16:32:25":3,"s:33:2:33:Infinity":7,"s:34:2:34:Infinity":8,"s:35:2:35:Infinity":9,"s:37:14:37:Infinity":10,"s:38:14:38:Infinity":11,"s:39:10:39:13":12,"s:39:17:39:Infinity":13,"s:40:8:40:Infinity":14,"b:42:2:51:Infinity:undefined:undefined:undefined:undefined":2,"s:42:2:51:Infinity":15,"s:43:14:43:Infinity":16,"s:44:4:44:Infinity":17,"b:44:18:44:40:44:40:44:Infinity":3,"b:47:6:47:Infinity:48:6:48:Infinity:49:6:49:Infinity":4,"s:46:4:50:Infinity":18,"s:47:14:47:55":19,"b:47:42:47:46:47:46:47:52":5,"s:47:55:47:Infinity":20,"s:48:14:48:41":21,"s:48:41:48:Infinity":22,"s:49:14:49:41":23,"s:49:41:49:Infinity":24,"s:53:2:57:Infinity":25,"f:60:16:60:25":4,"s:61:2:61:Infinity":26,"s:62:2:62:Infinity":27,"s:63:2:63:Infinity":28,"b:67:2:85:Infinity:69:9:85:Infinity":6,"s:67:2:85:Infinity":29,"s:68:4:68:Infinity":30,"s:70:20:77:Infinity":31,"f:70:20:70:21":5,"b:71:6:71:Infinity:undefined:undefined:undefined:undefined":7,"s:71:6:71:Infinity":32,"s:71:17:71:Infinity":33,"b:72:6:72:Infinity:undefined:undefined:undefined:undefined":8,"s:72:6:72:Infinity":34,"s:72:17:72:Infinity":35,"b:73:6:73:Infinity:undefined:undefined:undefined:undefined":9,"s:73:6:73:Infinity":36,"s:73:19:73:Infinity":37,"b:74:6:74:Infinity:undefined:undefined:undefined:undefined":10,"s:74:6:74:Infinity":38,"s:74:19:74:Infinity":39,"b:75:6:75:Infinity:undefined:undefined:undefined:undefined":11,"s:75:6:75:Infinity":40,"s:75:19:75:Infinity":41,"s:76:6:76:Infinity":42,"s:79:14:79:Infinity":43,"b:79:24:79:38:79:38:79:Infinity":12,"s:80:14:80:Infinity":44,"s:82:4:82:Infinity":45,"s:83:4:83:Infinity":46,"s:84:4:84:Infinity":47,"s:87:2:91:Infinity":48}}}
,"/Users/jigneshdhamecha/work/PROD_APPS/devtools_hub/src/utils/converters/csv.ts": {"path":"/Users/jigneshdhamecha/work/PROD_APPS/devtools_hub/src/utils/converters/csv.ts","statementMap":{"0":{"start":{"line":4,"column":2},"end":{"line":11,"column":null}},"1":{"start":{"line":5,"column":19},"end":{"line":5,"column":null}},"2":{"start":{"line":6,"column":18},"end":{"line":6,"column":null}},"3":{"start":{"line":7,"column":16},"end":{"line":7,"column":null}},"4":{"start":{"line":8,"column":4},"end":{"line":8,"column":null}},"5":{"start":{"line":10,"column":4},"end":{"line":10,"column":null}},"6":{"start":{"line":15,"column":2},"end":{"line":26,"column":null}},"7":{"start":{"line":16,"column":19},"end":{"line":19,"column":null}},"8":{"start":{"line":20,"column":4},"end":{"line":22,"column":null}},"9":{"start":{"line":21,"column":6},"end":{"line":21,"column":null}},"10":{"start":{"line":23,"column":4},"end":{"line":23,"column":null}},"11":{"start":{"line":25,"column":4},"end":{"line":25,"column":null}}},"fnMap":{"0":{"name":"jsonToCsv","decl":{"start":{"line":3,"column":16},"end":{"line":3,"column":26}},"loc":{"start":{"line":3,"column":54},"end":{"line":12,"column":null}},"line":3},"1":{"name":"csvToJson","decl":{"start":{"line":14,"column":16},"end":{"line":14,"column":26}},"loc":{"start":{"line":14,"column":73},"end":{"line":27,"column":null}},"line":14}},"branchMap":{"0":{"loc":{"start":{"line":6,"column":18},"end":{"line":6,"column":null}},"type":"cond-expr","locations":[{"start":{"line":6,"column":42},"end":{"line":6,"column":51}},{"start":{"line":6,"column":51},"end":{"line":6,"column":null}}],"line":6},"1":{"loc":{"start":{"line":14,"column":45},"end":{"line":14,"column":73}},"type":"default-arg","locations":[{"start":{"line":14,"column":62},"end":{"line":14,"column":73}}],"line":14},"2":{"loc":{"start":{"line":20,"column":4},"end":{"line":22,"column":null}},"type":"if","locations":[{"start":{"line":20,"column":4},"end":{"line":22,"column":null}},{"start":{},"end":{}}],"line":20}},"s":{"0":10,"1":10,"2":10,"3":10,"4":10,"5":1,"6":8,"7":8,"8":8,"9":0,"10":8,"11":0},"f":{"0":10,"1":8},"b":{"0":[8,1],"1":[8],"2":[0,8]},"meta":{"lastBranch":3,"lastFunction":2,"lastStatement":12,"seen":{"f:3:16:3:26":0,"s:4:2:11:Infinity":0,"s:5:19:5:Infinity":1,"s:6:18:6:Infinity":2,"b:6:42:6:51:6:51:6:Infinity":0,"s:7:16:7:Infinity":3,"s:8:4:8:Infinity":4,"s:10:4:10:Infinity":5,"f:14:16:14:26":1,"b:14:62:14:73":1,"s:15:2:26:Infinity":6,"s:16:19:19:Infinity":7,"b:20:4:22:Infinity:undefined:undefined:undefined:undefined":2,"s:20:4:22:Infinity":8,"s:21:6:21:Infinity":9,"s:23:4:23:Infinity":10,"s:25:4:25:Infinity":11}}}
,"/Users/jigneshdhamecha/work/PROD_APPS/devtools_hub/src/utils/converters/html.ts": {"path":"/Users/jigneshdhamecha/work/PROD_APPS/devtools_hub/src/utils/converters/html.ts","statementMap":{"0":{"start":{"line":1,"column":48},"end":{"line":8,"column":null}},"1":{"start":{"line":10,"column":55},"end":{"line":17,"column":null}},"2":{"start":{"line":20,"column":2},"end":{"line":20,"column":null}},"3":{"start":{"line":20,"column":45},"end":{"line":20,"column":63}},"4":{"start":{"line":24,"column":2},"end":{"line":36,"column":null}},"5":{"start":{"line":25,"column":4},"end":{"line":27,"column":null}},"6":{"start":{"line":26,"column":6},"end":{"line":26,"column":null}},"7":{"start":{"line":29,"column":4},"end":{"line":34,"column":null}},"8":{"start":{"line":30,"column":19},"end":{"line":32,"column":null}},"9":{"start":{"line":33,"column":6},"end":{"line":33,"column":null}},"10":{"start":{"line":35,"column":4},"end":{"line":35,"column":null}}},"fnMap":{"0":{"name":"encodeHtml","decl":{"start":{"line":19,"column":16},"end":{"line":19,"column":27}},"loc":{"start":{"line":19,"column":49},"end":{"line":21,"column":null}},"line":19},"1":{"name":"(anonymous_1)","decl":{"start":{"line":20,"column":35},"end":{"line":20,"column":36}},"loc":{"start":{"line":20,"column":45},"end":{"line":20,"column":63}},"line":20},"2":{"name":"decodeHtml","decl":{"start":{"line":23,"column":16},"end":{"line":23,"column":27}},"loc":{"start":{"line":23,"column":49},"end":{"line":37,"column":null}},"line":23},"3":{"name":"(anonymous_3)","decl":{"start":{"line":24,"column":35},"end":{"line":24,"column":36}},"loc":{"start":{"line":24,"column":47},"end":{"line":36,"column":3}},"line":24}},"branchMap":{"0":{"loc":{"start":{"line":25,"column":4},"end":{"line":27,"column":null}},"type":"if","locations":[{"start":{"line":25,"column":4},"end":{"line":27,"column":null}},{"start":{},"end":{}}],"line":25},"1":{"loc":{"start":{"line":29,"column":4},"end":{"line":34,"column":null}},"type":"if","locations":[{"start":{"line":29,"column":4},"end":{"line":34,"column":null}},{"start":{},"end":{}}],"line":29},"2":{"loc":{"start":{"line":30,"column":19},"end":{"line":32,"column":null}},"type":"cond-expr","locations":[{"start":{"line":31,"column":10},"end":{"line":31,"column":null}},{"start":{"line":32,"column":10},"end":{"line":32,"column":null}}],"line":30}},"s":{"0":1,"1":1,"2":19,"3":34,"4":20,"5":36,"6":29,"7":7,"8":6,"9":6,"10":1},"f":{"0":19,"1":34,"2":20,"3":36},"b":{"0":[29,7],"1":[6,1],"2":[3,3]},"meta":{"lastBranch":3,"lastFunction":4,"lastStatement":11,"seen":{"s:1:48:8:Infinity":0,"s:10:55:17:Infinity":1,"f:19:16:19:27":0,"s:20:2:20:Infinity":2,"f:20:35:20:36":1,"s:20:45:20:63":3,"f:23:16:23:27":2,"s:24:2:36:Infinity":4,"f:24:35:24:36":3,"b:25:4:27:Infinity:undefined:undefined:undefined:undefined":0,"s:25:4:27:Infinity":5,"s:26:6:26:Infinity":6,"b:29:4:34:Infinity:undefined:undefined:undefined:undefined":1,"s:29:4:34:Infinity":7,"s:30:19:32:Infinity":8,"b:31:10:31:Infinity:32:10:32:Infinity":2,"s:33:6:33:Infinity":9,"s:35:4:35:Infinity":10}}}
,"/Users/jigneshdhamecha/work/PROD_APPS/devtools_hub/src/utils/converters/numberBase.ts": {"path":"/Users/jigneshdhamecha/work/PROD_APPS/devtools_hub/src/utils/converters/numberBase.ts","statementMap":{"0":{"start":{"line":2,"column":2},"end":{"line":2,"column":null}},"1":{"start":{"line":6,"column":2},"end":{"line":6,"column":null}},"2":{"start":{"line":10,"column":2},"end":{"line":10,"column":null}},"3":{"start":{"line":14,"column":2},"end":{"line":14,"column":null}},"4":{"start":{"line":18,"column":2},"end":{"line":18,"column":null}},"5":{"start":{"line":22,"column":2},"end":{"line":22,"column":null}},"6":{"start":{"line":31,"column":2},"end":{"line":45,"column":null}},"7":{"start":{"line":32,"column":20},"end":{"line":32,"column":null}},"8":{"start":{"line":33,"column":4},"end":{"line":35,"column":null}},"9":{"start":{"line":34,"column":6},"end":{"line":34,"column":null}},"10":{"start":{"line":37,"column":4},"end":{"line":42,"column":null}},"11":{"start":{"line":44,"column":4},"end":{"line":44,"column":null}}},"fnMap":{"0":{"name":"decimalToBinary","decl":{"start":{"line":1,"column":16},"end":{"line":1,"column":32}},"loc":{"start":{"line":1,"column":53},"end":{"line":3,"column":null}},"line":1},"1":{"name":"decimalToOctal","decl":{"start":{"line":5,"column":16},"end":{"line":5,"column":31}},"loc":{"start":{"line":5,"column":52},"end":{"line":7,"column":null}},"line":5},"2":{"name":"decimalToHex","decl":{"start":{"line":9,"column":16},"end":{"line":9,"column":29}},"loc":{"start":{"line":9,"column":50},"end":{"line":11,"column":null}},"line":9},"3":{"name":"binaryToDecimal","decl":{"start":{"line":13,"column":16},"end":{"line":13,"column":32}},"loc":{"start":{"line":13,"column":56},"end":{"line":15,"column":null}},"line":13},"4":{"name":"octalToDecimal","decl":{"start":{"line":17,"column":16},"end":{"line":17,"column":31}},"loc":{"start":{"line":17,"column":54},"end":{"line":19,"column":null}},"line":17},"5":{"name":"hexToDecimal","decl":{"start":{"line":21,"column":16},"end":{"line":21,"column":29}},"loc":{"start":{"line":21,"column":50},"end":{"line":23,"column":null}},"line":21},"6":{"name":"convertBase","decl":{"start":{"line":25,"column":16},"end":{"line":25,"column":28}},"loc":{"start":{"line":30,"column":2},"end":{"line":46,"column":null}},"line":30}},"branchMap":{"0":{"loc":{"start":{"line":33,"column":4},"end":{"line":35,"column":null}},"type":"if","locations":[{"start":{"line":33,"column":4},"end":{"line":35,"column":null}},{"start":{},"end":{}}],"line":33}},"s":{"0":13,"1":12,"2":14,"3":12,"4":11,"5":13,"6":8,"7":8,"8":8,"9":3,"10":5,"11":3},"f":{"0":13,"1":12,"2":14,"3":12,"4":11,"5":13,"6":8},"b":{"0":[3,5]},"meta":{"lastBranch":1,"lastFunction":7,"lastStatement":12,"seen":{"f:1:16:1:32":0,"s:2:2:2:Infinity":0,"f:5:16:5:31":1,"s:6:2:6:Infinity":1,"f:9:16:9:29":2,"s:10:2:10:Infinity":2,"f:13:16:13:32":3,"s:14:2:14:Infinity":3,"f:17:16:17:31":4,"s:18:2:18:Infinity":4,"f:21:16:21:29":5,"s:22:2:22:Infinity":5,"f:25:16:25:28":6,"s:31:2:45:Infinity":6,"s:32:20:32:Infinity":7,"b:33:4:35:Infinity:undefined:undefined:undefined:undefined":0,"s:33:4:35:Infinity":8,"s:34:6:34:Infinity":9,"s:37:4:42:Infinity":10,"s:44:4:44:Infinity":11}}}
,"/Users/jigneshdhamecha/work/PROD_APPS/devtools_hub/src/utils/converters/units.ts": {"path":"/Users/jigneshdhamecha/work/PROD_APPS/devtools_hub/src/utils/converters/units.ts","statementMap":{"0":{"start":{"line":10,"column":100},"end":{"line":69,"column":null}},"1":{"start":{"line":14,"column":69},"end":{"line":14,"column":79}},"2":{"start":{"line":14,"column":96},"end":{"line":14,"column":105}},"3":{"start":{"line":15,"column":69},"end":{"line":15,"column":78}},"4":{"start":{"line":15,"column":95},"end":{"line":15,"column":103}},"5":{"start":{"line":16,"column":58},"end":{"line":16,"column":61}},"6":{"start":{"line":16,"column":78},"end":{"line":16,"column":80}},"7":{"start":{"line":17,"column":67},"end":{"line":17,"column":77}},"8":{"start":{"line":17,"column":94},"end":{"line":17,"column":103}},"9":{"start":{"line":18,"column":57},"end":{"line":18,"column":69}},"10":{"start":{"line":18,"column":86},"end":{"line":18,"column":97}},"11":{"start":{"line":19,"column":57},"end":{"line":19,"column":69}},"12":{"start":{"line":19,"column":86},"end":{"line":19,"column":97}},"13":{"start":{"line":20,"column":57},"end":{"line":20,"column":69}},"14":{"start":{"line":20,"column":86},"end":{"line":20,"column":97}},"15":{"start":{"line":21,"column":57},"end":{"line":21,"column":71}},"16":{"start":{"line":21,"column":88},"end":{"line":21,"column":101}},"17":{"start":{"line":27,"column":67},"end":{"line":27,"column":77}},"18":{"start":{"line":27,"column":94},"end":{"line":27,"column":103}},"19":{"start":{"line":28,"column":56},"end":{"line":28,"column":59}},"20":{"start":{"line":28,"column":76},"end":{"line":28,"column":78}},"21":{"start":{"line":29,"column":65},"end":{"line":29,"column":75}},"22":{"start":{"line":29,"column":92},"end":{"line":29,"column":101}},"23":{"start":{"line":30,"column":59},"end":{"line":30,"column":72}},"24":{"start":{"line":30,"column":89},"end":{"line":30,"column":101}},"25":{"start":{"line":31,"column":59},"end":{"line":31,"column":72}},"26":{"start":{"line":31,"column":89},"end":{"line":31,"column":101}},"27":{"start":{"line":32,"column":54},"end":{"line":32,"column":67}},"28":{"start":{"line":32,"column":84},"end":{"line":32,"column":96}},"29":{"start":{"line":41,"column":23},"end":{"line":41,"column":null}},"30":{"start":{"line":42,"column":25},"end":{"line":42,"column":null}},"31":{"start":{"line":47,"column":17},"end":{"line":47,"column":null}},"32":{"start":{"line":48,"column":25},"end":{"line":48,"column":null}},"33":{"start":{"line":53,"column":23},"end":{"line":53,"column":null}},"34":{"start":{"line":54,"column":25},"end":{"line":54,"column":null}},"35":{"start":{"line":61,"column":56},"end":{"line":61,"column":63}},"36":{"start":{"line":61,"column":80},"end":{"line":61,"column":86}},"37":{"start":{"line":62,"column":56},"end":{"line":62,"column":59}},"38":{"start":{"line":62,"column":76},"end":{"line":62,"column":78}},"39":{"start":{"line":63,"column":65},"end":{"line":63,"column":75}},"40":{"start":{"line":63,"column":92},"end":{"line":63,"column":101}},"41":{"start":{"line":64,"column":65},"end":{"line":64,"column":82}},"42":{"start":{"line":64,"column":99},"end":{"line":64,"column":117}},"43":{"start":{"line":65,"column":65},"end":{"line":65,"column":89}},"44":{"start":{"line":65,"column":106},"end":{"line":65,"column":131}},"45":{"start":{"line":66,"column":65},"end":{"line":66,"column":96}},"46":{"start":{"line":66,"column":113},"end":{"line":66,"column":145}},"47":{"start":{"line":77,"column":16},"end":{"line":77,"column":null}},"48":{"start":{"line":78,"column":15},"end":{"line":78,"column":null}},"49":{"start":{"line":79,"column":13},"end":{"line":79,"column":null}},"50":{"start":{"line":81,"column":2},"end":{"line":83,"column":null}},"51":{"start":{"line":82,"column":4},"end":{"line":82,"column":null}},"52":{"start":{"line":85,"column":20},"end":{"line":85,"column":null}},"53":{"start":{"line":86,"column":2},"end":{"line":86,"column":null}}},"fnMap":{"0":{"name":"(anonymous_0)","decl":{"start":{"line":14,"column":62},"end":{"line":14,"column":63}},"loc":{"start":{"line":14,"column":69},"end":{"line":14,"column":79}},"line":14},"1":{"name":"(anonymous_1)","decl":{"start":{"line":14,"column":89},"end":{"line":14,"column":90}},"loc":{"start":{"line":14,"column":96},"end":{"line":14,"column":105}},"line":14},"2":{"name":"(anonymous_2)","decl":{"start":{"line":15,"column":62},"end":{"line":15,"column":63}},"loc":{"start":{"line":15,"column":69},"end":{"line":15,"column":78}},"line":15},"3":{"name":"(anonymous_3)","decl":{"start":{"line":15,"column":88},"end":{"line":15,"column":89}},"loc":{"start":{"line":15,"column":95},"end":{"line":15,"column":103}},"line":15},"4":{"name":"(anonymous_4)","decl":{"start":{"line":16,"column":51},"end":{"line":16,"column":52}},"loc":{"start":{"line":16,"column":58},"end":{"line":16,"column":61}},"line":16},"5":{"name":"(anonymous_5)","decl":{"start":{"line":16,"column":71},"end":{"line":16,"column":72}},"loc":{"start":{"line":16,"column":78},"end":{"line":16,"column":80}},"line":16},"6":{"name":"(anonymous_6)","decl":{"start":{"line":17,"column":60},"end":{"line":17,"column":61}},"loc":{"start":{"line":17,"column":67},"end":{"line":17,"column":77}},"line":17},"7":{"name":"(anonymous_7)","decl":{"start":{"line":17,"column":87},"end":{"line":17,"column":88}},"loc":{"start":{"line":17,"column":94},"end":{"line":17,"column":103}},"line":17},"8":{"name":"(anonymous_8)","decl":{"start":{"line":18,"column":50},"end":{"line":18,"column":51}},"loc":{"start":{"line":18,"column":57},"end":{"line":18,"column":69}},"line":18},"9":{"name":"(anonymous_9)","decl":{"start":{"line":18,"column":79},"end":{"line":18,"column":80}},"loc":{"start":{"line":18,"column":86},"end":{"line":18,"column":97}},"line":18},"10":{"name":"(anonymous_10)","decl":{"start":{"line":19,"column":50},"end":{"line":19,"column":51}},"loc":{"start":{"line":19,"column":57},"end":{"line":19,"column":69}},"line":19},"11":{"name":"(anonymous_11)","decl":{"start":{"line":19,"column":79},"end":{"line":19,"column":80}},"loc":{"start":{"line":19,"column":86},"end":{"line":19,"column":97}},"line":19},"12":{"name":"(anonymous_12)","decl":{"start":{"line":20,"column":50},"end":{"line":20,"column":51}},"loc":{"start":{"line":20,"column":57},"end":{"line":20,"column":69}},"line":20},"13":{"name":"(anonymous_13)","decl":{"start":{"line":20,"column":79},"end":{"line":20,"column":80}},"loc":{"start":{"line":20,"column":86},"end":{"line":20,"column":97}},"line":20},"14":{"name":"(anonymous_14)","decl":{"start":{"line":21,"column":50},"end":{"line":21,"column":51}},"loc":{"start":{"line":21,"column":57},"end":{"line":21,"column":71}},"line":21},"15":{"name":"(anonymous_15)","decl":{"start":{"line":21,"column":81},"end":{"line":21,"column":82}},"loc":{"start":{"line":21,"column":88},"end":{"line":21,"column":101}},"line":21},"16":{"name":"(anonymous_16)","decl":{"start":{"line":27,"column":60},"end":{"line":27,"column":61}},"loc":{"start":{"line":27,"column":67},"end":{"line":27,"column":77}},"line":27},"17":{"name":"(anonymous_17)","decl":{"start":{"line":27,"column":87},"end":{"line":27,"column":88}},"loc":{"start":{"line":27,"column":94},"end":{"line":27,"column":103}},"line":27},"18":{"name":"(anonymous_18)","decl":{"start":{"line":28,"column":49},"end":{"line":28,"column":50}},"loc":{"start":{"line":28,"column":56},"end":{"line":28,"column":59}},"line":28},"19":{"name":"(anonymous_19)","decl":{"start":{"line":28,"column":69},"end":{"line":28,"column":70}},"loc":{"start":{"line":28,"column":76},"end":{"line":28,"column":78}},"line":28},"20":{"name":"(anonymous_20)","decl":{"start":{"line":29,"column":58},"end":{"line":29,"column":59}},"loc":{"start":{"line":29,"column":65},"end":{"line":29,"column":75}},"line":29},"21":{"name":"(anonymous_21)","decl":{"start":{"line":29,"column":85},"end":{"line":29,"column":86}},"loc":{"start":{"line":29,"column":92},"end":{"line":29,"column":101}},"line":29},"22":{"name":"(anonymous_22)","decl":{"start":{"line":30,"column":52},"end":{"line":30,"column":53}},"loc":{"start":{"line":30,"column":59},"end":{"line":30,"column":72}},"line":30},"23":{"name":"(anonymous_23)","decl":{"start":{"line":30,"column":82},"end":{"line":30,"column":83}},"loc":{"start":{"line":30,"column":89},"end":{"line":30,"column":101}},"line":30},"24":{"name":"(anonymous_24)","decl":{"start":{"line":31,"column":52},"end":{"line":31,"column":53}},"loc":{"start":{"line":31,"column":59},"end":{"line":31,"column":72}},"line":31},"25":{"name":"(anonymous_25)","decl":{"start":{"line":31,"column":82},"end":{"line":31,"column":83}},"loc":{"start":{"line":31,"column":89},"end":{"line":31,"column":101}},"line":31},"26":{"name":"(anonymous_26)","decl":{"start":{"line":32,"column":47},"end":{"line":32,"column":48}},"loc":{"start":{"line":32,"column":54},"end":{"line":32,"column":67}},"line":32},"27":{"name":"(anonymous_27)","decl":{"start":{"line":32,"column":77},"end":{"line":32,"column":78}},"loc":{"start":{"line":32,"column":84},"end":{"line":32,"column":96}},"line":32},"28":{"name":"(anonymous_28)","decl":{"start":{"line":41,"column":16},"end":{"line":41,"column":17}},"loc":{"start":{"line":41,"column":23},"end":{"line":41,"column":null}},"line":41},"29":{"name":"(anonymous_29)","decl":{"start":{"line":42,"column":18},"end":{"line":42,"column":19}},"loc":{"start":{"line":42,"column":25},"end":{"line":42,"column":null}},"line":42},"30":{"name":"(anonymous_30)","decl":{"start":{"line":47,"column":16},"end":{"line":47,"column":17}},"loc":{"start":{"line":47,"column":17},"end":{"line":47,"column":null}},"line":47},"31":{"name":"(anonymous_31)","decl":{"start":{"line":48,"column":18},"end":{"line":48,"column":19}},"loc":{"start":{"line":48,"column":25},"end":{"line":48,"column":null}},"line":48},"32":{"name":"(anonymous_32)","decl":{"start":{"line":53,"column":16},"end":{"line":53,"column":17}},"loc":{"start":{"line":53,"column":23},"end":{"line":53,"column":null}},"line":53},"33":{"name":"(anonymous_33)","decl":{"start":{"line":54,"column":18},"end":{"line":54,"column":19}},"loc":{"start":{"line":54,"column":25},"end":{"line":54,"column":null}},"line":54},"34":{"name":"(anonymous_34)","decl":{"start":{"line":61,"column":49},"end":{"line":61,"column":50}},"loc":{"start":{"line":61,"column":56},"end":{"line":61,"column":63}},"line":61},"35":{"name":"(anonymous_35)","decl":{"start":{"line":61,"column":73},"end":{"line":61,"column":74}},"loc":{"start":{"line":61,"column":80},"end":{"line":61,"column":86}},"line":61},"36":{"name":"(anonymous_36)","decl":{"start":{"line":62,"column":49},"end":{"line":62,"column":50}},"loc":{"start":{"line":62,"column":56},"end":{"line":62,"column":59}},"line":62},"37":{"name":"(anonymous_37)","decl":{"start":{"line":62,"column":69},"end":{"line":62,"column":70}},"loc":{"start":{"line":62,"column":76},"end":{"line":62,"column":78}},"line":62},"38":{"name":"(anonymous_38)","decl":{"start":{"line":63,"column":58},"end":{"line":63,"column":59}},"loc":{"start":{"line":63,"column":65},"end":{"line":63,"column":75}},"line":63},"39":{"name":"(anonymous_39)","decl":{"start":{"line":63,"column":85},"end":{"line":63,"column":86}},"loc":{"start":{"line":63,"column":92},"end":{"line":63,"column":101}},"line":63},"40":{"name":"(anonymous_40)","decl":{"start":{"line":64,"column":58},"end":{"line":64,"column":59}},"loc":{"start":{"line":64,"column":65},"end":{"line":64,"column":82}},"line":64},"41":{"name":"(anonymous_41)","decl":{"start":{"line":64,"column":92},"end":{"line":64,"column":93}},"loc":{"start":{"line":64,"column":99},"end":{"line":64,"column":117}},"line":64},"42":{"name":"(anonymous_42)","decl":{"start":{"line":65,"column":58},"end":{"line":65,"column":59}},"loc":{"start":{"line":65,"column":65},"end":{"line":65,"column":89}},"line":65},"43":{"name":"(anonymous_43)","decl":{"start":{"line":65,"column":99},"end":{"line":65,"column":100}},"loc":{"start":{"line":65,"column":106},"end":{"line":65,"column":131}},"line":65},"44":{"name":"(anonymous_44)","decl":{"start":{"line":66,"column":58},"end":{"line":66,"column":59}},"loc":{"start":{"line":66,"column":65},"end":{"line":66,"column":96}},"line":66},"45":{"name":"(anonymous_45)","decl":{"start":{"line":66,"column":106},"end":{"line":66,"column":107}},"loc":{"start":{"line":66,"column":113},"end":{"line":66,"column":145}},"line":66},"46":{"name":"convertUnit","decl":{"start":{"line":71,"column":16},"end":{"line":71,"column":null}},"loc":{"start":{"line":76,"column":10},"end":{"line":87,"column":null}},"line":76}},"branchMap":{"0":{"loc":{"start":{"line":81,"column":2},"end":{"line":83,"column":null}},"type":"if","locations":[{"start":{"line":81,"column":2},"end":{"line":83,"column":null}},{"start":{},"end":{}}],"line":81},"1":{"loc":{"start":{"line":81,"column":6},"end":{"line":81,"column":20}},"type":"binary-expr","locations":[{"start":{"line":81,"column":6},"end":{"line":81,"column":15}},{"start":{"line":81,"column":15},"end":{"line":81,"column":20}}],"line":81}},"s":{"0":1,"1":0,"2":1,"3":1,"4":2,"5":3,"6":4,"7":1,"8":2,"9":1,"10":0,"11":1,"12":0,"13":1,"14":0,"15":1,"16":0,"17":0,"18":1,"19":2,"20":3,"21":1,"22":2,"23":1,"24":0,"25":1,"26":0,"27":1,"28":0,"29":4,"30":3,"31":2,"32":3,"33":1,"34":1,"35":1,"36":1,"37":2,"38":2,"39":2,"40":1,"41":1,"42":1,"43":1,"44":1,"45":0,"46":1,"47":31,"48":31,"49":31,"50":31,"51":2,"52":29,"53":29},"f":{"0":0,"1":1,"2":1,"3":2,"4":3,"5":4,"6":1,"7":2,"8":1,"9":0,"10":1,"11":0,"12":1,"13":0,"14":1,"15":0,"16":0,"17":1,"18":2,"19":3,"20":1,"21":2,"22":1,"23":0,"24":1,"25":0,"26":1,"27":0,"28":4,"29":3,"30":2,"31":3,"32":1,"33":1,"34":1,"35":1,"36":2,"37":2,"38":2,"39":1,"40":1,"41":1,"42":1,"43":1,"44":0,"45":1,"46":31},"b":{"0":[2,29],"1":[31,30]},"meta":{"lastBranch":2,"lastFunction":47,"lastStatement":54,"seen":{"s:10:100:69:Infinity":0,"f:14:62:14:63":0,"s:14:69:14:79":1,"f:14:89:14:90":1,"s:14:96:14:105":2,"f:15:62:15:63":2,"s:15:69:15:78":3,"f:15:88:15:89":3,"s:15:95:15:103":4,"f:16:51:16:52":4,"s:16:58:16:61":5,"f:16:71:16:72":5,"s:16:78:16:80":6,"f:17:60:17:61":6,"s:17:67:17:77":7,"f:17:87:17:88":7,"s:17:94:17:103":8,"f:18:50:18:51":8,"s:18:57:18:69":9,"f:18:79:18:80":9,"s:18:86:18:97":10,"f:19:50:19:51":10,"s:19:57:19:69":11,"f:19:79:19:80":11,"s:19:86:19:97":12,"f:20:50:20:51":12,"s:20:57:20:69":13,"f:20:79:20:80":13,"s:20:86:20:97":14,"f:21:50:21:51":14,"s:21:57:21:71":15,"f:21:81:21:82":15,"s:21:88:21:101":16,"f:27:60:27:61":16,"s:27:67:27:77":17,"f:27:87:27:88":17,"s:27:94:27:103":18,"f:28:49:28:50":18,"s:28:56:28:59":19,"f:28:69:28:70":19,"s:28:76:28:78":20,"f:29:58:29:59":20,"s:29:65:29:75":21,"f:29:85:29:86":21,"s:29:92:29:101":22,"f:30:52:30:53":22,"s:30:59:30:72":23,"f:30:82:30:83":23,"s:30:89:30:101":24,"f:31:52:31:53":24,"s:31:59:31:72":25,"f:31:82:31:83":25,"s:31:89:31:101":26,"f:32:47:32:48":26,"s:32:54:32:67":27,"f:32:77:32:78":27,"s:32:84:32:96":28,"f:41:16:41:17":28,"s:41:23:41:Infinity":29,"f:42:18:42:19":29,"s:42:25:42:Infinity":30,"f:47:16:47:17":30,"s:47:17:47:Infinity":31,"f:48:18:48:19":31,"s:48:25:48:Infinity":32,"f:53:16:53:17":32,"s:53:23:53:Infinity":33,"f:54:18:54:19":33,"s:54:25:54:Infinity":34,"f:61:49:61:50":34,"s:61:56:61:63":35,"f:61:73:61:74":35,"s:61:80:61:86":36,"f:62:49:62:50":36,"s:62:56:62:59":37,"f:62:69:62:70":37,"s:62:76:62:78":38,"f:63:58:63:59":38,"s:63:65:63:75":39,"f:63:85:63:86":39,"s:63:92:63:101":40,"f:64:58:64:59":40,"s:64:65:64:82":41,"f:64:92:64:93":41,"s:64:99:64:117":42,"f:65:58:65:59":42,"s:65:65:65:89":43,"f:65:99:65:100":43,"s:65:106:65:131":44,"f:66:58:66:59":44,"s:66:65:66:96":45,"f:66:106:66:107":45,"s:66:113:66:145":46,"f:71:16:71:Infinity":46,"s:77:16:77:Infinity":47,"s:78:15:78:Infinity":48,"s:79:13:79:Infinity":49,"b:81:2:83:Infinity:undefined:undefined:undefined:undefined":0,"s:81:2:83:Infinity":50,"b:81:6:81:15:81:15:81:20":1,"s:82:4:82:Infinity":51,"s:85:20:85:Infinity":52,"s:86:2:86:Infinity":53}}}
[...]
,"/Users/jigneshdhamecha/work/PROD_APPS/devtools_hub/src/utils/text/case.ts": {"path":"/Users/jigneshdhamecha/work/PROD_APPS/devtools_hub/src/utils/text/case.ts","statementMap":{"0":{"start":{"line":2,"column":2},"end":{"line":6,"column":null}},"1":{"start":{"line":4,"column":6},"end":{"line":4,"column":null}},"2":{"start":{"line":10,"column":2},"end":{"line":12,"column":null}},"3":{"start":{"line":11,"column":46},"end":{"line":11,"column":64}},"4":{"start":{"line":16,"column":2},"end":{"line":20,"column":null}},"5":{"start":{"line":24,"column":2},"end":{"line":28,"column":null}},"6":{"start":{"line":32,"column":2},"end":{"line":32,"column":null}},"7":{"start":{"line":36,"column":2},"end":{"line":38,"column":null}},"8":{"start":{"line":37,"column":4},"end":{"line":37,"column":null}},"9":{"start":{"line":42,"column":2},"end":{"line":42,"column":null}},"10":{"start":{"line":46,"column":2},"end":{"line":46,"column":null}}},"fnMap":{"0":{"name":"toCamelCase","decl":{"start":{"line":1,"column":16},"end":{"line":1,"column":28}},"loc":{"start":{"line":1,"column":49},"end":{"line":7,"column":null}},"line":1},"1":{"name":"(anonymous_1)","decl":{"start":{"line":3,"column":36},"end":{"line":3,"column":37}},"loc":{"start":{"line":3,"column":53},"end":{"line":5,"column":5}},"line":3},"2":{"name":"toPascalCase","decl":{"start":{"line":9,"column":16},"end":{"line":9,"column":29}},"loc":{"start":{"line":9,"column":50},"end":{"line":13,"column":null}},"line":9},"3":{"name":"(anonymous_3)","decl":{"start":{"line":11,"column":36},"end":{"line":11,"column":37}},"loc":{"start":{"line":11,"column":46},"end":{"line":11,"column":64}},"line":11},"4":{"name":"toSnakeCase","decl":{"start":{"line":15,"column":16},"end":{"line":15,"column":28}},"loc":{"start":{"line":15,"column":49},"end":{"line":21,"column":null}},"line":15},"5":{"name":"toKebabCase","decl":{"start":{"line":23,"column":16},"end":{"line":23,"column":28}},"loc":{"start":{"line":23,"column":49},"end":{"line":29,"column":null}},"line":23},"6":{"name":"toConstantCase","decl":{"start":{"line":31,"column":16},"end":{"line":31,"column":31}},"loc":{"start":{"line":31,"column":52},"end":{"line":33,"column":null}},"line":31},"7":{"name":"toTitleCase","decl":{"start":{"line":35,"column":16},"end":{"line":35,"column":28}},"loc":{"start":{"line":35,"column":49},"end":{"line":39,"column":null}},"line":35},"8":{"name":"(anonymous_8)","decl":{"start":{"line":36,"column":31},"end":{"line":36,"column":32}},"loc":{"start":{"line":36,"column":40},"end":{"line":38,"column":3}},"line":36},"9":{"name":"toLowercase","decl":{"start":{"line":41,"column":16},"end":{"line":41,"column":28}},"loc":{"start":{"line":41,"column":49},"end":{"line":43,"column":null}},"line":41},"10":{"name":"toUppercase","decl":{"start":{"line":45,"column":16},"end":{"line":45,"column":28}},"loc":{"start":{"line":45,"column":49},"end":{"line":47,"column":null}},"line":45}},"branchMap":{"0":{"loc":{"start":{"line":4,"column":13},"end":{"line":4,"column":null}},"type":"cond-expr","locations":[{"start":{"line":4,"column":27},"end":{"line":4,"column":48}},{"start":{"line":4,"column":48},"end":{"line":4,"column":null}}],"line":4}},"s":{"0":8,"1":12,"2":6,"3":8,"4":13,"5":6,"6":6,"7":6,"8":9,"9":4,"10":4},"f":{"0":8,"1":12,"2":6,"3":8,"4":13,"5":6,"6":6,"7":6,"8":9,"9":4,"10":4},"b":{"0":[7,5]},"meta":{"lastBranch":1,"lastFunction":11,"lastStatement":11,"seen":{"f:1:16:1:28":0,"s:2:2:6:Infinity":0,"f:3:36:3:37":1,"s:4:6:4:Infinity":1,"b:4:27:4:48:4:48:4:Infinity":0,"f:9:16:9:29":2,"s:10:2:12:Infinity":2,"f:11:36:11:37":3,"s:11:46:11:64":3,"f:15:16:15:28":4,"s:16:2:20:Infinity":4,"f:23:16:23:28":5,"s:24:2:28:Infinity":5,"f:31:16:31:31":6,"s:32:2:32:Infinity":6,"f:35:16:35:28":7,"s:36:2:38:Infinity":7,"f:36:31:36:32":8,"s:37:4:37:Infinity":8,"f:41:16:41:28":9,"s:42:2:42:Infinity":9,"f:45:16:45:28":10,"s:46:2:46:Infinity":10}}}
,"/Users/jigneshdhamecha/work/PROD_APPS/devtools_hub/src/utils/text/counter.ts": {"path":"/Users/jigneshdhamecha/work/PROD_APPS/devtools_hub/src/utils/text/counter.ts","statementMap":{"0":{"start":{"line":12,"column":21},"end":{"line":12,"column":null}},"1":{"start":{"line":13,"column":29},"end":{"line":13,"column":null}},"2":{"start":{"line":15,"column":16},"end":{"line":15,"column":null}},"3":{"start":{"line":17,"column":16},"end":{"line":17,"column":null}},"4":{"start":{"line":19,"column":20},"end":{"line":21,"column":null}},"5":{"start":{"line":21,"column":39},"end":{"line":21,"column":58}},"6":{"start":{"line":23,"column":21},"end":{"line":25,"column":null}},"7":{"start":{"line":25,"column":40},"end":{"line":25,"column":59}},"8":{"start":{"line":28,"column":22},"end":{"line":28,"column":null}},"9":{"start":{"line":30,"column":2},"end":{"line":38,"column":null}}},"fnMap":{"0":{"name":"countText","decl":{"start":{"line":11,"column":16},"end":{"line":11,"column":26}},"loc":{"start":{"line":11,"column":51},"end":{"line":39,"column":null}},"line":11},"1":{"name":"(anonymous_1)","decl":{"start":{"line":21,"column":34},"end":{"line":21,"column":39}},"loc":{"start":{"line":21,"column":39},"end":{"line":21,"column":58}},"line":21},"2":{"name":"(anonymous_2)","decl":{"start":{"line":25,"column":35},"end":{"line":25,"column":40}},"loc":{"start":{"line":25,"column":40},"end":{"line":25,"column":59}},"line":25}},"branchMap":{"0":{"loc":{"start":{"line":15,"column":16},"end":{"line":15,"column":null}},"type":"cond-expr","locations":[{"start":{"line":15,"column":37},"end":{"line":15,"column":41}},{"start":{"line":15,"column":41},"end":{"line":15,"column":null}}],"line":15},"1":{"loc":{"start":{"line":17,"column":16},"end":{"line":17,"column":null}},"type":"cond-expr","locations":[{"start":{"line":17,"column":30},"end":{"line":17,"column":34}},{"start":{"line":17,"column":34},"end":{"line":17,"column":null}}],"line":17},"2":{"loc":{"start":{"line":19,"column":20},"end":{"line":21,"column":null}},"type":"cond-expr","locations":[{"start":{"line":20,"column":6},"end":{"line":20,"column":null}},{"start":{"line":21,"column":6},"end":{"line":21,"column":null}}],"line":19},"3":{"loc":{"start":{"line":23,"column":21},"end":{"line":25,"column":null}},"type":"cond-expr","locations":[{"start":{"line":24,"column":6},"end":{"line":24,"column":null}},{"start":{"line":25,"column":6},"end":{"line":25,"column":null}}],"line":23}},"s":{"0":17,"1":17,"2":17,"3":17,"4":17,"5":23,"6":17,"7":16,"8":17,"9":17},"f":{"0":17,"1":23,"2":16},"b":{"0":[3,14],"1":[1,16],"2":[3,14],"3":[3,14]},"meta":{"lastBranch":4,"lastFunction":3,"lastStatement":10,"seen":{"f:11:16:11:26":0,"s:12:21:12:Infinity":0,"s:13:29:13:Infinity":1,"s:15:16:15:Infinity":2,"b:15:37:15:41:15:41:15:Infinity":0,"s:17:16:17:Infinity":3,"b:17:30:17:34:17:34:17:Infinity":1,"s:19:20:21:Infinity":4,"b:20:6:20:Infinity:21:6:21:Infinity":2,"f:21:34:21:39":1,"s:21:39:21:58":5,"s:23:21:25:Infinity":6,"b:24:6:24:Infinity:25:6:25:Infinity":3,"f:25:35:25:40":2,"s:25:40:25:59":7,"s:28:22:28:Infinity":8,"s:30:2:38:Infinity":9}}}
,"/Users/jigneshdhamecha/work/PROD_APPS/devtools_hub/src/utils/text/diff.ts": {"path":"/Users/jigneshdhamecha/work/PROD_APPS/devtools_hub/src/utils/text/diff.ts","statementMap":{"0":{"start":{"line":18,"column":17},"end":{"line":18,"column":null}},"1":{"start":{"line":19,"column":17},"end":{"line":19,"column":null}},"2":{"start":{"line":21,"column":29},"end":{"line":21,"column":null}},"3":{"start":{"line":22,"column":16},"end":{"line":22,"column":null}},"4":{"start":{"line":25,"column":14},"end":{"line":25,"column":null}},"5":{"start":{"line":27,"column":10},"end":{"line":27,"column":13}},"6":{"start":{"line":27,"column":17},"end":{"line":27,"column":null}},"7":{"start":{"line":28,"column":19},"end":{"line":28,"column":22}},"8":{"start":{"line":28,"column":35},"end":{"line":28,"column":null}},"9":{"start":{"line":30,"column":2},"end":{"line":61,"column":null}},"10":{"start":{"line":31,"column":4},"end":{"line":60,"column":null}},"11":{"start":{"line":33,"column":6},"end":{"line":38,"column":null}},"12":{"start":{"line":39,"column":6},"end":{"line":39,"column":null}},"13":{"start":{"line":40,"column":6},"end":{"line":40,"column":null}},"14":{"start":{"line":41,"column":6},"end":{"line":41,"column":null}},"15":{"start":{"line":42,"column":4},"end":{"line":60,"column":null}},"16":{"start":{"line":44,"column":6},"end":{"line":48,"column":null}},"17":{"start":{"line":49,"column":6},"end":{"line":49,"column":null}},"18":{"start":{"line":50,"column":6},"end":{"line":50,"column":null}},"19":{"start":{"line":53,"column":6},"end":{"line":57,"column":null}},"20":{"start":{"line":58,"column":6},"end":{"line":58,"column":null}},"21":{"start":{"line":59,"column":6},"end":{"line":59,"column":null}},"22":{"start":{"line":63,"column":2},"end":{"line":63,"column":null}},"23":{"start":{"line":67,"column":12},"end":{"line":67,"column":null}},"24":{"start":{"line":68,"column":12},"end":{"line":68,"column":null}},"25":{"start":{"line":69,"column":25},"end":{"line":69,"column":null}},"26":{"start":{"line":69,"column":56},"end":{"line":69,"column":76}},"27":{"start":{"line":72,"column":2},"end":{"line":80,"column":null}},"28":{"start":{"line":72,"column":15},"end":{"line":72,"column":18}},"29":{"start":{"line":73,"column":4},"end":{"line":79,"column":null}},"30":{"start":{"line":73,"column":17},"end":{"line":73,"column":20}},"31":{"start":{"line":74,"column":6},"end":{"line":78,"column":null}},"32":{"start":{"line":75,"column":8},"end":{"line":75,"column":null}},"33":{"start":{"line":77,"column":8},"end":{"line":77,"column":null}},"34":{"start":{"line":83,"column":21},"end":{"line":83,"column":null}},"35":{"start":{"line":84,"column":10},"end":{"line":84,"column":13}},"36":{"start":{"line":84,"column":17},"end":{"line":84,"column":null}},"37":{"start":{"line":85,"column":2},"end":{"line":95,"column":null}},"38":{"start":{"line":86,"column":4},"end":{"line":94,"column":null}},"39":{"start":{"line":87,"column":6},"end":{"line":87,"column":null}},"40":{"start":{"line":88,"column":6},"end":{"line":88,"column":null}},"41":{"start":{"line":89,"column":6},"end":{"line":89,"column":null}},"42":{"start":{"line":90,"column":4},"end":{"line":94,"column":null}},"43":{"start":{"line":91,"column":6},"end":{"line":91,"column":null}},"44":{"start":{"line":93,"column":6},"end":{"line":93,"column":null}},"45":{"start":{"line":97,"column":2},"end":{"line":97,"column":null}},"46":{"start":{"line":101,"column":2},"end":{"line":101,"column":null}}},"fnMap":{"0":{"name":"diffText","decl":{"start":{"line":17,"column":16},"end":{"line":17,"column":25}},"loc":{"start":{"line":17,"column":67},"end":{"line":64,"column":null}},"line":17},"1":{"name":"computeLCS","decl":{"start":{"line":66,"column":9},"end":{"line":66,"column":20}},"loc":{"start":{"line":66,"column":65},"end":{"line":98,"column":null}},"line":66},"2":{"name":"(anonymous_2)","decl":{"start":{"line":69,"column":50},"end":{"line":69,"column":56}},"loc":{"start":{"line":69,"column":56},"end":{"line":69,"column":76}},"line":69},"3":{"name":"isInLCS","decl":{"start":{"line":100,"column":9},"end":{"line":100,"column":17}},"loc":{"start":{"line":100,"column":59},"end":{"line":102,"column":null}},"line":100}},"branchMap":{"0":{"loc":{"start":{"line":30,"column":9},"end":{"line":30,"column":49}},"type":"binary-expr","locations":[{"start":{"line":30,"column":9},"end":{"line":30,"column":30}},{"start":{"line":30,"column":30},"end":{"line":30,"column":49}}],"line":30},"1":{"loc":{"start":{"line":31,"column":4},"end":{"line":60,"column":null}},"type":"if","locations":[{"start":{"line":31,"column":4},"end":{"line":60,"column":null}},{"start":{"line":42,"column":4},"end":{"line":60,"column":null}}],"line":31},"2":{"loc":{"start":{"line":31,"column":8},"end":{"line":31,"column":75}},"type":"binary-expr","locations":[{"start":{"line":31,"column":8},"end":{"line":31,"column":29}},{"start":{"line":31,"column":29},"end":{"line":31,"column":50}},{"start":{"line":31,"column":50},"end":{"line":31,"column":75}}],"line":31},"3":{"loc":{"start":{"line":42,"column":4},"end":{"line":60,"column":null}},"type":"if","locations":[{"start":{"line":42,"column":4},"end":{"line":60,"column":null}},{"start":{"line":51,"column":11},"end":{"line":60,"column":null}}],"line":42},"4":{"loc":{"start":{"line":42,"column":15},"end":{"line":42,"column":78}},"type":"binary-expr","locations":[{"start":{"line":42,"column":15},"end":{"line":42,"column":38}},{"start":{"line":42,"column":38},"end":{"line":42,"column":59}},{"start":{"line":42,"column":59},"end":{"line":42,"column":78}}],"line":42},"5":{"loc":{"start":{"line":74,"column":6},"end":{"line":78,"column":null}},"type":"if","locations":[{"start":{"line":74,"column":6},"end":{"line":78,"column":null}},{"start":{"line":76,"column":13},"end":{"line":78,"column":null}}],"line":74},"6":{"loc":{"start":{"line":85,"column":9},"end":{"line":85,"column":25}},"type":"binary-expr","locations":[{"start":{"line":85,"column":9},"end":{"line":85,"column":18}},{"start":{"line":85,"column":18},"end":{"line":85,"column":25}}],"line":85},"7":{"loc":{"start":{"line":86,"column":4},"end":{"line":94,"column":null}},"type":"if","locations":[{"start":{"line":86,"column":4},"end":{"line":94,"column":null}},{"start":{"line":90,"column":4},"end":{"line":94,"column":null}}],"line":86},"8":{"loc":{"start":{"line":90,"column":4},"end":{"line":94,"column":null}},"type":"if","locations":[{"start":{"line":90,"column":4},"end":{"line":94,"column":null}},{"start":{"line":92,"column":11},"end":{"line":94,"column":null}}],"line":90}},"s":{"0":14,"1":14,"2":14,"3":14,"4":14,"5":14,"6":14,"7":14,"8":14,"9":14,"10":37,"11":13,"12":13,"13":13,"14":13,"15":24,"16":12,"17":12,"18":12,"19":12,"20":12,"21":12,"22":14,"23":14,"24":14,"25":14,"26":39,"27":14,"28":14,"29":25,"30":25,"31":43,"32":14,"33":29,"34":14,"35":14,"36":14,"37":14,"38":32,"39":14,"40":14,"41":14,"42":18,"43":7,"44":11,"45":14,"46":7},"f":{"0":14,"1":14,"2":39,"3":7},"b":{"0":[14,26],"1":[13,24],"2":[37,25,20],"3":[12,12],"4":[24,19,7],"5":[14,29],"6":[14,35],"7":[14,18],"8":[7,11]},"meta":{"lastBranch":9,"lastFunction":4,"lastStatement":47,"seen":{"f:17:16:17:25":0,"s:18:17:18:Infinity":0,"s:19:17:19:Infinity":1,"s:21:29:21:Infinity":2,"s:22:16:22:Infinity":3,"s:25:14:25:Infinity":4,"s:27:10:27:13":5,"s:27:17:27:Infinity":6,"s:28:19:28:22":7,"s:28:35:28:Infinity":8,"s:30:2:61:Infinity":9,"b:30:9:30:30:30:30:30:49":0,"b:31:4:60:Infinity:42:4:60:Infinity":1,"s:31:4:60:Infinity":10,"b:31:8:31:29:31:29:31:50:31:50:31:75":2,"s:33:6:38:Infinity":11,"s:39:6:39:Infinity":12,"s:40:6:40:Infinity":13,"s:41:6:41:Infinity":14,"b:42:4:60:Infinity:51:11:60:Infinity":3,"s:42:4:60:Infinity":15,"b:42:15:42:38:42:38:42:59:42:59:42:78":4,"s:44:6:48:Infinity":16,"s:49:6:49:Infinity":17,"s:50:6:50:Infinity":18,"s:53:6:57:Infinity":19,"s:58:6:58:Infinity":20,"s:59:6:59:Infinity":21,"s:63:2:63:Infinity":22,"f:66:9:66:20":1,"s:67:12:67:Infinity":23,"s:68:12:68:Infinity":24,"s:69:25:69:Infinity":25,"f:69:50:69:56":2,"s:69:56:69:76":26,"s:72:2:80:Infinity":27,"s:72:15:72:18":28,"s:73:4:79:Infinity":29,"s:73:17:73:20":30,"b:74:6:78:Infinity:76:13:78:Infinity":5,"s:74:6:78:Infinity":31,"s:75:8:75:Infinity":32,"s:77:8:77:Infinity":33,"s:83:21:83:Infinity":34,"s:84:10:84:13":35,"s:84:17:84:Infinity":36,"s:85:2:95:Infinity":37,"b:85:9:85:18:85:18:85:25":6,"b:86:4:94:Infinity:90:4:94:Infinity":7,"s:86:4:94:Infinity":38,"s:87:6:87:Infinity":39,"s:88:6:88:Infinity":40,"s:89:6:89:Infinity":41,"b:90:4:94:Infinity:92:11:94:Infinity":8,"s:90:4:94:Infinity":42,"s:91:6:91:Infinity":43,"s:93:6:93:Infinity":44,"s:97:2:97:Infinity":45,"f:100:9:100:17":3,"s:101:2:101:Infinity":46}}}
,"/Users/jigneshdhamecha/work/PROD_APPS/devtools_hub/src/utils/text/lorem.ts": {"path":"/Users/jigneshdhamecha/work/PROD_APPS/devtools_hub/src/utils/text/lorem.ts","statementMap":{"0":{"start":{"line":1,"column":20},"end":{"line":10,"column":null}},"1":{"start":{"line":13,"column":16},"end":{"line":13,"column":null}},"2":{"start":{"line":14,"column":2},"end":{"line":16,"column":null}},"3":{"start":{"line":14,"column":15},"end":{"line":14,"column":18}},"4":{"start":{"line":15,"column":4},"end":{"line":15,"column":null}},"5":{"start":{"line":17,"column":2},"end":{"line":17,"column":null}},"6":{"start":{"line":21,"column":20},"end":{"line":21,"column":null}},"7":{"start":{"line":22,"column":2},"end":{"line":26,"column":null}},"8":{"start":{"line":22,"column":15},"end":{"line":22,"column":18}},"9":{"start":{"line":23,"column":22},"end":{"line":23,"column":null}},"10":{"start":{"line":24,"column":21},"end":{"line":24,"column":null}},"11":{"start":{"line":25,"column":4},"end":{"line":25,"column":null}},"12":{"start":{"line":27,"column":2},"end":{"line":27,"column":null}},"13":{"start":{"line":31,"column":21},"end":{"line":31,"column":null}},"14":{"start":{"line":32,"column":2},"end":{"line":35,"column":null}},"15":{"start":{"line":32,"column":15},"end":{"line":32,"column":18}},"16":{"start":{"line":33,"column":26},"end":{"line":33,"column":null}},"17":{"start":{"line":34,"column":4},"end":{"line":34,"column":null}},"18":{"start":{"line":36,"column":2},"end":{"line":36,"column":null}}},"fnMap":{"0":{"name":"generateLoremWords","decl":{"start":{"line":12,"column":16},"end":{"line":12,"column":35}},"loc":{"start":{"line":12,"column":58},"end":{"line":18,"column":null}},"line":12},"1":{"name":"generateLoremSentences","decl":{"start":{"line":20,"column":16},"end":{"line":20,"column":39}},"loc":{"start":{"line":20,"column":62},"end":{"line":28,"column":null}},"line":20},"2":{"name":"generateLoremParagraphs","decl":{"start":{"line":30,"column":16},"end":{"line":30,"column":40}},"loc":{"start":{"line":30,"column":63},"end":{"line":37,"column":null}},"line":30}},"branchMap":{},"s":{"0":1,"1":129,"2":129,"3":129,"4":1346,"5":129,"6":36,"7":36,"8":36,"9":122,"10":122,"11":122,"12":36,"13":16,"14":16,"15":16,"16":20,"17":20,"18":16},"f":{"0":129,"1":36,"2":16},"b":{},"meta":{"lastBranch":0,"lastFunction":3,"lastStatement":19,"seen":{"s:1:20:10:Infinity":0,"f:12:16:12:35":0,"s:13:16:13:Infinity":1,"s:14:2:16:Infinity":2,"s:14:15:14:18":3,"s:15:4:15:Infinity":4,"s:17:2:17:Infinity":5,"f:20:16:20:39":1,"s:21:20:21:Infinity":6,"s:22:2:26:Infinity":7,"s:22:15:22:18":8,"s:23:22:23:Infinity":9,"s:24:21:24:Infinity":10,"s:25:4:25:Infinity":11,"s:27:2:27:Infinity":12,"f:30:16:30:40":2,"s:31:21:31:Infinity":13,"s:32:2:35:Infinity":14,"s:32:15:32:18":15,"s:33:26:33:Infinity":16,"s:34:4:34:Infinity":17,"s:36:2:36:Infinity":18}}}
}
